{"target": 0.68463, "params": {"dim_hidden_a2c": 6.455753127848283, "dim_hidden_lstm": 7.176158197442282, "embedding_learning_rate": -3.223551705672128, "embedding_size": 6.078931279210552, "entropy_error_coef": 0.323512348140912, "lstm_learning_rate": -3.3329448804875423, "value_error_coef": 0.6131830389200377}, "datetime": {"datetime": "2022-10-22 02:30:07", "elapsed": 6778.80177, "delta": 189.200427}}
{"target": 0.5096, "params": {"dim_hidden_a2c": 7.676544418695123, "dim_hidden_lstm": 7.295098678880088, "embedding_learning_rate": -3.1803383064981032, "embedding_size": 7.021989075528278, "entropy_error_coef": 0.2838123257586771, "lstm_learning_rate": -2.2821008139557835, "value_error_coef": 0.5558608025734011}, "datetime": {"datetime": "2022-10-22 02:33:27", "elapsed": 6978.634794, "delta": 199.833024}}
{"target": 0.66968, "params": {"dim_hidden_a2c": 8.521627715151629, "dim_hidden_lstm": 8.324292485206792, "embedding_learning_rate": -3.237089906751038, "embedding_size": 8.642129803738223, "entropy_error_coef": 0.4098488424460456, "lstm_learning_rate": -3.2779898815239497, "value_error_coef": 0.7301289929451651}, "datetime": {"datetime": "2022-10-22 02:39:15", "elapsed": 7326.562405, "delta": 347.927611}}
{"target": 0.71895, "params": {"dim_hidden_a2c": 8.262202846770009, "dim_hidden_lstm": 8.658119632630743, "embedding_learning_rate": -2.3629746372464235, "embedding_size": 8.694872101324354, "entropy_error_coef": 0.34314177458011447, "lstm_learning_rate": -2.711727115127128, "value_error_coef": 0.4378467106943388}, "datetime": {"datetime": "2022-10-22 02:46:33", "elapsed": 7764.384238, "delta": 437.821833}}
{"target": 0.63757, "params": {"dim_hidden_a2c": 7.080213795390356, "dim_hidden_lstm": 7.15521379853712, "embedding_learning_rate": -2.2819614365314433, "embedding_size": 8.014453781900762, "entropy_error_coef": 0.4343826338907066, "lstm_learning_rate": -3.264029766380088, "value_error_coef": 0.4818122517148754}, "datetime": {"datetime": "2022-10-22 02:49:51", "elapsed": 7962.460823, "delta": 198.076585}}
{"target": 0.64016, "params": {"dim_hidden_a2c": 8.003717540345002, "dim_hidden_lstm": 8.262172871120335, "embedding_learning_rate": -2.0180814391754236, "embedding_size": 8.451188993483354, "entropy_error_coef": 0.4077159796238995, "lstm_learning_rate": -2.22025769866918, "value_error_coef": 0.7350957026826256}, "datetime": {"datetime": "2022-10-22 02:55:17", "elapsed": 8288.572418, "delta": 326.111595}}
{"target": 0.71063, "params": {"dim_hidden_a2c": 8.743503019924706, "dim_hidden_lstm": 8.476634935806317, "embedding_learning_rate": -3.195750365110764, "embedding_size": 7.798876081878315, "entropy_error_coef": 0.30240691864551517, "lstm_learning_rate": -3.1166934756568683, "value_error_coef": 0.5309838402003642}, "datetime": {"datetime": "2022-10-22 03:01:13", "elapsed": 8643.998629, "delta": 355.426211}}
{"target": 0.72288, "params": {"dim_hidden_a2c": 7.40357651928905, "dim_hidden_lstm": 8.627894603665409, "embedding_learning_rate": -3.25732535381265, "embedding_size": 8.030732533693573, "entropy_error_coef": 0.2885145863587313, "lstm_learning_rate": -2.714348741032413, "value_error_coef": 0.4732773279210458}, "datetime": {"datetime": "2022-10-22 03:07:33", "elapsed": 9024.366854, "delta": 380.368225}}
{"target": 0.69337, "params": {"dim_hidden_a2c": 7.058890579301234, "dim_hidden_lstm": 7.85499301415798, "embedding_learning_rate": -2.191684211677609, "embedding_size": 8.329488472934349, "entropy_error_coef": 0.3810436664317601, "lstm_learning_rate": -3.321166832456488, "value_error_coef": 0.4094955124589541}, "datetime": {"datetime": "2022-10-22 03:12:07", "elapsed": 9298.945948, "delta": 274.579094}}
{"target": 0.57736, "params": {"dim_hidden_a2c": 7.404933247215937, "dim_hidden_lstm": 7.177817937058906, "embedding_learning_rate": -3.1582822824565984, "embedding_size": 8.245141074962767, "entropy_error_coef": 0.2515371778099645, "lstm_learning_rate": -2.001697412332301, "value_error_coef": 0.7004736736868833}, "datetime": {"datetime": "2022-10-22 03:15:29", "elapsed": 9500.022573, "delta": 201.076625}}
{"target": 0.67867, "params": {"dim_hidden_a2c": 8.430065455898081, "dim_hidden_lstm": 7.001345457029, "embedding_learning_rate": -2.9214503192732284, "embedding_size": 7.725569331583277, "entropy_error_coef": 0.4010930230956538, "lstm_learning_rate": -2.874418373034196, "value_error_coef": 0.44129266918974197}, "datetime": {"datetime": "2022-10-22 03:18:46", "elapsed": 9697.60032, "delta": 197.577747}}
{"target": 0.66623, "params": {"dim_hidden_a2c": 7.449625151539655, "dim_hidden_lstm": 8.918769488561534, "embedding_learning_rate": -3.3638713702934195, "embedding_size": 7.826234401172097, "entropy_error_coef": 0.2958988446118991, "lstm_learning_rate": -2.700687870486989, "value_error_coef": 0.5140302547869171}, "datetime": {"datetime": "2022-10-22 03:26:48", "elapsed": 10179.017194, "delta": 481.416874}}
{"target": 0.74965, "params": {"dim_hidden_a2c": 8.57386389923413, "dim_hidden_lstm": 6.055973447534184, "embedding_learning_rate": -3.6571536160403726, "embedding_size": 7.765996217132869, "entropy_error_coef": 0.17574859020370015, "lstm_learning_rate": -2.97113375310505, "value_error_coef": 0.1459707233306357}, "datetime": {"datetime": "2022-10-22 03:29:57", "elapsed": 10368.562511, "delta": 189.545317}}
{"target": 0.46646, "params": {"dim_hidden_a2c": 7.8144128357158475, "dim_hidden_lstm": 7.016280769467578, "embedding_learning_rate": -2.7468563411384075, "embedding_size": 8.822906226632224, "entropy_error_coef": 0.4483139759435897, "lstm_learning_rate": -2.4175556863713177, "value_error_coef": 0.3997187097236361}, "datetime": {"datetime": "2022-10-22 03:33:21", "elapsed": 10572.798125, "delta": 204.235614}}
{"target": 0.54588, "params": {"dim_hidden_a2c": 7.8594570424846335, "dim_hidden_lstm": 7.05186416276116, "embedding_learning_rate": -2.9950275735868384, "embedding_size": 8.182722157087015, "entropy_error_coef": 0.40665655224129643, "lstm_learning_rate": -2.585184989457031, "value_error_coef": 0.735442002081681}, "datetime": {"datetime": "2022-10-22 03:36:43", "elapsed": 10774.891426, "delta": 202.093301}}
{"target": 0.70058, "params": {"dim_hidden_a2c": 8.75380917650726, "dim_hidden_lstm": 7.042945974004196, "embedding_learning_rate": -2.8012748452212692, "embedding_size": 7.852559051152511, "entropy_error_coef": 0.3570297294706023, "lstm_learning_rate": -2.8119265965488696, "value_error_coef": 0.6981055272472183}, "datetime": {"datetime": "2022-10-22 03:40:05", "elapsed": 10976.052025, "delta": 201.160599}}
{"target": 0.72842, "params": {"dim_hidden_a2c": 7.88438227028943, "dim_hidden_lstm": 8.191646961465677, "embedding_learning_rate": -2.533172674048886, "embedding_size": 8.877062141135509, "entropy_error_coef": 0.2635697582081502, "lstm_learning_rate": -3.0032005480561192, "value_error_coef": 0.5342991878187173}, "datetime": {"datetime": "2022-10-22 03:45:49", "elapsed": 11320.017903, "delta": 343.965878}}
{"target": 0.37012, "params": {"dim_hidden_a2c": 8.529360281740203, "dim_hidden_lstm": 8.782071388354346, "embedding_learning_rate": -3.4617714820459096, "embedding_size": 8.59325041408889, "entropy_error_coef": 0.49097573216937956, "lstm_learning_rate": -2.5120921055287004, "value_error_coef": 0.5403143189216673}, "datetime": {"datetime": "2022-10-22 03:53:46", "elapsed": 11797.063178, "delta": 477.045275}}
{"target": 0.65103, "params": {"dim_hidden_a2c": 7.30475587708386, "dim_hidden_lstm": 8.79041035098249, "embedding_learning_rate": -2.0116883974853743, "embedding_size": 8.919213261088283, "entropy_error_coef": 0.4533265361521368, "lstm_learning_rate": -3.324343023526283, "value_error_coef": 0.39771941337181155}, "datetime": {"datetime": "2022-10-22 04:01:46", "elapsed": 12277.973215, "delta": 480.910037}}
{"target": 0.73447, "params": {"dim_hidden_a2c": 7.623188189910117, "dim_hidden_lstm": 7.958230705792527, "embedding_learning_rate": -3.3628514326890984, "embedding_size": 7.051519191270595, "entropy_error_coef": 0.23826303269677385, "lstm_learning_rate": -3.0021081868912094, "value_error_coef": 0.7297656772384524}, "datetime": {"datetime": "2022-10-22 04:06:24", "elapsed": 12555.981211, "delta": 278.007996}}
{"target": 0.61823, "params": {"dim_hidden_a2c": 8.84140262972222, "dim_hidden_lstm": 8.307592929325468, "embedding_learning_rate": -2.7784539142232965, "embedding_size": 8.977544441991261, "entropy_error_coef": 0.42284927819629453, "lstm_learning_rate": -2.540707589990811, "value_error_coef": 0.6981179526748749}, "datetime": {"datetime": "2022-10-22 04:12:39", "elapsed": 12930.773221, "delta": 374.79201}}
{"target": 0.46073, "params": {"dim_hidden_a2c": 7.982802747251752, "dim_hidden_lstm": 8.493435469753122, "embedding_learning_rate": -3.050654561072675, "embedding_size": 8.466231117627549, "entropy_error_coef": 0.31145575207989673, "lstm_learning_rate": -2.3617442485984874, "value_error_coef": 0.47347573332241455}, "datetime": {"datetime": "2022-10-22 04:18:42", "elapsed": 13293.710029, "delta": 362.936808}}
{"target": 0.54389, "params": {"dim_hidden_a2c": 7.842383465027384, "dim_hidden_lstm": 8.939021817702496, "embedding_learning_rate": -2.4834710506913518, "embedding_size": 8.796318658054654, "entropy_error_coef": 0.48837629173353164, "lstm_learning_rate": -2.31809352769673, "value_error_coef": 0.4748042073168115}, "datetime": {"datetime": "2022-10-22 04:27:41", "elapsed": 13832.578509, "delta": 538.86848}}
{"target": 0.66103, "params": {"dim_hidden_a2c": 8.227107051299926, "dim_hidden_lstm": 7.505639839065237, "embedding_learning_rate": -3.2352538945511355, "embedding_size": 7.323532051737881, "entropy_error_coef": 0.3916641705513902, "lstm_learning_rate": -2.5901433831740794, "value_error_coef": 0.5528557297459146}, "datetime": {"datetime": "2022-10-22 04:31:04", "elapsed": 14035.629503, "delta": 203.050994}}
{"target": 0.73106, "params": {"dim_hidden_a2c": 8.273614874013408, "dim_hidden_lstm": 8.799804032388636, "embedding_learning_rate": -2.1517638102291947, "embedding_size": 7.27863942672942, "entropy_error_coef": 0.2873218081156388, "lstm_learning_rate": -3.107949298579883, "value_error_coef": 0.7383904915847066}, "datetime": {"datetime": "2022-10-22 04:38:16", "elapsed": 14467.932102, "delta": 432.302599}}
{"target": 0.5962, "params": {"dim_hidden_a2c": 6.6764486944743915, "dim_hidden_lstm": 6.972804136630507, "embedding_learning_rate": -2.2993347202457652, "embedding_size": 5.7194705583964485, "entropy_error_coef": 0.2668523651759914, "lstm_learning_rate": -2.489570042915568, "value_error_coef": 0.12589569455962474}, "datetime": {"datetime": "2022-10-22 04:41:24", "elapsed": 14655.489056, "delta": 187.556954}}
{"target": 0.63799, "params": {"dim_hidden_a2c": 7.996975381698823, "dim_hidden_lstm": 8.428011903837106, "embedding_learning_rate": -3.327716582799782, "embedding_size": 7.686223670007319, "entropy_error_coef": 0.4095501931483106, "lstm_learning_rate": -2.8646010538312123, "value_error_coef": 0.7420626063952469}, "datetime": {"datetime": "2022-10-22 04:47:12", "elapsed": 15003.493642, "delta": 348.004586}}
{"target": 0.66583, "params": {"dim_hidden_a2c": 7.960369036998353, "dim_hidden_lstm": 8.955079566840855, "embedding_learning_rate": -2.2117725811475397, "embedding_size": 8.094506735861247, "entropy_error_coef": 0.4430764399765822, "lstm_learning_rate": -3.1159342745073246, "value_error_coef": 0.4673437539821464}, "datetime": {"datetime": "2022-10-22 04:55:51", "elapsed": 15522.825378, "delta": 519.331736}}
{"target": 0.68581, "params": {"dim_hidden_a2c": 8.129101602274835, "dim_hidden_lstm": 8.890383768893127, "embedding_learning_rate": -2.260042558755567, "embedding_size": 8.99324434245593, "entropy_error_coef": 0.3949576980353336, "lstm_learning_rate": -3.0533811563790882, "value_error_coef": 0.45717550267119944}, "datetime": {"datetime": "2022-10-22 05:04:35", "elapsed": 16046.770637, "delta": 523.945259}}
{"target": 0.47156, "params": {"dim_hidden_a2c": 7.291235054779028, "dim_hidden_lstm": 7.533026581774097, "embedding_learning_rate": -3.0076239291367357, "embedding_size": 8.197515740636007, "entropy_error_coef": 0.2972707502290425, "lstm_learning_rate": -2.204942603337265, "value_error_coef": 0.7459008114469972}, "datetime": {"datetime": "2022-10-22 05:08:03", "elapsed": 16254.737057, "delta": 207.96642}}
{"target": 0.71563, "params": {"dim_hidden_a2c": 7.566404141446289, "dim_hidden_lstm": 8.134159471401748, "embedding_learning_rate": -2.043166326849684, "embedding_size": 6.506547310486952, "entropy_error_coef": 0.2831610486367522, "lstm_learning_rate": -3.3148937715724056, "value_error_coef": 0.1951307736688979}, "datetime": {"datetime": "2022-10-22 05:12:58", "elapsed": 16549.188789, "delta": 294.451732}}
{"target": 0.70019, "params": {"dim_hidden_a2c": 8.476778415068942, "dim_hidden_lstm": 8.689147664135518, "embedding_learning_rate": -2.6880756273634825, "embedding_size": 7.435845787439783, "entropy_error_coef": 0.3569858198072673, "lstm_learning_rate": -2.819811269671328, "value_error_coef": 0.5679479274612425}, "datetime": {"datetime": "2022-10-22 05:19:42", "elapsed": 16953.132466, "delta": 403.943677}}
{"target": 0.7327, "params": {"dim_hidden_a2c": 7.676228426519856, "dim_hidden_lstm": 8.312259185162407, "embedding_learning_rate": -2.0253473818393006, "embedding_size": 7.213924438100907, "entropy_error_coef": 0.2617646216087415, "lstm_learning_rate": -3.3808778522346374, "value_error_coef": 0.6467508969599516}, "datetime": {"datetime": "2022-10-22 05:24:57", "elapsed": 17268.204597, "delta": 315.072131}}
{"target": 0.53893, "params": {"dim_hidden_a2c": 7.571438102188982, "dim_hidden_lstm": 8.679200200503058, "embedding_learning_rate": -3.063789020881402, "embedding_size": 7.026639874225891, "entropy_error_coef": 0.4603382630491256, "lstm_learning_rate": -2.0180110464178562, "value_error_coef": 0.3858121310583958}, "datetime": {"datetime": "2022-10-22 05:31:28", "elapsed": 17659.049469, "delta": 390.844872}}
{"target": 0.36888, "params": {"dim_hidden_a2c": 7.223920800883579, "dim_hidden_lstm": 8.436660778833994, "embedding_learning_rate": -3.3718477774046054, "embedding_size": 8.7616246617363, "entropy_error_coef": 0.4694572652718172, "lstm_learning_rate": -2.0436942149721014, "value_error_coef": 0.7030843627693114}, "datetime": {"datetime": "2022-10-22 05:37:49", "elapsed": 18040.434368, "delta": 381.384899}}
{"target": 0.60644, "params": {"dim_hidden_a2c": 8.28385660112809, "dim_hidden_lstm": 7.307332895951117, "embedding_learning_rate": -2.781062714989403, "embedding_size": 7.702227248718782, "entropy_error_coef": 0.24995094754788882, "lstm_learning_rate": -2.7763644368169986, "value_error_coef": 0.6780772794845669}, "datetime": {"datetime": "2022-10-22 05:41:11", "elapsed": 18242.011833, "delta": 201.577465}}
{"target": 0.67074, "params": {"dim_hidden_a2c": 7.156075480774961, "dim_hidden_lstm": 7.428764074317672, "embedding_learning_rate": -3.2021264854734195, "embedding_size": 8.358676028658158, "entropy_error_coef": 0.40985062947181805, "lstm_learning_rate": -3.017936503221896, "value_error_coef": 0.7414959600067751}, "datetime": {"datetime": "2022-10-22 05:44:36", "elapsed": 18447.422071, "delta": 205.410238}}
{"target": 0.64117, "params": {"dim_hidden_a2c": 6.799081775904567, "dim_hidden_lstm": 6.400688701124264, "embedding_learning_rate": -2.260744779537087, "embedding_size": 5.792873663164313, "entropy_error_coef": 0.48486946186111873, "lstm_learning_rate": -2.9068820194829574, "value_error_coef": 0.48154537682599846}, "datetime": {"datetime": "2022-10-22 05:47:39", "elapsed": 18630.367502, "delta": 182.945431}}
{"target": 0.47516, "params": {"dim_hidden_a2c": 8.131640115016609, "dim_hidden_lstm": 8.191556066339645, "embedding_learning_rate": -2.808259344446249, "embedding_size": 8.331613653941691, "entropy_error_coef": 0.4563131596837153, "lstm_learning_rate": -2.0277282514533472, "value_error_coef": 0.654353477575981}, "datetime": {"datetime": "2022-10-22 05:53:04", "elapsed": 18955.430432, "delta": 325.06293}}
{"target": 0.66039, "params": {"dim_hidden_a2c": 8.135941154467238, "dim_hidden_lstm": 7.20367560565745, "embedding_learning_rate": -2.3786311976162664, "embedding_size": 8.504143209249364, "entropy_error_coef": 0.41418155165727866, "lstm_learning_rate": -3.404757304658859, "value_error_coef": 0.7320276297051977}, "datetime": {"datetime": "2022-10-22 05:56:29", "elapsed": 19160.21687, "delta": 204.786438}}
{"target": 0.72053, "params": {"dim_hidden_a2c": 7.420821488584956, "dim_hidden_lstm": 7.880535700303888, "embedding_learning_rate": -3.4185229756773676, "embedding_size": 8.887566753840238, "entropy_error_coef": 0.26409647975133654, "lstm_learning_rate": -3.1476957001649, "value_error_coef": 0.5721812989242674}, "datetime": {"datetime": "2022-10-22 06:01:26", "elapsed": 19457.381733, "delta": 297.164863}}
{"target": 0.67039, "params": {"dim_hidden_a2c": 8.476059078044088, "dim_hidden_lstm": 6.592781324435792, "embedding_learning_rate": -2.4525361750508208, "embedding_size": 6.3780641517533905, "entropy_error_coef": 0.3959701710842583, "lstm_learning_rate": -3.065379980608534, "value_error_coef": 0.22656522137503876}, "datetime": {"datetime": "2022-10-22 06:04:34", "elapsed": 19645.290574, "delta": 187.908841}}
{"target": 0.65675, "params": {"dim_hidden_a2c": 8.952056139756856, "dim_hidden_lstm": 8.385999338890912, "embedding_learning_rate": -3.0023803645227742, "embedding_size": 7.418908490992784, "entropy_error_coef": 0.4626024414317521, "lstm_learning_rate": -3.2175779170720733, "value_error_coef": 0.48044128811001874}, "datetime": {"datetime": "2022-10-22 06:10:09", "elapsed": 19980.299321, "delta": 335.008747}}
{"target": 0.3375, "params": {"dim_hidden_a2c": 7.8552311086948015, "dim_hidden_lstm": 7.316707588155552, "embedding_learning_rate": -3.0707520223420053, "embedding_size": 8.983916402604113, "entropy_error_coef": 0.4716739952456828, "lstm_learning_rate": -2.5655949536417664, "value_error_coef": 0.6606233744384437}, "datetime": {"datetime": "2022-10-22 06:13:36", "elapsed": 20187.617948, "delta": 207.318627}}
{"target": 0.66396, "params": {"dim_hidden_a2c": 7.596540800454269, "dim_hidden_lstm": 8.909430285853645, "embedding_learning_rate": -3.1404577757573247, "embedding_size": 7.758206726635047, "entropy_error_coef": 0.3684559941754575, "lstm_learning_rate": -3.331114778260552, "value_error_coef": 0.3847559649434929}, "datetime": {"datetime": "2022-10-22 06:21:28", "elapsed": 20659.343926, "delta": 471.725978}}
{"target": 0.71231, "params": {"dim_hidden_a2c": 7.189350531805543, "dim_hidden_lstm": 7.994775165611506, "embedding_learning_rate": -2.982540053109376, "embedding_size": 7.26454149532486, "entropy_error_coef": 0.3350734327384252, "lstm_learning_rate": -3.077703263843132, "value_error_coef": 0.6360463879255637}, "datetime": {"datetime": "2022-10-22 06:26:12", "elapsed": 20943.45497, "delta": 284.111044}}
{"target": 0.67688, "params": {"dim_hidden_a2c": 8.834676788675347, "dim_hidden_lstm": 8.547326289828465, "embedding_learning_rate": -2.647212872039439, "embedding_size": 7.81363183383047, "entropy_error_coef": 0.4348714864838567, "lstm_learning_rate": -2.7968730561060937, "value_error_coef": 0.47895975068254726}, "datetime": {"datetime": "2022-10-22 06:32:21", "elapsed": 21312.947675, "delta": 369.492705}}
{"target": 0.58469, "params": {"dim_hidden_a2c": 7.546714274999305, "dim_hidden_lstm": 8.307702310715166, "embedding_learning_rate": -2.223614822555668, "embedding_size": 8.593918034822954, "entropy_error_coef": 0.31163217278487165, "lstm_learning_rate": -2.3439229645835735, "value_error_coef": 0.524787658979674}, "datetime": {"datetime": "2022-10-22 06:38:06", "elapsed": 21657.011524, "delta": 344.063849}}
{"target": 0.68741, "params": {"dim_hidden_a2c": 5.776770558418477, "dim_hidden_lstm": 6.038866368746345, "embedding_learning_rate": -2.9572131826776924, "embedding_size": 6.551979318621385, "entropy_error_coef": 0.29437511549906736, "lstm_learning_rate": -2.502219285339553, "value_error_coef": 0.14297548609885308}, "datetime": {"datetime": "2022-10-22 06:41:04", "elapsed": 21835.548037, "delta": 178.536513}}
{"target": 0.67334, "params": {"dim_hidden_a2c": 8.763952583959899, "dim_hidden_lstm": 8.944080545979757, "embedding_learning_rate": -3.0843606790691434, "embedding_size": 7.371176245607547, "entropy_error_coef": 0.39565889514384117, "lstm_learning_rate": -2.9386127418277805, "value_error_coef": 0.5830832426622686}, "datetime": {"datetime": "2022-10-22 06:49:19", "elapsed": 22330.256638, "delta": 494.708601}}
{"target": 0.52627, "params": {"dim_hidden_a2c": 8.197909498665457, "dim_hidden_lstm": 7.000386524734771, "embedding_learning_rate": -3.1002180812551354, "embedding_size": 7.889565815366987, "entropy_error_coef": 0.38604548605623207, "lstm_learning_rate": -2.255136506212979, "value_error_coef": 0.7102400786382431}, "datetime": {"datetime": "2022-10-22 06:52:39", "elapsed": 22530.754451, "delta": 200.497813}}
{"target": 0.723, "params": {"dim_hidden_a2c": 8.032249757922301, "dim_hidden_lstm": 7.8547950613772315, "embedding_learning_rate": -2.8964496207292587, "embedding_size": 7.559182817870727, "entropy_error_coef": 0.32369531603593316, "lstm_learning_rate": -3.3988597880064138, "value_error_coef": 0.713116883801318}, "datetime": {"datetime": "2022-10-22 06:57:17", "elapsed": 22808.729455, "delta": 277.975004}}
{"target": 0.73623, "params": {"dim_hidden_a2c": 6.843910616835156, "dim_hidden_lstm": 8.64176812564651, "embedding_learning_rate": -3.5283263955720887, "embedding_size": 8.191816018240807, "entropy_error_coef": 0.1607125462725636, "lstm_learning_rate": -3.059696226560332, "value_error_coef": 0.4112950304761642}, "datetime": {"datetime": "2022-10-22 07:04:03", "elapsed": 23214.644502, "delta": 405.915047}}
