{"target": 0.2989062404632568, "params": {"dim_hidden_a2c": 6.6680880188102964, "dim_hidden_lstm": 7.881297973768632, "embedding_learning_rate": -4.999656875547966, "embedding_size": 6.209330290527359, "entropy_error_coef": 0.07337794540855652, "lstm_learning_rate": -4.722984215693606, "value_error_coef": 0.13969515853325318}, "datetime": {"datetime": "2022-10-14 00:48:40", "elapsed": 0.0, "delta": 0.0}}
{"target": 0.29767186284065245, "params": {"dim_hidden_a2c": 6.382242908172191, "dim_hidden_lstm": 6.58706989692268, "embedding_learning_rate": -3.383549797989929, "embedding_size": 6.676778057613179, "entropy_error_coef": 0.34260975019837975, "lstm_learning_rate": -4.386643250805448, "value_error_coef": 0.6585880772932091}, "datetime": {"datetime": "2022-10-14 01:08:46", "elapsed": 1205.450965, "delta": 1205.450965}}
{"target": 0.297484367787838, "params": {"dim_hidden_a2c": 5.109550372791705, "dim_hidden_lstm": 7.6818700407136085, "embedding_learning_rate": -3.748085592898619, "embedding_size": 7.234759313783007, "entropy_error_coef": 0.07019346929761688, "lstm_learning_rate": -4.405695532745364, "value_error_coef": 0.6005584265066525}, "datetime": {"datetime": "2022-10-14 01:30:49", "elapsed": 2529.14206, "delta": 1323.691095}}
{"target": 0.3005781196057796, "params": {"dim_hidden_a2c": 6.353362677716987, "dim_hidden_lstm": 7.520197844393073, "embedding_learning_rate": -5.0, "embedding_size": 6.258839986606218, "entropy_error_coef": 0.0659237801708648, "lstm_learning_rate": -4.49591351331667, "value_error_coef": 0.07657151199737475}, "datetime": {"datetime": "2022-10-14 01:52:08", "elapsed": 3808.153465, "delta": 1279.011405}}
{"target": 0.30096874088048936, "params": {"dim_hidden_a2c": 8.060745052476845, "dim_hidden_lstm": 5.438070098815812, "embedding_learning_rate": -3.434058775883778, "embedding_size": 8.072960911063015, "entropy_error_coef": 0.3435695866302311, "lstm_learning_rate": -4.601055377765371, "value_error_coef": 0.15144346576344872}, "datetime": {"datetime": "2022-10-14 02:12:35", "elapsed": 5035.021569, "delta": 1226.868104}}
{"target": 0.5761718827486039, "params": {"dim_hidden_a2c": 8.85976202025233, "dim_hidden_lstm": 5.265198632850973, "embedding_learning_rate": -4.843301046093315, "embedding_size": 7.446159254799902, "entropy_error_coef": 0.28953115377342614, "lstm_learning_rate": -2.4177405830640386, "value_error_coef": 0.30197834982403016}, "datetime": {"datetime": "2022-10-14 02:32:26", "elapsed": 6225.34608, "delta": 1190.324511}}
{"target": 0.2972499957680702, "params": {"dim_hidden_a2c": 9.0, "dim_hidden_lstm": 5.0, "embedding_learning_rate": -5.0, "embedding_size": 5.9714206859175425, "entropy_error_coef": 0.351885008459194, "lstm_learning_rate": -2.0, "value_error_coef": 0.75}, "datetime": {"datetime": "2022-10-14 02:51:10", "elapsed": 7349.286489, "delta": 1123.940409}}
{"target": 0.6191562449932099, "params": {"dim_hidden_a2c": 8.875052017276676, "dim_hidden_lstm": 5.352144217622931, "embedding_learning_rate": -4.891687595182665, "embedding_size": 8.001447257424752, "entropy_error_coef": 0.26023119123794924, "lstm_learning_rate": -2.411517887042833, "value_error_coef": 0.1305422361244296}, "datetime": {"datetime": "2022-10-14 03:11:13", "elapsed": 8552.792074, "delta": 1203.505585}}
{"target": 0.3120156142115593, "params": {"dim_hidden_a2c": 9.0, "dim_hidden_lstm": 6.434901206120361, "embedding_learning_rate": -5.0, "embedding_size": 8.482075864025198, "entropy_error_coef": 0.5, "lstm_learning_rate": -2.0, "value_error_coef": 0.75}, "datetime": {"datetime": "2022-10-14 03:35:03", "elapsed": 9982.43624, "delta": 1429.644166}}
{"target": 0.2982812905311584, "params": {"dim_hidden_a2c": 8.307050811533204, "dim_hidden_lstm": 5.0, "embedding_learning_rate": -5.0, "embedding_size": 7.9513960746257855, "entropy_error_coef": 0.0, "lstm_learning_rate": -2.6836490068367205, "value_error_coef": 0.0}, "datetime": {"datetime": "2022-10-14 03:55:14", "elapsed": 11193.644359, "delta": 1211.208119}}
{"target": 0.5458125215768814, "params": {"dim_hidden_a2c": 8.915587367848046, "dim_hidden_lstm": 5.1065485255887, "embedding_learning_rate": -4.651485851248102, "embedding_size": 7.467552528269609, "entropy_error_coef": 0.3978095808923381, "lstm_learning_rate": -2.612318678899813, "value_error_coef": 0.5611897162245894}, "datetime": {"datetime": "2022-10-14 04:14:40", "elapsed": 12359.212093, "delta": 1165.567734}}
{"target": 0.2980468705296516, "params": {"dim_hidden_a2c": 9.0, "dim_hidden_lstm": 5.384660709128402, "embedding_learning_rate": -4.53393481393188, "embedding_size": 7.847529951472533, "entropy_error_coef": 0.5, "lstm_learning_rate": -2.2333282467680196, "value_error_coef": 0.2124901652724578}, "datetime": {"datetime": "2022-10-14 04:34:34", "elapsed": 13553.337682, "delta": 1194.125589}}
{"target": 0.4663281407952309, "params": {"dim_hidden_a2c": 6.861263461927972, "dim_hidden_lstm": 5.942524014009317, "embedding_learning_rate": -4.423970231069244, "embedding_size": 5.387180199245362, "entropy_error_coef": 0.46385317150554284, "lstm_learning_rate": -3.7128224019780043, "value_error_coef": 0.4472837181685981}, "datetime": {"datetime": "2022-10-14 04:53:19", "elapsed": 14678.450373, "delta": 1125.112691}}
{"target": 0.2962499967217445, "params": {"dim_hidden_a2c": 8.954154019044433, "dim_hidden_lstm": 5.07074535163343, "embedding_learning_rate": -4.860032423353797, "embedding_size": 8.173150378773874, "entropy_error_coef": 0.36176932226418096, "lstm_learning_rate": -2.235156616605588, "value_error_coef": 0.08702467757136578}, "datetime": {"datetime": "2022-10-14 05:13:13", "elapsed": 15872.228335, "delta": 1193.777962}}
{"target": 0.6235625147819519, "params": {"dim_hidden_a2c": 8.311299598380966, "dim_hidden_lstm": 7.365649002710104, "embedding_learning_rate": -3.1589365270664556, "embedding_size": 7.19689040195732, "entropy_error_coef": 0.29900916577142866, "lstm_learning_rate": -3.084752322939937, "value_error_coef": 0.2590091138565887}, "datetime": {"datetime": "2022-10-14 05:34:45", "elapsed": 17164.846383, "delta": 1292.618048}}
{"target": 0.6235625147819519, "params": {"dim_hidden_a2c": 8.311299598380966, "dim_hidden_lstm": 7.365649002710104, "embedding_learning_rate": -3.1589365270664556, "embedding_size": 7.19689040195732, "entropy_error_coef": 0.29900916577142866, "lstm_learning_rate": -3.084752322939937, "value_error_coef": 0.2590091138565887}, "datetime": {"datetime": "2022-10-14 10:46:47", "elapsed": 0.0, "delta": 0.0}}
{"target": 0.6235625147819519, "params": {"dim_hidden_a2c": 8.311299598380966, "dim_hidden_lstm": 7.365649002710104, "embedding_learning_rate": -3.1589365270664556, "embedding_size": 7.19689040195732, "entropy_error_coef": 0.29900916577142866, "lstm_learning_rate": -3.084752322939937, "value_error_coef": 0.2590091138565887}, "datetime": {"datetime": "2022-10-15 23:38:31", "elapsed": 0.0, "delta": 0.0}}
{"target": 0.6235625147819519, "params": {"dim_hidden_a2c": 8.311299598380966, "dim_hidden_lstm": 7.365649002710104, "embedding_learning_rate": -3.1589365270664556, "embedding_size": 7.19689040195732, "entropy_error_coef": 0.29900916577142866, "lstm_learning_rate": -3.084752322939937, "value_error_coef": 0.2590091138565887}, "datetime": {"datetime": "2022-10-15 23:38:31", "elapsed": 0.002, "delta": 0.002}}
{"target": 0.6235625147819519, "params": {"dim_hidden_a2c": 8.311299598380966, "dim_hidden_lstm": 7.365649002710104, "embedding_learning_rate": -3.1589365270664556, "embedding_size": 7.19689040195732, "entropy_error_coef": 0.29900916577142866, "lstm_learning_rate": -3.084752322939937, "value_error_coef": 0.2590091138565887}, "datetime": {"datetime": "2022-10-15 23:38:31", "elapsed": 0.002999, "delta": 0.000999}}
{"target": 0.29962499350309374, "params": {"dim_hidden_a2c": 5.89585506518031, "dim_hidden_lstm": 8.86777052769856, "embedding_learning_rate": -3.3967698699357993, "embedding_size": 7.9936294132172465, "entropy_error_coef": 0.41604303437236156, "lstm_learning_rate": -4.076942068016386, "value_error_coef": 0.4158496715616039}, "datetime": {"datetime": "2022-10-16 00:34:44", "elapsed": 3373.356288, "delta": 3373.353289}}
{"target": 0.29962499350309374, "params": {"dim_hidden_a2c": 5.89585506518031, "dim_hidden_lstm": 8.86777052769856, "embedding_learning_rate": -3.3967698699357993, "embedding_size": 7.9936294132172465, "entropy_error_coef": 0.41604303437236156, "lstm_learning_rate": -4.076942068016386, "value_error_coef": 0.4158496715616039}, "datetime": {"datetime": "2022-10-16 00:35:29", "elapsed": 0.0, "delta": 0.0}}
{"target": 0.29962499350309374, "params": {"dim_hidden_a2c": 5.89585506518031, "dim_hidden_lstm": 8.86777052769856, "embedding_learning_rate": -3.3967698699357993, "embedding_size": 7.9936294132172465, "entropy_error_coef": 0.41604303437236156, "lstm_learning_rate": -4.076942068016386, "value_error_coef": 0.4158496715616039}, "datetime": {"datetime": "2022-10-16 00:35:29", "elapsed": 0.001999, "delta": 0.001999}}
{"target": 0.29962499350309374, "params": {"dim_hidden_a2c": 5.89585506518031, "dim_hidden_lstm": 8.86777052769856, "embedding_learning_rate": -3.3967698699357993, "embedding_size": 7.9936294132172465, "entropy_error_coef": 0.41604303437236156, "lstm_learning_rate": -4.076942068016386, "value_error_coef": 0.4158496715616039}, "datetime": {"datetime": "2022-10-16 00:35:29", "elapsed": 0.001999, "delta": 0.0}}
{"target": 0.5044843736290932, "params": {"dim_hidden_a2c": 8.483367346729228, "dim_hidden_lstm": 5.350381681017058, "embedding_learning_rate": -4.874190802565652, "embedding_size": 7.365642304584023, "entropy_error_coef": 0.23361792701744194, "lstm_learning_rate": -2.3131357019252228, "value_error_coef": 0.1544826734464732}, "datetime": {"datetime": "2022-10-16 00:54:50", "elapsed": 1161.111161, "delta": 1161.109162}}
{"target": 0.2990937453508377, "params": {"dim_hidden_a2c": 8.062023763097898, "dim_hidden_lstm": 5.442919344069299, "embedding_learning_rate": -3.432106434623535, "embedding_size": 8.074222990897974, "entropy_error_coef": 0.34378255248317563, "lstm_learning_rate": -4.597514276229237, "value_error_coef": 0.15225834632345778}, "datetime": {"datetime": "2022-10-16 01:14:38", "elapsed": 2348.912775, "delta": 1187.801614}}
{"target": 0.2978437411785126, "params": {"dim_hidden_a2c": 9.0, "dim_hidden_lstm": 9.0, "embedding_learning_rate": -2.0, "embedding_size": 9.0, "entropy_error_coef": 0.5, "lstm_learning_rate": -2.0, "value_error_coef": 0.75}, "datetime": {"datetime": "2022-10-16 02:27:44", "elapsed": 6735.285069, "delta": 4386.372294}}
{"target": 0.6369843834638595, "params": {"dim_hidden_a2c": 8.816343997350103, "dim_hidden_lstm": 5.385582753783823, "embedding_learning_rate": -4.94307187539068, "embedding_size": 7.7721291686404665, "entropy_error_coef": 0.21191991587963419, "lstm_learning_rate": -2.510340557823885, "value_error_coef": 0.229024447915319}, "datetime": {"datetime": "2022-10-16 02:47:26", "elapsed": 7916.657134, "delta": 1181.372065}}
{"target": 0.2980469155311585, "params": {"dim_hidden_a2c": 6.765737292049332, "dim_hidden_lstm": 7.0358949014067695, "embedding_learning_rate": -3.248615972954119, "embedding_size": 8.357790139044603, "entropy_error_coef": 0.00134845341076556, "lstm_learning_rate": -2.5460236292952145, "value_error_coef": 0.08340295996651595}, "datetime": {"datetime": "2022-10-16 03:10:05", "elapsed": 9275.456991, "delta": 1358.799857}}
{"target": 0.6117968928813934, "params": {"dim_hidden_a2c": 8.559023249867234, "dim_hidden_lstm": 7.4305582611639, "embedding_learning_rate": -3.1147715654359738, "embedding_size": 6.99387622510056, "entropy_error_coef": 0.3265432488326913, "lstm_learning_rate": -3.085229039748346, "value_error_coef": 0.27131103973534226}, "datetime": {"datetime": "2022-10-16 03:31:42", "elapsed": 10573.265471, "delta": 1297.80848}}
{"target": 0.7318281602859497, "params": {"dim_hidden_a2c": 8.951233964797419, "dim_hidden_lstm": 5.6183298558205665, "embedding_learning_rate": -5.0, "embedding_size": 7.969432557787239, "entropy_error_coef": 0.09896742329603274, "lstm_learning_rate": -2.5423949903746172, "value_error_coef": 0.07258624064782586}, "datetime": {"datetime": "2022-10-16 03:52:17", "elapsed": 11807.856102, "delta": 1234.590631}}
{"target": 0.6375625014305115, "params": {"dim_hidden_a2c": 9.0, "dim_hidden_lstm": 5.595739921726442, "embedding_learning_rate": -5.0, "embedding_size": 8.079076185323759, "entropy_error_coef": 0.2699808500295039, "lstm_learning_rate": -2.8300284950011463, "value_error_coef": 0.19675771926110158}, "datetime": {"datetime": "2022-10-16 04:13:00", "elapsed": 13051.268907, "delta": 1243.412805}}
{"target": 0.7744531518220902, "params": {"dim_hidden_a2c": 8.55723781188259, "dim_hidden_lstm": 7.210430025052526, "embedding_learning_rate": -3.6215784184662483, "embedding_size": 7.123749083316374, "entropy_error_coef": 0.15167287316392106, "lstm_learning_rate": -3.028343814103146, "value_error_coef": 0.18237878210652386}, "datetime": {"datetime": "2022-10-16 04:34:22", "elapsed": 14332.501602, "delta": 1281.232695}}
{"target": 0.2976094141602516, "params": {"dim_hidden_a2c": 8.616228749918633, "dim_hidden_lstm": 7.54740465822228, "embedding_learning_rate": -3.677905385413387, "embedding_size": 7.278594467243849, "entropy_error_coef": 0.0, "lstm_learning_rate": -3.145656858812994, "value_error_coef": 0.0}, "datetime": {"datetime": "2022-10-16 04:57:30", "elapsed": 15721.063923, "delta": 1388.562321}}
{"target": 0.6542187511920929, "params": {"dim_hidden_a2c": 8.490945153444255, "dim_hidden_lstm": 7.012822527449015, "embedding_learning_rate": -3.499119677397781, "embedding_size": 7.017288965512493, "entropy_error_coef": 0.2826048606114391, "lstm_learning_rate": -2.9584937902743356, "value_error_coef": 0.32078588460835455}, "datetime": {"datetime": "2022-10-16 05:18:31", "elapsed": 16981.856163, "delta": 1260.79224}}
{"target": 0.6420781356096268, "params": {"dim_hidden_a2c": 8.311768659287422, "dim_hidden_lstm": 7.366762128473431, "embedding_learning_rate": -3.1581471971682404, "embedding_size": 7.198118466033526, "entropy_error_coef": 0.29914605685305273, "lstm_learning_rate": -3.0840135185096185, "value_error_coef": 0.25934351852598425}, "datetime": {"datetime": "2022-10-16 05:40:09", "elapsed": 18279.47161, "delta": 1297.615447}}
{"target": 0.6420781356096268, "params": {"dim_hidden_a2c": 8.311768659287422, "dim_hidden_lstm": 7.366762128473431, "embedding_learning_rate": -3.1581471971682404, "embedding_size": 7.198118466033526, "entropy_error_coef": 0.29914605685305273, "lstm_learning_rate": -3.0840135185096185, "value_error_coef": 0.25934351852598425}, "datetime": {"datetime": "2022-10-16 09:58:09", "elapsed": 0.0, "delta": 0.0}}
{"target": 0.6420781356096268, "params": {"dim_hidden_a2c": 8.311768659287422, "dim_hidden_lstm": 7.366762128473431, "embedding_learning_rate": -3.1581471971682404, "embedding_size": 7.198118466033526, "entropy_error_coef": 0.29914605685305273, "lstm_learning_rate": -3.0840135185096185, "value_error_coef": 0.25934351852598425}, "datetime": {"datetime": "2022-10-16 09:58:09", "elapsed": 0.000999, "delta": 0.000999}}
{"target": 0.7735156613588333, "params": {"dim_hidden_a2c": 8.74631248478984, "dim_hidden_lstm": 6.884535424580447, "embedding_learning_rate": -3.614197007946628, "embedding_size": 7.3228901258459675, "entropy_error_coef": 0.07753150125410196, "lstm_learning_rate": -3.0512720970989187, "value_error_coef": 0.3082690854341952}, "datetime": {"datetime": "2022-10-16 10:24:06", "elapsed": 1556.309735, "delta": 1556.308736}}
{"target": 0.7735156613588333, "params": {"dim_hidden_a2c": 8.74631248478984, "dim_hidden_lstm": 6.884535424580447, "embedding_learning_rate": -3.614197007946628, "embedding_size": 7.3228901258459675, "entropy_error_coef": 0.07753150125410196, "lstm_learning_rate": -3.0512720970989187, "value_error_coef": 0.3082690854341952}, "datetime": {"datetime": "2022-10-16 10:42:09", "elapsed": 0.0, "delta": 0.0}}
{"target": 0.7735156613588333, "params": {"dim_hidden_a2c": 8.74631248478984, "dim_hidden_lstm": 6.884535424580447, "embedding_learning_rate": -3.614197007946628, "embedding_size": 7.3228901258459675, "entropy_error_coef": 0.07753150125410196, "lstm_learning_rate": -3.0512720970989187, "value_error_coef": 0.3082690854341952}, "datetime": {"datetime": "2022-10-16 10:42:09", "elapsed": 0.001002, "delta": 0.001002}}
{"target": 0.5560625255107879, "params": {"dim_hidden_a2c": 8.885315209087445, "dim_hidden_lstm": 6.81656620947102, "embedding_learning_rate": -3.5372507744597197, "embedding_size": 7.2947728027969525, "entropy_error_coef": 0.3829583999368964, "lstm_learning_rate": -2.896455090811709, "value_error_coef": 0.30144066291293925}, "datetime": {"datetime": "2022-10-16 11:03:24", "elapsed": 1275.200609, "delta": 1275.199607}}
{"target": 0.29628124564886094, "params": {"dim_hidden_a2c": 8.062665196845273, "dim_hidden_lstm": 5.445351848737417, "embedding_learning_rate": -3.4311270906264695, "embedding_size": 8.074856082220355, "entropy_error_coef": 0.343889381567777, "lstm_learning_rate": -4.595737969697672, "value_error_coef": 0.15266711112345543}, "datetime": {"datetime": "2022-10-16 11:23:37", "elapsed": 2488.299048, "delta": 1213.098439}}
{"target": 0.55631252348423, "params": {"dim_hidden_a2c": 8.077935691352105, "dim_hidden_lstm": 7.283637384000747, "embedding_learning_rate": -3.1527968096652197, "embedding_size": 7.30593862240292, "entropy_error_coef": 0.37990782393560235, "lstm_learning_rate": -2.794897035432483, "value_error_coef": 0.28580813054656684}, "datetime": {"datetime": "2022-10-16 11:45:17", "elapsed": 3788.678508, "delta": 1300.37946}}
{"target": 0.7593593937158585, "params": {"dim_hidden_a2c": 8.58374143234034, "dim_hidden_lstm": 7.714672723672475, "embedding_learning_rate": -3.2587330983092633, "embedding_size": 7.117507500861494, "entropy_error_coef": 0.2210783878839419, "lstm_learning_rate": -3.035821480242409, "value_error_coef": 0.06766481871801872}, "datetime": {"datetime": "2022-10-16 12:08:00", "elapsed": 5150.923257, "delta": 1362.244749}}
{"target": 0.5809375041723251, "params": {"dim_hidden_a2c": 7.882867728686826, "dim_hidden_lstm": 8.01794664428616, "embedding_learning_rate": -2.6243084991305965, "embedding_size": 8.678894805845427, "entropy_error_coef": 0.2506740219703123, "lstm_learning_rate": -2.2730120388325856, "value_error_coef": 0.41670120629355845}, "datetime": {"datetime": "2022-10-16 12:44:16", "elapsed": 7327.563203, "delta": 2176.639946}}
{"target": 0.6061562657356262, "params": {"dim_hidden_a2c": 8.516190435984461, "dim_hidden_lstm": 7.401788662375875, "embedding_learning_rate": -2.849571099545354, "embedding_size": 7.1381129370757135, "entropy_error_coef": 0.33467615447694943, "lstm_learning_rate": -3.227509287727079, "value_error_coef": 0.2202675296891046}, "datetime": {"datetime": "2022-10-16 13:06:12", "elapsed": 8642.85599, "delta": 1315.292787}}
{"target": 0.5941093903779984, "params": {"dim_hidden_a2c": 8.681213114511733, "dim_hidden_lstm": 6.753695184997736, "embedding_learning_rate": -3.5779861028870283, "embedding_size": 7.204688455171495, "entropy_error_coef": 0.34008727473558475, "lstm_learning_rate": -2.886454723135551, "value_error_coef": 0.37017623065510274}, "datetime": {"datetime": "2022-10-16 13:27:18", "elapsed": 9908.734599, "delta": 1265.878609}}
{"target": 0.6938281345367432, "params": {"dim_hidden_a2c": 8.544975607047231, "dim_hidden_lstm": 7.589190501064644, "embedding_learning_rate": -3.274266587952764, "embedding_size": 7.175886835881868, "entropy_error_coef": 0.22953889101280778, "lstm_learning_rate": -2.777164971711996, "value_error_coef": 0.08306323060412338}, "datetime": {"datetime": "2022-10-16 13:49:22", "elapsed": 11233.573329, "delta": 1324.83873}}
{"target": 0.6159687703847885, "params": {"dim_hidden_a2c": 8.446057669964423, "dim_hidden_lstm": 7.432128562467086, "embedding_learning_rate": -3.0308363479076483, "embedding_size": 7.393183964463666, "entropy_error_coef": 0.3164181403064833, "lstm_learning_rate": -3.230187096202534, "value_error_coef": 0.4553256258256482}, "datetime": {"datetime": "2022-10-16 14:11:31", "elapsed": 12561.881946, "delta": 1328.308617}}
{"target": 0.4895312583446503, "params": {"dim_hidden_a2c": 6.8627199625785895, "dim_hidden_lstm": 5.944606185274252, "embedding_learning_rate": -4.422319483463927, "embedding_size": 5.389640565118714, "entropy_error_coef": 0.46387778785182143, "lstm_learning_rate": -3.711655953049647, "value_error_coef": 0.44748987093851206}, "datetime": {"datetime": "2022-10-16 14:30:27", "elapsed": 13697.879675, "delta": 1135.997729}}
{"target": 0.5500937730073929, "params": {"dim_hidden_a2c": 8.60027423660896, "dim_hidden_lstm": 7.231255445820777, "embedding_learning_rate": -3.1029947367270525, "embedding_size": 7.1016788243559885, "entropy_error_coef": 0.4262919792875041, "lstm_learning_rate": -3.187349952878052, "value_error_coef": 0.3310940819301864}, "datetime": {"datetime": "2022-10-16 14:52:02", "elapsed": 14993.147874, "delta": 1295.268199}}
{"target": 0.5254843890666961, "params": {"dim_hidden_a2c": 8.655260811539632, "dim_hidden_lstm": 8.181901396978159, "embedding_learning_rate": -2.580122847146204, "embedding_size": 8.097426779375997, "entropy_error_coef": 0.3993910604421881, "lstm_learning_rate": -2.5429888448034825, "value_error_coef": 0.5042272383860928}, "datetime": {"datetime": "2022-10-16 15:26:38", "elapsed": 17069.20205, "delta": 2076.054176}}
{"target": 0.30068750485777856, "params": {"dim_hidden_a2c": 5.548027808571627, "dim_hidden_lstm": 8.972391544862097, "embedding_learning_rate": -4.097862043252678, "embedding_size": 7.7073546368307095, "entropy_error_coef": 0.06333353196127067, "lstm_learning_rate": -2.8353081914287555, "value_error_coef": 0.059023172844344884}, "datetime": {"datetime": "2022-10-16 16:22:24", "elapsed": 20414.938583, "delta": 3345.736533}}
