{"target": 0.1096, "params": {"dim_hidden_a2c": 6.6680880188102964, "dim_hidden_lstm": 7.881297973768632, "embedding_learning_rate": -4.999656875547966, "embedding_size": 6.209330290527359, "entropy_error_coef": 0.07337794540855652, "lstm_learning_rate": -4.722984215693606, "value_error_coef": 0.13969515853325318}, "datetime": {"datetime": "2022-10-23 21:42:56", "elapsed": 0.0, "delta": 0.0}}
{"target": 0.18455, "params": {"dim_hidden_a2c": 8.574351199376146, "dim_hidden_lstm": 5.118728070482662, "embedding_learning_rate": -2.3164020256488733, "embedding_size": 8.813928933978364, "entropy_error_coef": 0.3395837789217178, "lstm_learning_rate": -2.4939138263394747, "value_error_coef": 0.3231966765425792}, "datetime": {"datetime": "2022-10-23 21:46:18", "elapsed": 202.483655, "delta": 202.483655}}
{"target": 0.15658, "params": {"dim_hidden_a2c": 8.060745052476845, "dim_hidden_lstm": 5.438070098815812, "embedding_learning_rate": -3.434058775883778, "embedding_size": 8.072960911063015, "entropy_error_coef": 0.3435695866302311, "lstm_learning_rate": -4.601055377765371, "value_error_coef": 0.15144346576344872}, "datetime": {"datetime": "2022-10-23 21:49:33", "elapsed": 397.282165, "delta": 194.79851}}
{"target": 0.11799, "params": {"dim_hidden_a2c": 5.9662679475158376, "dim_hidden_lstm": 5.0, "embedding_learning_rate": -2.0, "embedding_size": 9.0, "entropy_error_coef": 0.5, "lstm_learning_rate": -2.0, "value_error_coef": 0.75}, "datetime": {"datetime": "2022-10-23 21:52:50", "elapsed": 594.389489, "delta": 197.107324}}
{"target": 0.2055, "params": {"dim_hidden_a2c": 8.506876801284543, "dim_hidden_lstm": 5.188962416324505, "embedding_learning_rate": -2.550373529817098, "embedding_size": 8.662349946946254, "entropy_error_coef": 0.3378812033340321, "lstm_learning_rate": -2.904622697517611, "value_error_coef": 0.28229233660375114}, "datetime": {"datetime": "2022-10-23 21:56:13", "elapsed": 797.724923, "delta": 203.335434}}
{"target": 0.19564, "params": {"dim_hidden_a2c": 9.0, "dim_hidden_lstm": 5.381860260759205, "embedding_learning_rate": -3.2911603434611334, "embedding_size": 8.4657178310902, "entropy_error_coef": 0.05992626867187469, "lstm_learning_rate": -2.9488146969129367, "value_error_coef": 0.0}, "datetime": {"datetime": "2022-10-23 21:59:33", "elapsed": 997.071412, "delta": 199.346489}}
{"target": 0.16137, "params": {"dim_hidden_a2c": 9.0, "dim_hidden_lstm": 5.901205346111771, "embedding_learning_rate": -2.1768868929064844, "embedding_size": 9.0, "entropy_error_coef": 0.4553802776097441, "lstm_learning_rate": -3.689537072381598, "value_error_coef": 0.0}, "datetime": {"datetime": "2022-10-23 22:02:59", "elapsed": 1203.094132, "delta": 206.02272}}
{"target": 0.18012, "params": {"dim_hidden_a2c": 8.637240774104201, "dim_hidden_lstm": 5.0, "embedding_learning_rate": -2.9260896256982925, "embedding_size": 7.771517099281472, "entropy_error_coef": 0.5, "lstm_learning_rate": -2.9267927206215947, "value_error_coef": 0.75}, "datetime": {"datetime": "2022-10-23 22:06:05", "elapsed": 1389.15487, "delta": 186.060738}}
{"target": 0.17997, "params": {"dim_hidden_a2c": 8.093505877444512, "dim_hidden_lstm": 5.0, "embedding_learning_rate": -3.3723517611923612, "embedding_size": 9.0, "entropy_error_coef": 0.0, "lstm_learning_rate": -3.006536103679712, "value_error_coef": 0.37702666343724234}, "datetime": {"datetime": "2022-10-23 22:09:19", "elapsed": 1583.474675, "delta": 194.319805}}
{"target": 0.22758, "params": {"dim_hidden_a2c": 8.151419178913569, "dim_hidden_lstm": 5.815483985794788, "embedding_learning_rate": -2.679689063349664, "embedding_size": 8.075031376801803, "entropy_error_coef": 0.0, "lstm_learning_rate": -2.7604852703060128, "value_error_coef": 0.0}, "datetime": {"datetime": "2022-10-23 22:12:34", "elapsed": 1778.268574, "delta": 194.793899}}
{"target": 0.10611, "params": {"dim_hidden_a2c": 8.330752772501357, "dim_hidden_lstm": 6.604777006310362, "embedding_learning_rate": -2.9881815923800623, "embedding_size": 7.865476359988399, "entropy_error_coef": 0.0, "lstm_learning_rate": -2.1887580953734185, "value_error_coef": 0.0}, "datetime": {"datetime": "2022-10-23 22:16:11", "elapsed": 1995.808724, "delta": 217.54015}}
{"target": 0.18102, "params": {"dim_hidden_a2c": 8.178536529337562, "dim_hidden_lstm": 5.308016018933529, "embedding_learning_rate": -2.701053012627812, "embedding_size": 8.11556343157951, "entropy_error_coef": 0.0, "lstm_learning_rate": -3.031030862754339, "value_error_coef": 0.0}, "datetime": {"datetime": "2022-10-23 22:19:20", "elapsed": 2184.570435, "delta": 188.761711}}
{"target": 0.18964, "params": {"dim_hidden_a2c": 8.311299598380966, "dim_hidden_lstm": 7.365649002710104, "embedding_learning_rate": -3.1589365270664556, "embedding_size": 7.19689040195732, "entropy_error_coef": 0.29900916577142866, "lstm_learning_rate": -3.084752322939937, "value_error_coef": 0.2590091138565887}, "datetime": {"datetime": "2022-10-23 22:22:54", "elapsed": 2398.455533, "delta": 213.885098}}
{"target": 0.19173, "params": {"dim_hidden_a2c": 5.548027808571627, "dim_hidden_lstm": 8.972391544862097, "embedding_learning_rate": -4.097862043252678, "embedding_size": 7.7073546368307095, "entropy_error_coef": 0.06333353196127067, "lstm_learning_rate": -2.8353081914287555, "value_error_coef": 0.059023172844344884}, "datetime": {"datetime": "2022-10-23 22:31:39", "elapsed": 2923.982204, "delta": 525.526671}}
{"target": 0.19273, "params": {"dim_hidden_a2c": 8.446183734372095, "dim_hidden_lstm": 5.449319088035863, "embedding_learning_rate": -2.3664110077142384, "embedding_size": 8.619847326219356, "entropy_error_coef": 0.15632413835894882, "lstm_learning_rate": -2.933808800572748, "value_error_coef": 0.5798846764907196}, "datetime": {"datetime": "2022-10-23 22:34:57", "elapsed": 3121.422844, "delta": 197.44064}}
{"target": 0.08747, "params": {"dim_hidden_a2c": 5.075942540697534, "dim_hidden_lstm": 8.450817414888116, "embedding_learning_rate": -3.718192647416659, "embedding_size": 5.782384630359615, "entropy_error_coef": 0.3405942134150718, "lstm_learning_rate": -3.758202158159773, "value_error_coef": 0.28512259383962724}, "datetime": {"datetime": "2022-10-23 22:40:55", "elapsed": 3479.095201, "delta": 357.672357}}
{"target": 0.1967, "params": {"dim_hidden_a2c": 8.361940669948096, "dim_hidden_lstm": 5.7761491348075875, "embedding_learning_rate": -2.7562765913490064, "embedding_size": 8.506423076475002, "entropy_error_coef": 0.2411428066633438, "lstm_learning_rate": -2.7351221710461893, "value_error_coef": 0.023445132791161675}, "datetime": {"datetime": "2022-10-23 22:44:12", "elapsed": 3676.60249, "delta": 197.507289}}
{"target": 0.21422, "params": {"dim_hidden_a2c": 6.815750319929716, "dim_hidden_lstm": 8.484386141790553, "embedding_learning_rate": -3.6586275957906267, "embedding_size": 5.340661527147374, "entropy_error_coef": 0.034256596370658365, "lstm_learning_rate": -2.814797891277964, "value_error_coef": 0.5316038825121436}, "datetime": {"datetime": "2022-10-23 22:50:24", "elapsed": 4048.73192, "delta": 372.12943}}
{"target": 0.20653, "params": {"dim_hidden_a2c": 7.929204046013616, "dim_hidden_lstm": 5.886900753220477, "embedding_learning_rate": -2.2400699843216256, "embedding_size": 8.146306777929235, "entropy_error_coef": 0.04574506352236861, "lstm_learning_rate": -2.7896873869417576, "value_error_coef": 0.06507414175038691}, "datetime": {"datetime": "2022-10-23 22:53:41", "elapsed": 4245.964751, "delta": 197.232831}}
{"target": 0.17008, "params": {"dim_hidden_a2c": 8.492797262094328, "dim_hidden_lstm": 5.78654503723304, "embedding_learning_rate": -2.7779739937726013, "embedding_size": 8.11843295387116, "entropy_error_coef": 0.045494424165944125, "lstm_learning_rate": -2.7334403883630873, "value_error_coef": 0.03712147687919756}, "datetime": {"datetime": "2022-10-23 22:57:01", "elapsed": 4445.414743, "delta": 199.449992}}
{"target": 0.17909, "params": {"dim_hidden_a2c": 8.8571981841372, "dim_hidden_lstm": 5.369930199000269, "embedding_learning_rate": -2.99284457627625, "embedding_size": 8.288771438948952, "entropy_error_coef": 0.33444098844239, "lstm_learning_rate": -3.3790936381057635, "value_error_coef": 0.6508533546706523}, "datetime": {"datetime": "2022-10-23 23:00:19", "elapsed": 4643.873107, "delta": 198.458364}}
{"target": 0.20285, "params": {"dim_hidden_a2c": 7.551362775771888, "dim_hidden_lstm": 5.675210277810182, "embedding_learning_rate": -2.564343169430379, "embedding_size": 8.086822666640323, "entropy_error_coef": 0.2062225904792428, "lstm_learning_rate": -3.0813589579742313, "value_error_coef": 0.05588764099638041}, "datetime": {"datetime": "2022-10-23 23:03:33", "elapsed": 4837.630275, "delta": 193.757168}}
