{"target": 0.3637041065776226, "params": {"embedding_learning_rate": -5.0, "embedding_size": 4.0, "loss_switch": 0.0}}
{"target": 0.3148209536209572, "params": {"embedding_learning_rate": -4.8, "embedding_size": 4.5, "loss_switch": 0.05}}
{"target": 0.32157911333373274, "params": {"embedding_learning_rate": -4.6, "embedding_size": 5.0, "loss_switch": 0.1}}
{"target": 0.3304281797180554, "params": {"embedding_learning_rate": -4.4, "embedding_size": 5.5, "loss_switch": 0.15000000000000002}}
{"target": 0.33243537470074963, "params": {"embedding_learning_rate": -4.2, "embedding_size": 6.0, "loss_switch": 0.2}}
{"target": 0.33893679491792583, "params": {"embedding_learning_rate": -4.8, "embedding_size": 4.5, "loss_switch": 0.05}}
{"target": 0.3378891950348749, "params": {"embedding_learning_rate": -4.4, "embedding_size": 5.5, "loss_switch": 0.15000000000000002}}
{"target": 0.3726095971592129, "params": {"embedding_learning_rate": -4.0, "embedding_size": 6.5, "loss_switch": 0.25}}
{"target": 0.33905784704958214, "params": {"embedding_learning_rate": -3.5999999999999996, "embedding_size": 7.5, "loss_switch": 0.35000000000000003}}
{"target": 0.28915462912592776, "params": {"embedding_learning_rate": -4.0, "embedding_size": 6.5, "loss_switch": 0.25}}
{"target": 0.32896111574507936, "params": {"embedding_learning_rate": -3.8, "embedding_size": 7.0, "loss_switch": 0.30000000000000004}}
{"target": 0.30856124990564454, "params": {"embedding_learning_rate": -3.0, "embedding_size": 9.0, "loss_switch": 0.5}}
{"target": 0.34158962066871007, "params": {"embedding_learning_rate": -3.5999999999999996, "embedding_size": 7.5, "loss_switch": 0.35000000000000003}}
{"target": 0.3595212663511294, "params": {"embedding_learning_rate": -3.4, "embedding_size": 8.0, "loss_switch": 0.4}}
{"target": 0.3621753785359382, "params": {"embedding_learning_rate": -3.2, "embedding_size": 8.5, "loss_switch": 0.45}}
{"target": 0.3489518733155955, "params": {"embedding_learning_rate": -5.0, "embedding_size": 4.0, "loss_switch": 0.0}}
{"target": 0.27572121631355906, "params": {"embedding_learning_rate": -3.0, "embedding_size": 9.0, "loss_switch": 0.5}}
{"target": 0.335162394265695, "params": {"embedding_learning_rate": -4.6, "embedding_size": 5.0, "loss_switch": 0.1}}
{"target": 0.3410063362073041, "params": {"embedding_learning_rate": -4.2, "embedding_size": 6.0, "loss_switch": 0.2}}
{"target": 0.31811892896850064, "params": {"embedding_learning_rate": -3.8, "embedding_size": 7.0, "loss_switch": 0.30000000000000004}}
{"target": 0.3711344340105663, "params": {"embedding_learning_rate": -3.4, "embedding_size": 8.0, "loss_switch": 0.4}}
{"target": 0.3504974114333515, "params": {"embedding_learning_rate": -3.2, "embedding_size": 8.5, "loss_switch": 0.45}}