{"target": 0.62578, "params": {"dim_hidden_a2c": 7.7414602914378605, "dim_hidden_lstm": 7.3531104653731605, "embedding_learning_rate": -2.0172121434037376, "embedding_size": 8.404705857762117, "entropy_error_coef": 0.39559263233994135, "lstm_learning_rate": -3.7415597182452647, "value_error_coef": 0.13978697248995886}, "datetime": {"datetime": "2022-10-21 00:47:56", "elapsed": 3809.099627, "delta": 233.48743}}
{"target": 0.32082, "params": {"dim_hidden_a2c": 5.954923865301648, "dim_hidden_lstm": 6.90865973928485, "embedding_learning_rate": -4.148906028917165, "embedding_size": 8.791704088631072, "entropy_error_coef": 0.4508851739679092, "lstm_learning_rate": -2.40001598694888, "value_error_coef": 0.6109460690004523}, "datetime": {"datetime": "2022-10-21 00:51:35", "elapsed": 4027.559678, "delta": 218.460051}}
{"target": 0.68705, "params": {"dim_hidden_a2c": 7.529595363853861, "dim_hidden_lstm": 7.265475010149775, "embedding_learning_rate": -2.712670763681359, "embedding_size": 5.215449764429433, "entropy_error_coef": 0.3212052987908073, "lstm_learning_rate": -2.739502833227297, "value_error_coef": 0.3576036693601642}, "datetime": {"datetime": "2022-10-21 00:55:03", "elapsed": 4235.587834, "delta": 208.028156}}
{"target": 0.37834, "params": {"dim_hidden_a2c": 6.050982510884485, "dim_hidden_lstm": 6.6787381044184455, "embedding_learning_rate": -4.010177812728982, "embedding_size": 5.600407523605278, "entropy_error_coef": 0.4717383858177769, "lstm_learning_rate": -4.7460306005842146, "value_error_coef": 0.39746050152775075}, "datetime": {"datetime": "2022-10-21 00:58:06", "elapsed": 4418.696298, "delta": 183.108464}}
{"target": 0.58194, "params": {"dim_hidden_a2c": 8.478439367995856, "dim_hidden_lstm": 6.707977846769344, "embedding_learning_rate": -4.246447491089435, "embedding_size": 6.318481291514571, "entropy_error_coef": 0.13089393667886517, "lstm_learning_rate": -2.5192876781566156, "value_error_coef": 0.0909890264131073}, "datetime": {"datetime": "2022-10-21 01:01:54", "elapsed": 4646.974538, "delta": 228.27824}}
{"target": 0.68597, "params": {"dim_hidden_a2c": 8.857247505587978, "dim_hidden_lstm": 5.37118396673375, "embedding_learning_rate": -2.9925016637257107, "embedding_size": 8.28901708585655, "entropy_error_coef": 0.3344981698625987, "lstm_learning_rate": -3.3786173213406063, "value_error_coef": 0.6508875983275546}, "datetime": {"datetime": "2022-10-21 01:05:26", "elapsed": 4859.035753, "delta": 212.061215}}
{"target": 0.22953, "params": {"dim_hidden_a2c": 8.413251739306258, "dim_hidden_lstm": 7.44506338766953, "embedding_learning_rate": -4.942298888130212, "embedding_size": 6.3134804806150155, "entropy_error_coef": 0.18431021809335724, "lstm_learning_rate": -2.222051212711011, "value_error_coef": 0.6673296542502787}, "datetime": {"datetime": "2022-10-21 01:11:09", "elapsed": 5202.306644, "delta": 343.270891}}
{"target": 0.41844, "params": {"dim_hidden_a2c": 5.1116126392208745, "dim_hidden_lstm": 6.819850016763366, "embedding_learning_rate": -2.9337680808712645, "embedding_size": 5.764519820144887, "entropy_error_coef": 0.3359026068894514, "lstm_learning_rate": -3.9757627490990397, "value_error_coef": 0.6156532067829885}, "datetime": {"datetime": "2022-10-21 01:15:16", "elapsed": 5448.944617, "delta": 246.637973}}
{"target": 0.41312, "params": {"dim_hidden_a2c": 6.135553489705948, "dim_hidden_lstm": 6.765280185141913, "embedding_learning_rate": -4.2811699600365865, "embedding_size": 7.947851313389071, "entropy_error_coef": 0.24594469443502576, "lstm_learning_rate": -2.790928842695105, "value_error_coef": 0.31346970034600474}, "datetime": {"datetime": "2022-10-21 01:18:39", "elapsed": 5652.310572, "delta": 203.365955}}
{"target": 0.47151, "params": {"dim_hidden_a2c": 5.92558608792098, "dim_hidden_lstm": 8.698785484014348, "embedding_learning_rate": -3.4657032166862147, "embedding_size": 6.112856392408467, "entropy_error_coef": 0.12425452253577773, "lstm_learning_rate": -2.5421770166598, "value_error_coef": 0.3059733810106974}, "datetime": {"datetime": "2022-10-21 01:22:35", "elapsed": 5887.772206, "delta": 235.461634}}
{"target": 0.42216, "params": {"dim_hidden_a2c": 5.99924800021713, "dim_hidden_lstm": 7.457702335207579, "embedding_learning_rate": -3.806192701077165, "embedding_size": 8.541763719806987, "entropy_error_coef": 0.31294074247750325, "lstm_learning_rate": -4.359706056082004, "value_error_coef": 0.40224201920960834}, "datetime": {"datetime": "2022-10-21 01:26:07", "elapsed": 6100.12373, "delta": 212.351524}}
{"target": 0.55101, "params": {"dim_hidden_a2c": 5.547188922799355, "dim_hidden_lstm": 5.303574839845362, "embedding_learning_rate": -4.199561356536541, "embedding_size": 8.756684861704365, "entropy_error_coef": 0.27656957908322144, "lstm_learning_rate": -3.475943129995759, "value_error_coef": 0.5154042325476335}, "datetime": {"datetime": "2022-10-21 01:29:16", "elapsed": 6288.547199, "delta": 188.423469}}
{"target": 0.67541, "params": {"dim_hidden_a2c": 6.455656280378621, "dim_hidden_lstm": 7.176063917380476, "embedding_learning_rate": -3.2236438466793524, "embedding_size": 6.078833088699786, "entropy_error_coef": 0.3234239376581545, "lstm_learning_rate": -3.333037411295304, "value_error_coef": 0.6130947697603836}, "datetime": {"datetime": "2022-10-21 01:32:33", "elapsed": 6485.996133, "delta": 197.448934}}
{"target": 0.28255, "params": {"dim_hidden_a2c": 6.357002341384692, "dim_hidden_lstm": 5.5952388100193895, "embedding_learning_rate": -4.3571863117405165, "embedding_size": 5.049827197872579, "entropy_error_coef": 0.06826392595817782, "lstm_learning_rate": -2.563367446033574, "value_error_coef": 0.36229568147799146}, "datetime": {"datetime": "2022-10-21 01:34:52", "elapsed": 6624.734206, "delta": 138.738073}}
{"target": 0.41982, "params": {"dim_hidden_a2c": 8.53458045984166, "dim_hidden_lstm": 8.255736687173835, "embedding_learning_rate": -2.2649937968734313, "embedding_size": 8.955718516413327, "entropy_error_coef": 0.03608041163146253, "lstm_learning_rate": -4.826977406354818, "value_error_coef": 0.010541097982225328}, "datetime": {"datetime": "2022-10-21 01:41:44", "elapsed": 7037.224233, "delta": 412.490027}}
{"target": 0.731, "params": {"dim_hidden_a2c": 7.571454419265899, "dim_hidden_lstm": 8.362452943938838, "embedding_learning_rate": -2.679686637959098, "embedding_size": 8.435880365309801, "entropy_error_coef": 0.23210699445588884, "lstm_learning_rate": -3.3764560267312587, "value_error_coef": 0.17184886845039193}, "datetime": {"datetime": "2022-10-21 01:45:52", "elapsed": 7285.33997, "delta": 248.115737}}
{"target": 0.41123, "params": {"dim_hidden_a2c": 5.80225328652394, "dim_hidden_lstm": 5.927179183479234, "embedding_learning_rate": -2.4696571185012473, "embedding_size": 7.3583967983839065, "entropy_error_coef": 0.3907025603584784, "lstm_learning_rate": -4.105467276237522, "value_error_coef": 0.30328541865020875}, "datetime": {"datetime": "2022-10-21 01:48:32", "elapsed": 7444.618564, "delta": 159.278594}}
{"target": 0.39141, "params": {"dim_hidden_a2c": 5.559641354289216, "dim_hidden_lstm": 7.729237538409847, "embedding_learning_rate": -3.774800784536914, "embedding_size": 7.876191009645721, "entropy_error_coef": 0.4238170399560097, "lstm_learning_rate": -3.8789644544248225, "value_error_coef": 0.22376730294453917}, "datetime": {"datetime": "2022-10-21 01:53:50", "elapsed": 7763.2475, "delta": 318.628936}}
{"target": 0.42148, "params": {"dim_hidden_a2c": 8.595316731933856, "dim_hidden_lstm": 5.625359542932518, "embedding_learning_rate": -2.8906397259341734, "embedding_size": 6.51556037049583, "entropy_error_coef": 0.40352121282396225, "lstm_learning_rate": -4.720904898476563, "value_error_coef": 0.736484192256375}, "datetime": {"datetime": "2022-10-21 01:56:29", "elapsed": 7922.253314, "delta": 159.005814}}
{"target": 0.7119, "params": {"dim_hidden_a2c": 5.853522116068562, "dim_hidden_lstm": 8.301538087030721, "embedding_learning_rate": -4.468453404561422, "embedding_size": 7.1075164511004765, "entropy_error_coef": 0.12269669213604267, "lstm_learning_rate": -3.382779704840896, "value_error_coef": 0.242255222015493}, "datetime": {"datetime": "2022-10-21 02:00:16", "elapsed": 8148.622501, "delta": 226.369187}}
{"target": 0.39799, "params": {"dim_hidden_a2c": 5.1227941176830605, "dim_hidden_lstm": 6.712943034812252, "embedding_learning_rate": -2.382873394533407, "embedding_size": 7.660708557086696, "entropy_error_coef": 0.26239454029149717, "lstm_learning_rate": -4.6389217216195595, "value_error_coef": 0.0698703854756386}, "datetime": {"datetime": "2022-10-21 02:03:37", "elapsed": 8349.992327, "delta": 201.369826}}
{"target": 0.37331, "params": {"dim_hidden_a2c": 5.333838105182087, "dim_hidden_lstm": 7.332962385050163, "embedding_learning_rate": -4.4088297085850545, "embedding_size": 6.127846569234535, "entropy_error_coef": 0.2807286782545031, "lstm_learning_rate": -4.329860192264986, "value_error_coef": 0.06868170814140986}, "datetime": {"datetime": "2022-10-21 02:07:08", "elapsed": 8561.193467, "delta": 211.20114}}
{"target": 0.40633, "params": {"dim_hidden_a2c": 7.938618773278336, "dim_hidden_lstm": 7.679195596668716, "embedding_learning_rate": -4.010692484268824, "embedding_size": 8.649700352686974, "entropy_error_coef": 0.397121671222919, "lstm_learning_rate": -2.545275897242011, "value_error_coef": 0.32701792554783293}, "datetime": {"datetime": "2022-10-21 02:11:08", "elapsed": 8801.426331, "delta": 240.232864}}
{"target": 0.58352, "params": {"dim_hidden_a2c": 5.904376324746123, "dim_hidden_lstm": 8.837807550469735, "embedding_learning_rate": -4.723233357451648, "embedding_size": 6.656349636645219, "entropy_error_coef": 0.09247251115204352, "lstm_learning_rate": -3.3990590488466794, "value_error_coef": 0.27884069897633645}, "datetime": {"datetime": "2022-10-21 02:16:48", "elapsed": 9140.96832, "delta": 339.541989}}
{"target": 0.72317, "params": {"dim_hidden_a2c": 8.535414267325447, "dim_hidden_lstm": 5.514452141983786, "embedding_learning_rate": -3.941556882184974, "embedding_size": 7.566138559494582, "entropy_error_coef": 0.1576555888910548, "lstm_learning_rate": -3.1184698099249144, "value_error_coef": 0.07197792445052445}, "datetime": {"datetime": "2022-10-21 02:19:43", "elapsed": 9316.03094, "delta": 175.06262}}
{"target": 0.4926, "params": {"dim_hidden_a2c": 6.6303083995278564, "dim_hidden_lstm": 5.035042433066448, "embedding_learning_rate": -3.4927786430815853, "embedding_size": 8.646033931635113, "entropy_error_coef": 0.3966925918582891, "lstm_learning_rate": -2.8345891660533717, "value_error_coef": 0.04987549091624458}, "datetime": {"datetime": "2022-10-21 02:22:44", "elapsed": 9497.524318, "delta": 181.493378}}
{"target": 0.55202, "params": {"dim_hidden_a2c": 6.720882261273694, "dim_hidden_lstm": 5.107090123311166, "embedding_learning_rate": -3.988338079280985, "embedding_size": 7.366854648501164, "entropy_error_coef": 0.3134741824681625, "lstm_learning_rate": -3.1693601552836874, "value_error_coef": 0.7209091261514063}, "datetime": {"datetime": "2022-10-21 02:25:16", "elapsed": 9649.287683, "delta": 151.763365}}
{"target": 0.65281, "params": {"dim_hidden_a2c": 8.733269155870612, "dim_hidden_lstm": 5.312464494356086, "embedding_learning_rate": -3.376601258199317, "embedding_size": 6.931256573057118, "entropy_error_coef": 0.43965937957125045, "lstm_learning_rate": -3.3978946090056006, "value_error_coef": 0.75}, "datetime": {"datetime": "2022-10-21 02:27:44", "elapsed": 9796.716325, "delta": 147.428642}}
{"target": 0.4382, "params": {"dim_hidden_a2c": 6.9963745430682724, "dim_hidden_lstm": 7.610314378151554, "embedding_learning_rate": -2.8398444725577816, "embedding_size": 8.979839508604128, "entropy_error_coef": 0.2530708803980266, "lstm_learning_rate": -3.7790096005308276, "value_error_coef": 0.5444902655474436}, "datetime": {"datetime": "2022-10-21 02:32:57", "elapsed": 10110.440838, "delta": 313.724513}}
{"target": 0.26572, "params": {"dim_hidden_a2c": 8.285206552929878, "dim_hidden_lstm": 8.790295215435002, "embedding_learning_rate": -4.695748770224323, "embedding_size": 8.412902489715698, "entropy_error_coef": 0.5, "lstm_learning_rate": -2.7976434889785273, "value_error_coef": 0.556765780278598}, "datetime": {"datetime": "2022-10-21 02:39:46", "elapsed": 10519.283138, "delta": 408.8423}}
{"target": 0.41345, "params": {"dim_hidden_a2c": 5.615396406971076, "dim_hidden_lstm": 8.581548244564287, "embedding_learning_rate": -2.0233362213683397, "embedding_size": 8.838706954890167, "entropy_error_coef": 0.4068150885744744, "lstm_learning_rate": -4.644088892707272, "value_error_coef": 0.046661688344289375}, "datetime": {"datetime": "2022-10-21 02:44:34", "elapsed": 10807.119738, "delta": 287.8366}}
{"target": 0.74401, "params": {"dim_hidden_a2c": 7.349223840763688, "dim_hidden_lstm": 7.750934658099813, "embedding_learning_rate": -3.6340378817039207, "embedding_size": 6.663801514333318, "entropy_error_coef": 0.18618140660285837, "lstm_learning_rate": -3.2015122849560234, "value_error_coef": 0.7257393585904273}, "datetime": {"datetime": "2022-10-21 02:48:16", "elapsed": 11028.734878, "delta": 221.61514}}
{"target": 0.71358, "params": {"dim_hidden_a2c": 8.683804975784824, "dim_hidden_lstm": 7.619550437089653, "embedding_learning_rate": -3.5520008549140374, "embedding_size": 8.95523043228332, "entropy_error_coef": 0.34618487490546607, "lstm_learning_rate": -3.078006837131187, "value_error_coef": 0.6465629431208851}, "datetime": {"datetime": "2022-10-21 02:53:26", "elapsed": 11339.280266, "delta": 310.545388}}
{"target": 0.41293, "params": {"dim_hidden_a2c": 7.1794768516352, "dim_hidden_lstm": 8.200432107202927, "embedding_learning_rate": -3.8874174410055975, "embedding_size": 8.146039928533172, "entropy_error_coef": 0.3362794857721637, "lstm_learning_rate": -2.5100153021651126, "value_error_coef": 0.4103728926823377}, "datetime": {"datetime": "2022-10-21 03:00:04", "elapsed": 11737.091398, "delta": 397.811132}}
{"target": 0.43356, "params": {"dim_hidden_a2c": 6.90029170228047, "dim_hidden_lstm": 9.0, "embedding_learning_rate": -2.7526126468303813, "embedding_size": 8.806466208594419, "entropy_error_coef": 0.5, "lstm_learning_rate": -2.4221508293513403, "value_error_coef": 0.4135641261387211}, "datetime": {"datetime": "2022-10-21 03:05:00", "elapsed": 12032.595765, "delta": 295.504367}}
{"target": 0.32302, "params": {"dim_hidden_a2c": 7.669504655320358, "dim_hidden_lstm": 6.227913482960158, "embedding_learning_rate": -4.254356397101499, "embedding_size": 5.864036962756261, "entropy_error_coef": 0.49738159766702045, "lstm_learning_rate": -2.965336462962872, "value_error_coef": 0.5699300626212378}, "datetime": {"datetime": "2022-10-21 03:07:33", "elapsed": 12185.964914, "delta": 153.369149}}
{"target": 0.4358, "params": {"dim_hidden_a2c": 7.550104109128985, "dim_hidden_lstm": 8.600400255423152, "embedding_learning_rate": -2.302927079537006, "embedding_size": 5.5640904079601725, "entropy_error_coef": 0.07548519998645364, "lstm_learning_rate": -4.211514357652264, "value_error_coef": 0.72682692287579}, "datetime": {"datetime": "2022-10-21 03:11:34", "elapsed": 12426.905801, "delta": 240.940887}}
{"target": 0.60592, "params": {"dim_hidden_a2c": 6.2138170284079175, "dim_hidden_lstm": 6.569178446298895, "embedding_learning_rate": -2.358933886405565, "embedding_size": 5.066299355531247, "entropy_error_coef": 0.22043140667097152, "lstm_learning_rate": -2.5870460935074573, "value_error_coef": 0.0016331426897718336}, "datetime": {"datetime": "2022-10-21 03:14:38", "elapsed": 12610.942115, "delta": 184.036314}}
{"target": 0.60888, "params": {"dim_hidden_a2c": 7.201010010821085, "dim_hidden_lstm": 8.06297063098582, "embedding_learning_rate": -4.44828923113952, "embedding_size": 6.5795876385402305, "entropy_error_coef": 0.5, "lstm_learning_rate": -3.522178964247562, "value_error_coef": 0.75}, "datetime": {"datetime": "2022-10-21 03:19:13", "elapsed": 12886.34237, "delta": 275.400255}}
{"target": 0.44313, "params": {"dim_hidden_a2c": 7.129533681605412, "dim_hidden_lstm": 9.0, "embedding_learning_rate": -2.216289224194205, "embedding_size": 7.397559607043044, "entropy_error_coef": 0.5, "lstm_learning_rate": -4.0229310308030595, "value_error_coef": 0.3920708239455515}, "datetime": {"datetime": "2022-10-21 03:26:04", "elapsed": 13296.697873, "delta": 410.355503}}
{"target": 0.45113, "params": {"dim_hidden_a2c": 7.466936033827862, "dim_hidden_lstm": 8.988052764379757, "embedding_learning_rate": -2.312521844363891, "embedding_size": 9.0, "entropy_error_coef": 0.497187469384592, "lstm_learning_rate": -3.8976858660752645, "value_error_coef": 0.3719812448281777}, "datetime": {"datetime": "2022-10-21 03:31:52", "elapsed": 13645.400961, "delta": 348.703088}}
{"target": 0.45373, "params": {"dim_hidden_a2c": 5.792803771861817, "dim_hidden_lstm": 6.2759660284735475, "embedding_learning_rate": -3.806142839821631, "embedding_size": 7.603771290369287, "entropy_error_coef": 0.30222209890788365, "lstm_learning_rate": -2.2021918438221952, "value_error_coef": 0.75}, "datetime": {"datetime": "2022-10-21 03:35:06", "elapsed": 13839.393584, "delta": 193.992623}}
{"target": 0.66094, "params": {"dim_hidden_a2c": 7.487109917572048, "dim_hidden_lstm": 8.168398140144685, "embedding_learning_rate": -2.0, "embedding_size": 6.215315645552791, "entropy_error_coef": 0.4471836874669478, "lstm_learning_rate": -3.3704513776050473, "value_error_coef": 0.29155817757229535}, "datetime": {"datetime": "2022-10-21 03:39:45", "elapsed": 14118.306297, "delta": 278.912713}}
{"target": 0.66927, "params": {"dim_hidden_a2c": 8.161381628980532, "dim_hidden_lstm": 8.585904030764059, "embedding_learning_rate": -3.1681675714072464, "embedding_size": 6.080566636095856, "entropy_error_coef": 0.42140074170997244, "lstm_learning_rate": -3.4315048198283216, "value_error_coef": 0.5933646766446252}, "datetime": {"datetime": "2022-10-21 03:43:58", "elapsed": 14370.573757, "delta": 252.26746}}
{"target": 0.40718, "params": {"dim_hidden_a2c": 6.562306973816686, "dim_hidden_lstm": 7.833142579509116, "embedding_learning_rate": -2.0, "embedding_size": 5.638590060517841, "entropy_error_coef": 0.23128705601856572, "lstm_learning_rate": -4.551799933412093, "value_error_coef": 0.75}, "datetime": {"datetime": "2022-10-21 03:47:33", "elapsed": 14585.659275, "delta": 215.085518}}
{"target": 0.40951, "params": {"dim_hidden_a2c": 6.15110706077375, "dim_hidden_lstm": 8.360248733294345, "embedding_learning_rate": -4.1214488746054645, "embedding_size": 5.064649534974373, "entropy_error_coef": 0.420905042665682, "lstm_learning_rate": -2.035918319707765, "value_error_coef": 0.023722580751034138}, "datetime": {"datetime": "2022-10-21 03:51:08", "elapsed": 14800.69121, "delta": 215.031935}}
{"target": 0.27696, "params": {"dim_hidden_a2c": 5.454340198511957, "dim_hidden_lstm": 7.87538279144107, "embedding_learning_rate": -4.738676023301247, "embedding_size": 8.524121528494796, "entropy_error_coef": 0.43902628508508756, "lstm_learning_rate": -2.087228554707037, "value_error_coef": 0.6563403878200906}, "datetime": {"datetime": "2022-10-21 03:55:00", "elapsed": 15033.099266, "delta": 232.408056}}
{"target": 0.7345, "params": {"dim_hidden_a2c": 7.7662239781363995, "dim_hidden_lstm": 5.813596898349109, "embedding_learning_rate": -3.363586710513822, "embedding_size": 6.60321562729689, "entropy_error_coef": 0.19820760527981252, "lstm_learning_rate": -3.354192176475195, "value_error_coef": 0.75}, "datetime": {"datetime": "2022-10-21 03:57:24", "elapsed": 15177.399036, "delta": 144.29977}}
{"target": 0.40252, "params": {"dim_hidden_a2c": 5.513401368282155, "dim_hidden_lstm": 6.058301326350069, "embedding_learning_rate": -4.204125767210034, "embedding_size": 7.9164978073393515, "entropy_error_coef": 0.5, "lstm_learning_rate": -3.8360681513726305, "value_error_coef": 0.75}, "datetime": {"datetime": "2022-10-21 04:00:26", "elapsed": 15359.160975, "delta": 181.761939}}
{"target": 0.59858, "params": {"dim_hidden_a2c": 6.360795251644943, "dim_hidden_lstm": 5.883066963896276, "embedding_learning_rate": -2.31266898185002, "embedding_size": 5.154212835313279, "entropy_error_coef": 0.4818563962694639, "lstm_learning_rate": -3.0874767203133775, "value_error_coef": 0.4280858514223601}, "datetime": {"datetime": "2022-10-21 04:02:50", "elapsed": 15502.824788, "delta": 143.663813}}
{"target": 0.60777, "params": {"dim_hidden_a2c": 7.264093512896096, "dim_hidden_lstm": 7.383869299849509, "embedding_learning_rate": -3.615761694603647, "embedding_size": 7.663853300827589, "entropy_error_coef": 0.41266723530467847, "lstm_learning_rate": -2.055430533360986, "value_error_coef": 0.5587965351509077}, "datetime": {"datetime": "2022-10-21 04:09:04", "elapsed": 15876.987963, "delta": 374.163175}}
{"target": 0.41839, "params": {"dim_hidden_a2c": 7.560881489622822, "dim_hidden_lstm": 6.00816246496904, "embedding_learning_rate": -2.630622749727047, "embedding_size": 8.174134157928243, "entropy_error_coef": 0.3570665433490141, "lstm_learning_rate": -4.33966963034286, "value_error_coef": 0.7200664244104169}, "datetime": {"datetime": "2022-10-21 04:14:15", "elapsed": 16187.826944, "delta": 310.838981}}
{"target": 0.36641, "params": {"dim_hidden_a2c": 5.844374497329456, "dim_hidden_lstm": 6.763007748702945, "embedding_learning_rate": -4.834592318610349, "embedding_size": 8.775327984540606, "entropy_error_coef": 0.028601004075600567, "lstm_learning_rate": -4.293406220111502, "value_error_coef": 0.3946701725547641}, "datetime": {"datetime": "2022-10-21 04:19:45", "elapsed": 16517.894274, "delta": 330.06733}}
{"target": 0.66528, "params": {"dim_hidden_a2c": 8.371273483452011, "dim_hidden_lstm": 6.111349488017081, "embedding_learning_rate": -2.543041173209973, "embedding_size": 5.853689942128434, "entropy_error_coef": 0.3751647195124391, "lstm_learning_rate": -3.278450710640105, "value_error_coef": 0.12188085294732512}, "datetime": {"datetime": "2022-10-21 04:22:19", "elapsed": 16671.849014, "delta": 153.95474}}
