{"target": 0.62638, "params": {"dim_hidden_a2c": 8.818147701221957, "dim_hidden_lstm": 5.0, "embedding_learning_rate": -2.0, "embedding_size": 9.0, "entropy_error_coef": 0.0, "lstm_learning_rate": -2.9954049122408306, "value_error_coef": 0.0}, "datetime": {"datetime": "2022-10-19 19:34:04", "elapsed": 355.810138, "delta": 355.810138}}
{"target": 0.56801, "params": {"dim_hidden_a2c": 8.24083878252143, "dim_hidden_lstm": 5.0, "embedding_learning_rate": -2.3790693044972158, "embedding_size": 9.0, "entropy_error_coef": 0.5, "lstm_learning_rate": -3.5715517808134445, "value_error_coef": 0.0}, "datetime": {"datetime": "2022-10-19 19:40:00", "elapsed": 711.493698, "delta": 355.68356}}
{"target": 0.6403, "params": {"dim_hidden_a2c": 9.0, "dim_hidden_lstm": 5.948146008964584, "embedding_learning_rate": -2.0, "embedding_size": 9.0, "entropy_error_coef": 0.5, "lstm_learning_rate": -3.1842217787184133, "value_error_coef": 0.0}, "datetime": {"datetime": "2022-10-19 19:45:57", "elapsed": 1068.982113, "delta": 357.488415}}
{"target": 0.35897, "params": {"dim_hidden_a2c": 9.0, "dim_hidden_lstm": 5.887036820918798, "embedding_learning_rate": -2.0, "embedding_size": 9.0, "entropy_error_coef": 0.0, "lstm_learning_rate": -4.244514033873901, "value_error_coef": 0.0}, "datetime": {"datetime": "2022-10-19 19:51:51", "elapsed": 1422.688404, "delta": 353.706291}}
{"target": 0.2489, "params": {"dim_hidden_a2c": 9.0, "dim_hidden_lstm": 5.888776783570664, "embedding_learning_rate": -2.0, "embedding_size": 9.0, "entropy_error_coef": 0.036183660294226136, "lstm_learning_rate": -2.3909641704281834, "value_error_coef": 0.0}, "datetime": {"datetime": "2022-10-19 19:58:39", "elapsed": 1830.857378, "delta": 408.168974}}
{"target": 0.29723, "params": {"dim_hidden_a2c": 7.866342631572662, "dim_hidden_lstm": 7.606272491741018, "embedding_learning_rate": -4.686338586443742, "embedding_size": 5.348341816623897, "entropy_error_coef": 0.32760805565268203, "lstm_learning_rate": -2.505612064916706, "value_error_coef": 0.15134654524997676}, "datetime": {"datetime": "2022-10-19 20:05:55", "elapsed": 2266.815639, "delta": 435.958261}}
{"target": 0.57516, "params": {"dim_hidden_a2c": 8.787511313739234, "dim_hidden_lstm": 5.318203955708514, "embedding_learning_rate": -2.1707795316945093, "embedding_size": 8.917134874639775, "entropy_error_coef": 0.5, "lstm_learning_rate": -3.1755457324110563, "value_error_coef": 0.14610608557281446}, "datetime": {"datetime": "2022-10-19 20:12:34", "elapsed": 228.79966, "delta": 228.79966}}
{"target": 0.4111, "params": {"dim_hidden_a2c": 8.060745052476845, "dim_hidden_lstm": 5.438070098815812, "embedding_learning_rate": -3.434058775883778, "embedding_size": 8.072960911063015, "entropy_error_coef": 0.3435695866302311, "lstm_learning_rate": -4.601055377765371, "value_error_coef": 0.15144346576344872}, "datetime": {"datetime": "2022-10-19 20:16:01", "elapsed": 435.841296, "delta": 207.041636}}
{"target": 0.2071, "params": {"dim_hidden_a2c": 8.859953068345979, "dim_hidden_lstm": 5.27028660318992, "embedding_learning_rate": -4.839427578680974, "embedding_size": 7.44827607303087, "entropy_error_coef": 0.28981787832490896, "lstm_learning_rate": -2.417171489426369, "value_error_coef": 0.30258869576835584}, "datetime": {"datetime": "2022-10-19 20:19:02", "elapsed": 616.735313, "delta": 180.894017}}
{"target": 0.42861, "params": {"dim_hidden_a2c": 8.017516023510396, "dim_hidden_lstm": 5.17064440872379, "embedding_learning_rate": -2.524634113230517, "embedding_size": 8.801293903107016, "entropy_error_coef": 0.4322714261959969, "lstm_learning_rate": -3.835798670423459, "value_error_coef": 0.06400736891871642}, "datetime": {"datetime": "2022-10-19 20:22:08", "elapsed": 802.46978, "delta": 185.734467}}
{"target": 0.7394, "params": {"dim_hidden_a2c": 6.765737292049332, "dim_hidden_lstm": 7.0358949014067695, "embedding_learning_rate": -3.248615972954119, "embedding_size": 8.357790139044603, "entropy_error_coef": 0.00134845341076556, "lstm_learning_rate": -2.5460236292952145, "value_error_coef": 0.08340295996651595}, "datetime": {"datetime": "2022-10-19 20:25:35", "elapsed": 1009.893292, "delta": 207.423512}}
{"target": 0.54838, "params": {"dim_hidden_a2c": 6.579406687839611, "dim_hidden_lstm": 6.912568366835114, "embedding_learning_rate": -3.298497296025931, "embedding_size": 8.271144060836216, "entropy_error_coef": 0.004066083728296921, "lstm_learning_rate": -2.5866388645082266, "value_error_coef": 0.21440074136192855}, "datetime": {"datetime": "2022-10-19 20:28:56", "elapsed": 1210.449006, "delta": 200.555714}}
{"target": 0.48578, "params": {"dim_hidden_a2c": 8.81456301275635, "dim_hidden_lstm": 5.081730685179034, "embedding_learning_rate": -2.243439621059345, "embedding_size": 8.871316167553776, "entropy_error_coef": 0.21839423215335624, "lstm_learning_rate": -2.576247126389, "value_error_coef": 0.2880788725273827}, "datetime": {"datetime": "2022-10-19 20:32:08", "elapsed": 1402.425472, "delta": 191.976466}}
{"target": 0.49436, "params": {"dim_hidden_a2c": 8.29611134093744, "dim_hidden_lstm": 5.128265813626992, "embedding_learning_rate": -2.383851437928999, "embedding_size": 8.877853577605816, "entropy_error_coef": 0.21287762540390343, "lstm_learning_rate": -2.397963174862208, "value_error_coef": 0.41669897023541663}, "datetime": {"datetime": "2022-10-19 20:35:10", "elapsed": 1585.221881, "delta": 182.796409}}
{"target": 0.64121, "params": {"dim_hidden_a2c": 8.236736095711242, "dim_hidden_lstm": 5.133799960846942, "embedding_learning_rate": -2.60688409364775, "embedding_size": 8.655291316798174, "entropy_error_coef": 0.05599768674346156, "lstm_learning_rate": -2.4111658474256297, "value_error_coef": 0.4821550646357152}, "datetime": {"datetime": "2022-10-19 20:38:17", "elapsed": 1771.461182, "delta": 186.239301}}
{"target": 0.38621, "params": {"dim_hidden_a2c": 6.861263461927972, "dim_hidden_lstm": 5.942524014009317, "embedding_learning_rate": -4.423970231069244, "embedding_size": 5.387180199245362, "entropy_error_coef": 0.46385317150554284, "lstm_learning_rate": -3.7128224019780043, "value_error_coef": 0.4472837181685981}, "datetime": {"datetime": "2022-10-19 20:41:08", "elapsed": 1942.927222, "delta": 171.46604}}
{"target": 0.56664, "params": {"dim_hidden_a2c": 8.320200797728138, "dim_hidden_lstm": 5.295247048985649, "embedding_learning_rate": -2.3238488810528657, "embedding_size": 8.794713329173392, "entropy_error_coef": 0.3196700382211869, "lstm_learning_rate": -2.0736588045025397, "value_error_coef": 0.5623431155011528}, "datetime": {"datetime": "2022-10-19 20:44:24", "elapsed": 2138.35458, "delta": 195.427358}}
{"target": 0.71794, "params": {"dim_hidden_a2c": 8.311299598380966, "dim_hidden_lstm": 7.365649002710104, "embedding_learning_rate": -3.1589365270664556, "embedding_size": 7.19689040195732, "entropy_error_coef": 0.29900916577142866, "lstm_learning_rate": -3.084752322939937, "value_error_coef": 0.2590091138565887}, "datetime": {"datetime": "2022-10-19 20:47:58", "elapsed": 2352.760856, "delta": 214.406276}}
{"target": 0.47501, "params": {"dim_hidden_a2c": 5.548027808571627, "dim_hidden_lstm": 8.972391544862097, "embedding_learning_rate": -4.097862043252678, "embedding_size": 7.7073546368307095, "entropy_error_coef": 0.06333353196127067, "lstm_learning_rate": -2.8353081914287555, "value_error_coef": 0.059023172844344884}, "datetime": {"datetime": "2022-10-19 20:56:31", "elapsed": 2865.406535, "delta": 512.645679}}
{"target": 0.49875, "params": {"dim_hidden_a2c": 8.052741041355088, "dim_hidden_lstm": 5.1987494333945445, "embedding_learning_rate": -2.6798396936579856, "embedding_size": 8.726296420611723, "entropy_error_coef": 0.20108579390199088, "lstm_learning_rate": -2.4721952241768133, "value_error_coef": 0.2708566396036358}, "datetime": {"datetime": "2022-10-19 20:59:45", "elapsed": 3059.943179, "delta": 194.536644}}
{"target": 0.4531, "params": {"dim_hidden_a2c": 5.075942540697534, "dim_hidden_lstm": 8.450817414888116, "embedding_learning_rate": -3.718192647416659, "embedding_size": 5.782384630359615, "entropy_error_coef": 0.3405942134150718, "lstm_learning_rate": -3.758202158159773, "value_error_coef": 0.28512259383962724}, "datetime": {"datetime": "2022-10-19 21:05:29", "elapsed": 3403.514052, "delta": 343.570873}}
{"target": 0.33083, "params": {"dim_hidden_a2c": 6.6680880188102964, "dim_hidden_lstm": 7.881297973768632, "embedding_learning_rate": -4.999656875547966, "embedding_size": 6.209330290527359, "entropy_error_coef": 0.07337794540855652, "lstm_learning_rate": -4.722984215693606, "value_error_coef": 0.13969515853325318}, "datetime": {"datetime": "2022-10-20 00:11:02", "elapsed": 0.0, "delta": 0.0}}
{"target": 0.40502, "params": {"dim_hidden_a2c": 6.382242908172191, "dim_hidden_lstm": 6.58706989692268, "embedding_learning_rate": -3.383549797989929, "embedding_size": 6.676778057613179, "entropy_error_coef": 0.34260975019837975, "lstm_learning_rate": -4.386643250805448, "value_error_coef": 0.6585880772932091}, "datetime": {"datetime": "2022-10-20 00:13:57", "elapsed": 175.132867, "delta": 175.132867}}
{"target": 0.41746, "params": {"dim_hidden_a2c": 5.109550372791705, "dim_hidden_lstm": 7.6818700407136085, "embedding_learning_rate": -3.748085592898619, "embedding_size": 7.234759313783007, "entropy_error_coef": 0.07019346929761688, "lstm_learning_rate": -4.405695532745364, "value_error_coef": 0.6005584265066525}, "datetime": {"datetime": "2022-10-20 00:17:11", "elapsed": 369.133684, "delta": 194.000817}}
{"target": 0.40798, "params": {"dim_hidden_a2c": 8.87304630287759, "dim_hidden_lstm": 6.253696712636971, "embedding_learning_rate": -2.9230321529920578, "embedding_size": 8.505556609184154, "entropy_error_coef": 0.44730333175192366, "lstm_learning_rate": -4.744867365890666, "value_error_coef": 0.02929108742466177}, "datetime": {"datetime": "2022-10-20 00:20:15", "elapsed": 552.89578, "delta": 183.762096}}
{"target": 0.58586, "params": {"dim_hidden_a2c": 5.679321678258276, "dim_hidden_lstm": 8.512570013717653, "embedding_learning_rate": -4.70495949850085, "embedding_size": 6.684430500020209, "entropy_error_coef": 0.47894476507525097, "lstm_learning_rate": -3.400504145080949, "value_error_coef": 0.518907835462855}, "datetime": {"datetime": "2022-10-20 00:25:44", "elapsed": 881.966302, "delta": 329.070522}}
{"target": 0.72759, "params": {"dim_hidden_a2c": 8.134700237431561, "dim_hidden_lstm": 7.3294715150753635, "embedding_learning_rate": -3.041019059602099, "embedding_size": 7.122860820285017, "entropy_error_coef": 0.25339384460897624, "lstm_learning_rate": -3.064507983199246, "value_error_coef": 0.21164217014089914}, "datetime": {"datetime": "2022-10-20 00:28:53", "elapsed": 1070.954726, "delta": 188.988424}}
{"target": 0.4076, "params": {"dim_hidden_a2c": 8.062023688658773, "dim_hidden_lstm": 5.442919061774327, "embedding_learning_rate": -3.432106548277535, "embedding_size": 8.074222917426997, "entropy_error_coef": 0.34378254008553716, "lstm_learning_rate": -4.5975144823716585, "value_error_coef": 0.15225829888583134}, "datetime": {"datetime": "2022-10-20 00:31:45", "elapsed": 1243.422443, "delta": 172.467717}}
{"target": 0.41244, "params": {"dim_hidden_a2c": 7.306141989505426, "dim_hidden_lstm": 5.872225020447785, "embedding_learning_rate": -3.0295576234269674, "embedding_size": 6.4531391677942604, "entropy_error_coef": 0.00699351677951382, "lstm_learning_rate": -3.8408724775815704, "value_error_coef": 0.30153851642341967}, "datetime": {"datetime": "2022-10-20 00:34:33", "elapsed": 1411.778481, "delta": 168.356038}}
{"target": 0.71069, "params": {"dim_hidden_a2c": 8.069778202103777, "dim_hidden_lstm": 7.327094763108531, "embedding_learning_rate": -3.1739310233648728, "embedding_size": 7.404433749353216, "entropy_error_coef": 0.2510023480022242, "lstm_learning_rate": -2.986339293555645, "value_error_coef": 0.22333880102165457}, "datetime": {"datetime": "2022-10-20 00:37:45", "elapsed": 1603.790937, "delta": 192.012456}}
{"target": 0.74352, "params": {"dim_hidden_a2c": 6.766749649693135, "dim_hidden_lstm": 7.036784849040375, "embedding_learning_rate": -3.2480502176739114, "embedding_size": 8.358081128129884, "entropy_error_coef": 0.0015743953749702679, "lstm_learning_rate": -2.5457762227602325, "value_error_coef": 0.08370499902683451}, "datetime": {"datetime": "2022-10-20 00:40:54", "elapsed": 1792.358495, "delta": 188.567558}}
{"target": 0.6647, "params": {"dim_hidden_a2c": 8.423878758771453, "dim_hidden_lstm": 7.491471595190317, "embedding_learning_rate": -3.409421603478324, "embedding_size": 7.121819470288458, "entropy_error_coef": 0.41695641130536804, "lstm_learning_rate": -3.110284077141585, "value_error_coef": 0.32363230923707775}, "datetime": {"datetime": "2022-10-20 00:44:08", "elapsed": 1986.225354, "delta": 193.866859}}
{"target": 0.69372, "params": {"dim_hidden_a2c": 8.409365721394067, "dim_hidden_lstm": 7.688566456910301, "embedding_learning_rate": -3.352818726492715, "embedding_size": 7.221531036078899, "entropy_error_coef": 0.37395723084206034, "lstm_learning_rate": -3.1786301095026017, "value_error_coef": 0.16521378401765566}, "datetime": {"datetime": "2022-10-20 00:47:33", "elapsed": 2191.785464, "delta": 205.56011}}
{"target": 0.7598, "params": {"dim_hidden_a2c": 6.66350162637179, "dim_hidden_lstm": 7.034772727042254, "embedding_learning_rate": -3.107175613285973, "embedding_size": 8.600704282687703, "entropy_error_coef": 0.12267388447512373, "lstm_learning_rate": -2.7514928249184303, "value_error_coef": 0.18510522400890214}, "datetime": {"datetime": "2022-10-20 00:50:43", "elapsed": 2380.958827, "delta": 189.173363}}
{"target": 0.71389, "params": {"dim_hidden_a2c": 8.446057669964423, "dim_hidden_lstm": 7.432128562467086, "embedding_learning_rate": -3.0308363479076483, "embedding_size": 7.393183964463666, "entropy_error_coef": 0.3164181403064833, "lstm_learning_rate": -3.230187096202534, "value_error_coef": 0.4553256258256482}, "datetime": {"datetime": "2022-10-20 00:53:55", "elapsed": 2573.658061, "delta": 192.699234}}
{"target": 0.29303, "params": {"dim_hidden_a2c": 6.864174396002039, "dim_hidden_lstm": 5.946685401290934, "embedding_learning_rate": -4.4206710787825845, "embedding_size": 5.392097438968102, "entropy_error_coef": 0.4639023692598529, "lstm_learning_rate": -3.7104911596749024, "value_error_coef": 0.4476957311135643}, "datetime": {"datetime": "2022-10-20 00:56:40", "elapsed": 2738.440901, "delta": 164.78284}}
{"target": 0.67628, "params": {"dim_hidden_a2c": 7.856316335995976, "dim_hidden_lstm": 7.3410941104575045, "embedding_learning_rate": -3.0689095600745624, "embedding_size": 7.338759314075064, "entropy_error_coef": 0.3676796250723534, "lstm_learning_rate": -3.0309508129637686, "value_error_coef": 0.22043629924818747}, "datetime": {"datetime": "2022-10-20 00:59:49", "elapsed": 2927.563278, "delta": 189.122377}}
{"target": 0.76354, "params": {"dim_hidden_a2c": 8.167766214531266, "dim_hidden_lstm": 7.505107271843249, "embedding_learning_rate": -3.061006183437054, "embedding_size": 7.193859475652112, "entropy_error_coef": 0.05050604289899968, "lstm_learning_rate": -3.2282658203080286, "value_error_coef": 0.030927415438928546}, "datetime": {"datetime": "2022-10-20 01:03:06", "elapsed": 3124.738076, "delta": 197.174798}}
{"target": 0.55906, "params": {"dim_hidden_a2c": 5.552727555187603, "dim_hidden_lstm": 8.972429132865827, "embedding_learning_rate": -4.095005873071747, "embedding_size": 7.709114530982319, "entropy_error_coef": 0.0639280389971533, "lstm_learning_rate": -2.8341709467963354, "value_error_coef": 0.059963915070833984}, "datetime": {"datetime": "2022-10-20 01:11:13", "elapsed": 3611.626012, "delta": 486.887936}}
{"target": 0.699, "params": {"dim_hidden_a2c": 8.435778471995917, "dim_hidden_lstm": 7.5129549611182656, "embedding_learning_rate": -3.1679104615734377, "embedding_size": 7.455773012791099, "entropy_error_coef": 0.358098030287383, "lstm_learning_rate": -3.3016437422947105, "value_error_coef": 0.5141716662177838}, "datetime": {"datetime": "2022-10-20 01:14:28", "elapsed": 3806.198644, "delta": 194.572632}}
{"target": 0.66436, "params": {"dim_hidden_a2c": 6.670964524665669, "dim_hidden_lstm": 6.903874175340141, "embedding_learning_rate": -3.237576812216825, "embedding_size": 8.245563918176225, "entropy_error_coef": 0.09426541716270137, "lstm_learning_rate": -2.4342512059716386, "value_error_coef": 0.20076671996348486}, "datetime": {"datetime": "2022-10-20 01:17:33", "elapsed": 3991.773162, "delta": 185.574518}}
{"target": 0.42915, "params": {"dim_hidden_a2c": 8.35526580929908, "dim_hidden_lstm": 5.209538704240796, "embedding_learning_rate": -2.375760920676598, "embedding_size": 8.938266542320369, "entropy_error_coef": 0.3994221661685899, "lstm_learning_rate": -2.029345157270341, "value_error_coef": 0.46183270090469575}, "datetime": {"datetime": "2022-10-20 01:20:29", "elapsed": 4167.76375, "delta": 175.990588}}
{"target": 0.73379, "params": {"dim_hidden_a2c": 8.46327207076587, "dim_hidden_lstm": 7.347669904871865, "embedding_learning_rate": -2.992615022885068, "embedding_size": 7.167845784331028, "entropy_error_coef": 0.075886106119816, "lstm_learning_rate": -2.972159685153246, "value_error_coef": 0.31710940775986285}, "datetime": {"datetime": "2022-10-20 01:23:39", "elapsed": 4357.398966, "delta": 189.635216}}
{"target": 0.70928, "params": {"dim_hidden_a2c": 8.357535398941653, "dim_hidden_lstm": 7.235263176849587, "embedding_learning_rate": -3.199779824873195, "embedding_size": 7.134224513758465, "entropy_error_coef": 0.3381102647566527, "lstm_learning_rate": -3.343096755868467, "value_error_coef": 0.46479534768098923}, "datetime": {"datetime": "2022-10-20 01:26:48", "elapsed": 4546.255431, "delta": 188.856465}}
{"target": 0.3934, "params": {"dim_hidden_a2c": 5.64741923288206, "dim_hidden_lstm": 8.695535641114262, "embedding_learning_rate": -4.878711554484187, "embedding_size": 6.693097510614843, "entropy_error_coef": 0.4469337014261238, "lstm_learning_rate": -3.271875417306413, "value_error_coef": 0.4471457050075883}, "datetime": {"datetime": "2022-10-20 01:33:01", "elapsed": 4919.69173, "delta": 373.436299}}
{"target": 0.69508, "params": {"dim_hidden_a2c": 8.8571981841372, "dim_hidden_lstm": 5.369930199000269, "embedding_learning_rate": -2.99284457627625, "embedding_size": 8.288771438948952, "entropy_error_coef": 0.33444098844239, "lstm_learning_rate": -3.3790936381057635, "value_error_coef": 0.6508533546706523}, "datetime": {"datetime": "2022-10-20 01:35:57", "elapsed": 5095.329432, "delta": 175.637702}}
{"target": 0.76143, "params": {"dim_hidden_a2c": 8.578268026955872, "dim_hidden_lstm": 7.533433366254062, "embedding_learning_rate": -3.205506256895783, "embedding_size": 7.405755244341984, "entropy_error_coef": 0.07329358341747172, "lstm_learning_rate": -3.1125805183226123, "value_error_coef": 0.5366880737682296}, "datetime": {"datetime": "2022-10-20 01:39:17", "elapsed": 5294.872473, "delta": 199.543041}}
{"target": 0.40527, "params": {"dim_hidden_a2c": 5.110300017395583, "dim_hidden_lstm": 6.819114052934436, "embedding_learning_rate": -2.934083297501962, "embedding_size": 5.763427603370856, "entropy_error_coef": 0.33584721173467774, "lstm_learning_rate": -3.976429716935687, "value_error_coef": 0.6156078546828574}, "datetime": {"datetime": "2022-10-20 01:42:11", "elapsed": 5468.92868, "delta": 174.056207}}
{"target": 0.68038, "params": {"dim_hidden_a2c": 8.240081101018593, "dim_hidden_lstm": 7.367938500490407, "embedding_learning_rate": -3.1043028431613133, "embedding_size": 7.459957171666977, "entropy_error_coef": 0.3657309986544243, "lstm_learning_rate": -2.934210468547785, "value_error_coef": 0.24557764261955578}, "datetime": {"datetime": "2022-10-20 01:45:29", "elapsed": 5667.528687, "delta": 198.600007}}
{"target": 0.7204, "params": {"dim_hidden_a2c": 8.398840748804467, "dim_hidden_lstm": 7.491216372925075, "embedding_learning_rate": -3.2699419878371634, "embedding_size": 7.522550488122906, "entropy_error_coef": 0.34293558314790107, "lstm_learning_rate": -3.4475078028861605, "value_error_coef": 0.5238049508576563}, "datetime": {"datetime": "2022-10-20 01:49:01", "elapsed": 5879.655691, "delta": 212.127004}}
{"target": 0.68213, "params": {"dim_hidden_a2c": 8.331371212447486, "dim_hidden_lstm": 7.534786160784767, "embedding_learning_rate": -3.5741561112013587, "embedding_size": 7.372568718571317, "entropy_error_coef": 0.3773429354566844, "lstm_learning_rate": -3.1422460658154465, "value_error_coef": 0.1500876708026216}, "datetime": {"datetime": "2022-10-20 01:52:24", "elapsed": 6082.14179, "delta": 202.486099}}
{"target": 0.47631, "params": {"dim_hidden_a2c": 5.546017716196284, "dim_hidden_lstm": 5.302320998422089, "embedding_learning_rate": -4.200307456084717, "embedding_size": 8.756602328287324, "entropy_error_coef": 0.27649379063767554, "lstm_learning_rate": -3.4764437754990776, "value_error_coef": 0.5153246567742276}, "datetime": {"datetime": "2022-10-20 01:55:16", "elapsed": 6254.403576, "delta": 172.261786}}
{"target": 0.68355, "params": {"dim_hidden_a2c": 7.844444706557521, "dim_hidden_lstm": 7.287081155648362, "embedding_learning_rate": -2.835319138610455, "embedding_size": 7.406724521091599, "entropy_error_coef": 0.347384456283731, "lstm_learning_rate": -3.1551782360110083, "value_error_coef": 0.15539746595816284}, "datetime": {"datetime": "2022-10-20 01:58:26", "elapsed": 6444.840533, "delta": 190.436957}}
{"target": 0.72109, "params": {"dim_hidden_a2c": 8.223772143801622, "dim_hidden_lstm": 7.326189412622199, "embedding_learning_rate": -3.33804421340934, "embedding_size": 7.519320642197617, "entropy_error_coef": 0.2245978089015519, "lstm_learning_rate": -2.9141717405546643, "value_error_coef": 0.19136042407839754}, "datetime": {"datetime": "2022-10-20 02:01:38", "elapsed": 6636.438119, "delta": 191.597586}}
