{"target": 0.19813, "params": {"dim_hidden_a2c": 8.507750348694131, "dim_hidden_lstm": 5.086941226257386, "embedding_learning_rate": -3.602120085405892, "embedding_size": 6.705733304958417, "entropy_error_coef": 0.21413611272445565, "lstm_learning_rate": -3.623417877104301, "value_error_coef": 0.6462388778149883}, "datetime": {"datetime": "2022-10-24 05:35:18", "elapsed": 20519.475359, "delta": 295.074533}}
{"target": 0.22595, "params": {"dim_hidden_a2c": 6.770888967041487, "dim_hidden_lstm": 7.384833237465779, "embedding_learning_rate": -3.065330048584567, "embedding_size": 8.7543583879451, "entropy_error_coef": 0.027589741120382316, "lstm_learning_rate": -4.004490741216602, "value_error_coef": 0.3190091261133404}, "datetime": {"datetime": "2022-10-24 05:41:05", "elapsed": 20866.829152, "delta": 347.353793}}
{"target": 0.21075, "params": {"dim_hidden_a2c": 8.05934175587863, "dim_hidden_lstm": 8.564430418383754, "embedding_learning_rate": -4.921613587336394, "embedding_size": 8.18703769266445, "entropy_error_coef": 0.4819633753746501, "lstm_learning_rate": -3.023508306090599, "value_error_coef": 0.33090539976131345}, "datetime": {"datetime": "2022-10-24 05:52:19", "elapsed": 21540.506476, "delta": 673.677324}}
{"target": 0.18705, "params": {"dim_hidden_a2c": 6.642823401368195, "dim_hidden_lstm": 8.619430214275873, "embedding_learning_rate": -3.3473649370698277, "embedding_size": 5.327534277160394, "entropy_error_coef": 0.0, "lstm_learning_rate": -2.8863824538033667, "value_error_coef": 0.5286432386968445}, "datetime": {"datetime": "2022-10-24 06:03:23", "elapsed": 22205.165685, "delta": 664.659209}}
{"target": 0.21433, "params": {"dim_hidden_a2c": 6.826430613780529, "dim_hidden_lstm": 8.489368719455568, "embedding_learning_rate": -3.7190509526726734, "embedding_size": 5.501410934285885, "entropy_error_coef": 0.0, "lstm_learning_rate": -3.111810946366953, "value_error_coef": 0.4923311810449585}, "datetime": {"datetime": "2022-10-24 06:13:36", "elapsed": 22817.976495, "delta": 612.81081}}
{"target": 0.16992, "params": {"dim_hidden_a2c": 6.625712477086974, "dim_hidden_lstm": 7.229747968673738, "embedding_learning_rate": -3.000109744930165, "embedding_size": 8.524936362884718, "entropy_error_coef": 0.13303680272833318, "lstm_learning_rate": -3.9723544432004516, "value_error_coef": 0.7108499387168622}, "datetime": {"datetime": "2022-10-24 06:19:15", "elapsed": 23156.898989, "delta": 338.922494}}
{"target": 0.21455, "params": {"dim_hidden_a2c": 6.966223402105628, "dim_hidden_lstm": 7.987178657673354, "embedding_learning_rate": -4.100670890535169, "embedding_size": 7.9327864790036, "entropy_error_coef": 0.12302603742638629, "lstm_learning_rate": -2.7232687516946843, "value_error_coef": 0.19711944433656023}, "datetime": {"datetime": "2022-10-24 06:27:34", "elapsed": 23655.721295, "delta": 498.822306}}
{"target": 0.1956, "params": {"dim_hidden_a2c": 6.686819483302567, "dim_hidden_lstm": 8.878151754944009, "embedding_learning_rate": -2.966084865808285, "embedding_size": 8.592998460570616, "entropy_error_coef": 0.47677319329720397, "lstm_learning_rate": -2.635623048329244, "value_error_coef": 0.20009636034015726}, "datetime": {"datetime": "2022-10-24 06:42:54", "elapsed": 24576.401446, "delta": 920.680151}}
{"target": 0.17091, "params": {"dim_hidden_a2c": 6.63556767590433, "dim_hidden_lstm": 7.222833758285437, "embedding_learning_rate": -3.029252196164234, "embedding_size": 8.620041144240345, "entropy_error_coef": 0.09027087544638157, "lstm_learning_rate": -4.092770768366155, "value_error_coef": 0.13042352334260293}, "datetime": {"datetime": "2022-10-24 06:48:32", "elapsed": 24913.808424, "delta": 337.406978}}
{"target": 0.18368, "params": {"dim_hidden_a2c": 7.548608608410207, "dim_hidden_lstm": 8.599988086722625, "embedding_learning_rate": -2.3032395348436503, "embedding_size": 5.560546425735721, "entropy_error_coef": 0.0750473325557302, "lstm_learning_rate": -4.213795432681361, "value_error_coef": 0.7268030209158536}, "datetime": {"datetime": "2022-10-24 06:59:33", "elapsed": 25574.697843, "delta": 660.889419}}
{"target": 0.16242, "params": {"dim_hidden_a2c": 8.674494032051653, "dim_hidden_lstm": 5.0, "embedding_learning_rate": -3.6994852276240984, "embedding_size": 8.322147513905474, "entropy_error_coef": 0.0, "lstm_learning_rate": -2.0, "value_error_coef": 0.75}, "datetime": {"datetime": "2022-10-24 07:04:34", "elapsed": 25875.430561, "delta": 300.732718}}
{"target": 0.18305, "params": {"dim_hidden_a2c": 6.9942123749921805, "dim_hidden_lstm": 7.856172995156916, "embedding_learning_rate": -4.655086866968424, "embedding_size": 6.3727900027113265, "entropy_error_coef": 0.31912397765994777, "lstm_learning_rate": -3.7289766000764666, "value_error_coef": 0.7341272830429677}, "datetime": {"datetime": "2022-10-24 07:12:24", "elapsed": 26346.08988, "delta": 470.659319}}
{"target": 0.19579, "params": {"dim_hidden_a2c": 8.403219831464966, "dim_hidden_lstm": 5.1065838398128145, "embedding_learning_rate": -3.6304386574586838, "embedding_size": 7.974000066812284, "entropy_error_coef": 0.0, "lstm_learning_rate": -2.0, "value_error_coef": 0.75}, "datetime": {"datetime": "2022-10-24 07:17:25", "elapsed": 26646.684645, "delta": 300.594765}}
{"target": 0.16903, "params": {"dim_hidden_a2c": 6.764243133462124, "dim_hidden_lstm": 8.269760793068812, "embedding_learning_rate": -3.285201013440732, "embedding_size": 5.122905005285803, "entropy_error_coef": 0.06869448954658036, "lstm_learning_rate": -2.9107147078695164, "value_error_coef": 0.6963290650431035}, "datetime": {"datetime": "2022-10-24 07:26:29", "elapsed": 27190.76346, "delta": 544.078815}}
{"target": 0.20111, "params": {"dim_hidden_a2c": 5.585475271788232, "dim_hidden_lstm": 6.068633093058952, "embedding_learning_rate": -4.013475775236227, "embedding_size": 7.396442790295701, "entropy_error_coef": 0.09489803532618818, "lstm_learning_rate": -2.4095247792367913, "value_error_coef": 0.7418088320345191}, "datetime": {"datetime": "2022-10-24 07:31:33", "elapsed": 27494.727145, "delta": 303.963685}}
{"target": 0.17881, "params": {"dim_hidden_a2c": 7.279730857941614, "dim_hidden_lstm": 7.9610190805142516, "embedding_learning_rate": -2.0517982105015515, "embedding_size": 6.007936585922357, "entropy_error_coef": 0.2398001991978279, "lstm_learning_rate": -3.5778304372354817, "value_error_coef": 0.08417468930317545}, "datetime": {"datetime": "2022-10-24 07:39:39", "elapsed": 27980.762541, "delta": 486.035396}}
{"target": 0.25108, "params": {"dim_hidden_a2c": 7.954089188951006, "dim_hidden_lstm": 8.378611609145798, "embedding_learning_rate": -3.3754511629592128, "embedding_size": 5.873283044543889, "entropy_error_coef": 0.214117151308661, "lstm_learning_rate": -3.638788411380288, "value_error_coef": 0.3860810862433138}, "datetime": {"datetime": "2022-10-24 07:49:21", "elapsed": 28562.535287, "delta": 581.772746}}
{"target": 0.15252, "params": {"dim_hidden_a2c": 7.895388548278266, "dim_hidden_lstm": 8.257713610132472, "embedding_learning_rate": -3.427678938478358, "embedding_size": 5.800474919998211, "entropy_error_coef": 0.3160298610301412, "lstm_learning_rate": -3.5215839223498193, "value_error_coef": 0.27245839042374925}, "datetime": {"datetime": "2022-10-24 07:58:29", "elapsed": 29110.507856, "delta": 547.972569}}
{"target": 0.17909, "params": {"dim_hidden_a2c": 6.1452769473080435, "dim_hidden_lstm": 8.358939515098262, "embedding_learning_rate": -4.125790311056217, "embedding_size": 5.056596041835858, "entropy_error_coef": 0.42074317888713314, "lstm_learning_rate": -2.035991824709132, "value_error_coef": 0.022236291216071014}, "datetime": {"datetime": "2022-10-24 08:07:54", "elapsed": 29676.28672, "delta": 565.778864}}
{"target": 0.15565, "params": {"dim_hidden_a2c": 5.45064061161332, "dim_hidden_lstm": 7.874209351426035, "embedding_learning_rate": -4.741533592978734, "embedding_size": 8.523624990796005, "entropy_error_coef": 0.43896266432915215, "lstm_learning_rate": -2.087319570099446, "value_error_coef": 0.6562426621798566}, "datetime": {"datetime": "2022-10-24 08:15:53", "elapsed": 30155.020455, "delta": 478.733735}}
{"target": 0.18254, "params": {"dim_hidden_a2c": 7.568021455869545, "dim_hidden_lstm": 5.6153943760822544, "embedding_learning_rate": -3.5617892327806775, "embedding_size": 6.405013105030035, "entropy_error_coef": 9.525109624042294e-06, "lstm_learning_rate": -3.5523946987420505, "value_error_coef": 0.6061855170684707}, "datetime": {"datetime": "2022-10-24 08:20:51", "elapsed": 30452.664165, "delta": 297.64371}}
{"target": 0.22551, "params": {"dim_hidden_a2c": 6.006562778626764, "dim_hidden_lstm": 8.38972760301765, "embedding_learning_rate": -4.485208567740709, "embedding_size": 7.111659578833291, "entropy_error_coef": 0.07015444035469459, "lstm_learning_rate": -3.4531979302488303, "value_error_coef": 0.028555734907488334}, "datetime": {"datetime": "2022-10-24 08:30:31", "elapsed": 31032.583503, "delta": 579.919338}}
{"target": 0.174, "params": {"dim_hidden_a2c": 6.973543168284877, "dim_hidden_lstm": 8.51506408212444, "embedding_learning_rate": -3.7788019268676063, "embedding_size": 5.249963737783952, "entropy_error_coef": 0.005854749370140577, "lstm_learning_rate": -2.736265888095658, "value_error_coef": 0.5913862928788732}, "datetime": {"datetime": "2022-10-24 08:40:52", "elapsed": 31653.889593, "delta": 621.30609}}
{"target": 0.14095, "params": {"dim_hidden_a2c": 6.770375676107759, "dim_hidden_lstm": 7.3824607211013635, "embedding_learning_rate": -3.2745194050240976, "embedding_size": 8.712069139074819, "entropy_error_coef": 0.06091935998750975, "lstm_learning_rate": -4.101318827284791, "value_error_coef": 0.362219787506216}, "datetime": {"datetime": "2022-10-24 08:46:33", "elapsed": 31994.486551, "delta": 340.596958}}
{"target": 0.1866, "params": {"dim_hidden_a2c": 6.729646029664602, "dim_hidden_lstm": 8.417829275966294, "embedding_learning_rate": -3.8222521472838573, "embedding_size": 5.476968239393943, "entropy_error_coef": 0.3406162102145799, "lstm_learning_rate": -2.576804156453266, "value_error_coef": 0.6475233743867577}, "datetime": {"datetime": "2022-10-24 08:56:15", "elapsed": 32576.876099, "delta": 582.389548}}
{"target": 0.1005, "params": {"dim_hidden_a2c": 5.844374497329456, "dim_hidden_lstm": 6.763007748702945, "embedding_learning_rate": -4.834592318610349, "embedding_size": 8.775327984540606, "entropy_error_coef": 0.028601004075600567, "lstm_learning_rate": -4.293406220111502, "value_error_coef": 0.3946701725547641}, "datetime": {"datetime": "2022-10-24 09:01:46", "elapsed": 32907.943608, "delta": 331.067509}}
