{"target": 0.76097, "params": {"dim_hidden_lstm": 6.08511002351287, "lstm_learning_rate": -3.559351013115684, "value_error_coef": 8.578111300866498e-05}, "datetime": {"datetime": "2022-11-12 12:04:39", "elapsed": 0.0, "delta": 0.0}}
{"target": 0.30197, "params": {"dim_hidden_lstm": 5.511662863159199, "lstm_learning_rate": -4.706488218365774, "value_error_coef": 0.06925394607659835}, "datetime": {"datetime": "2022-11-12 12:34:52", "elapsed": 1813.252094, "delta": 1813.252094}}
{"target": 0.31081, "params": {"dim_hidden_lstm": 4.931301056888355, "lstm_learning_rate": -4.308878545913904, "value_error_coef": 0.29757560567300245}, "datetime": {"datetime": "2022-11-12 13:02:41", "elapsed": 3482.658394, "delta": 1669.4063}}
{"target": 0.74884, "params": {"dim_hidden_lstm": 6.694083670016784, "lstm_learning_rate": -4.161610971193411, "value_error_coef": 0.5139146252975696}, "datetime": {"datetime": "2022-11-12 13:35:32", "elapsed": 5452.69076, "delta": 1970.032366}}
{"target": 0.41278, "params": {"dim_hidden_lstm": 5.022261248657587, "lstm_learning_rate": -3.243765127218109, "value_error_coef": 0.020540694898444622}, "datetime": {"datetime": "2022-11-12 14:04:03", "elapsed": 7164.456094, "delta": 1711.765334}}
{"target": 0.54528, "params": {"dim_hidden_lstm": 7.007412141481434, "lstm_learning_rate": -3.2334346720752754, "value_error_coef": 0.09675834283921661}, "datetime": {"datetime": "2022-11-12 14:37:44", "elapsed": 9185.563872, "delta": 2021.107778}}
{"target": 0.76681, "params": {"dim_hidden_lstm": 6.27422136236286, "lstm_learning_rate": -3.5778962272674204, "value_error_coef": 0.7382238136119281}, "datetime": {"datetime": "2022-11-12 15:09:36", "elapsed": 11097.622653, "delta": 1912.058781}}
{"target": 0.30072, "params": {"dim_hidden_lstm": 7.637698337686873, "lstm_learning_rate": -4.831971892495117, "value_error_coef": 0.75}, "datetime": {"datetime": "2022-11-12 15:45:56", "elapsed": 13276.940089, "delta": 2179.317436}}
{"target": 0.76069, "params": {"dim_hidden_lstm": 6.532250579405884, "lstm_learning_rate": -3.9163779335875972, "value_error_coef": 0.009282963710715103}, "datetime": {"datetime": "2022-11-12 16:18:08", "elapsed": 15208.806497, "delta": 1931.866408}}
{"target": 0.77291, "params": {"dim_hidden_lstm": 9.0, "lstm_learning_rate": -3.0, "value_error_coef": 0.75}, "datetime": {"datetime": "2022-11-12 18:04:35", "elapsed": 21595.877435, "delta": 6387.070938}}
{"target": 0.76331, "params": {"dim_hidden_lstm": 9.0, "lstm_learning_rate": -3.4692716158745136, "value_error_coef": 0.0}, "datetime": {"datetime": "2022-11-12 19:51:12", "elapsed": 27993.608641, "delta": 6397.731206}}
{"target": 0.7665, "params": {"dim_hidden_lstm": 9.0, "lstm_learning_rate": -3.920779680478577, "value_error_coef": 0.75}, "datetime": {"datetime": "2022-11-12 21:37:57", "elapsed": 34398.532448, "delta": 6404.923807}}
