{"target": 0.85237, "params": {"dim_hidden_lstm": 5.6680880188102964, "lstm_learning_rate": -3.559351013115684, "value_error_coef": 8.578111300866498e-05}, "datetime": {"datetime": "2022-10-30 11:52:40", "elapsed": 0.0, "delta": 0.0}}
{"target": 0.5055, "params": {"dim_hidden_lstm": 5.209330290527359, "lstm_learning_rate": -4.706488218365774, "value_error_coef": 0.06925394607659835}, "datetime": {"datetime": "2022-10-30 11:54:40", "elapsed": 119.570632, "delta": 119.570632}}
{"target": 0.49875, "params": {"dim_hidden_lstm": 4.745040845510683, "lstm_learning_rate": -4.308878545913904, "value_error_coef": 0.29757560567300245}, "datetime": {"datetime": "2022-10-30 11:56:30", "elapsed": 229.539346, "delta": 109.968714}}
{"target": 0.51437, "params": {"dim_hidden_lstm": 6.155266936013428, "lstm_learning_rate": -4.161610971193411, "value_error_coef": 0.5139146252975696}, "datetime": {"datetime": "2022-10-30 11:58:27", "elapsed": 347.225579, "delta": 117.686233}}
{"target": 0.859, "params": {"dim_hidden_lstm": 4.81780899892607, "lstm_learning_rate": -3.243765127218109, "value_error_coef": 0.020540694898444622}, "datetime": {"datetime": "2022-10-30 12:00:10", "elapsed": 449.399794, "delta": 102.174215}}
{"target": 0.871, "params": {"dim_hidden_lstm": 5.459298089138841, "lstm_learning_rate": -3.0, "value_error_coef": 0.0}, "datetime": {"datetime": "2022-10-30 12:02:08", "elapsed": 568.19737, "delta": 118.797576}}
{"target": 0.86937, "params": {"dim_hidden_lstm": 4.0, "lstm_learning_rate": -3.0, "value_error_coef": 0.75}, "datetime": {"datetime": "2022-10-30 12:03:45", "elapsed": 664.680429, "delta": 96.483059}}
{"target": 0.88, "params": {"dim_hidden_lstm": 8.0, "lstm_learning_rate": -3.0, "value_error_coef": 0.0}, "datetime": {"datetime": "2022-10-30 12:06:57", "elapsed": 856.656808, "delta": 191.976379}}
{"target": 0.8775, "params": {"dim_hidden_lstm": 6.869816072805843, "lstm_learning_rate": -3.0, "value_error_coef": 0.0}, "datetime": {"datetime": "2022-10-30 12:09:06", "elapsed": 985.553447, "delta": 128.896639}}
{"target": 0.739, "params": {"dim_hidden_lstm": 8.0, "lstm_learning_rate": -4.271638962047024, "value_error_coef": 0.0}, "datetime": {"datetime": "2022-10-30 12:12:12", "elapsed": 1171.816677, "delta": 186.26323}}
{"target": 0.87525, "params": {"dim_hidden_lstm": 7.613349547342632, "lstm_learning_rate": -3.0, "value_error_coef": 0.75}, "datetime": {"datetime": "2022-10-30 12:14:31", "elapsed": 1311.236941, "delta": 139.420264}}
{"target": 0.85712, "params": {"dim_hidden_lstm": 4.0, "lstm_learning_rate": -3.0, "value_error_coef": 0.0}, "datetime": {"datetime": "2022-10-30 12:16:10", "elapsed": 1409.951264, "delta": 98.714323}}
{"target": 0.87, "params": {"dim_hidden_lstm": 5.082118698794525, "lstm_learning_rate": -3.0, "value_error_coef": 0.75}, "datetime": {"datetime": "2022-10-30 12:18:00", "elapsed": 1519.845001, "delta": 109.893737}}
{"target": 0.87662, "params": {"dim_hidden_lstm": 6.31170003184147, "lstm_learning_rate": -3.0, "value_error_coef": 0.75}, "datetime": {"datetime": "2022-10-30 12:20:08", "elapsed": 1647.268113, "delta": 127.423112}}
{"target": 0.873, "params": {"dim_hidden_lstm": 8.0, "lstm_learning_rate": -3.615322853029036, "value_error_coef": 0.75}, "datetime": {"datetime": "2022-10-30 12:23:16", "elapsed": 1835.889587, "delta": 188.621474}}
{"target": 0.50325, "params": {"dim_hidden_lstm": 8.0, "lstm_learning_rate": -5.0, "value_error_coef": 0.75}, "datetime": {"datetime": "2022-10-30 12:26:27", "elapsed": 2026.828318, "delta": 190.938731}}
{"target": 0.87225, "params": {"dim_hidden_lstm": 6.187069120674684, "lstm_learning_rate": -3.0, "value_error_coef": 0.0}, "datetime": {"datetime": "2022-10-30 12:28:31", "elapsed": 2150.915501, "delta": 124.087183}}
{"target": 0.87787, "params": {"dim_hidden_lstm": 7.518490057512722, "lstm_learning_rate": -3.4645485084398824, "value_error_coef": 0.0}, "datetime": {"datetime": "2022-10-30 12:30:47", "elapsed": 2286.631952, "delta": 135.716451}}
{"target": 0.87412, "params": {"dim_hidden_lstm": 6.950467686143949, "lstm_learning_rate": -3.0, "value_error_coef": 0.75}, "datetime": {"datetime": "2022-10-30 12:32:51", "elapsed": 2410.32926, "delta": 123.697308}}
{"target": 0.86575, "params": {"dim_hidden_lstm": 7.9809516630195425, "lstm_learning_rate": -3.324868709275468, "value_error_coef": 0.28038558401214575}, "datetime": {"datetime": "2022-10-30 12:35:47", "elapsed": 2586.655678, "delta": 176.326418}}
{"target": 0.86075, "params": {"dim_hidden_lstm": 4.517841362508771, "lstm_learning_rate": -3.0, "value_error_coef": 0.4366226608878177}, "datetime": {"datetime": "2022-10-30 12:37:24", "elapsed": 2683.409633, "delta": 96.753955}}
{"target": 0.87925, "params": {"dim_hidden_lstm": 7.469112228801354, "lstm_learning_rate": -3.0, "value_error_coef": 0.0}, "datetime": {"datetime": "2022-10-30 12:39:37", "elapsed": 2816.33098, "delta": 132.921347}}
{"target": 0.86662, "params": {"dim_hidden_lstm": 5.698130628646797, "lstm_learning_rate": -3.0, "value_error_coef": 0.75}, "datetime": {"datetime": "2022-10-30 12:41:35", "elapsed": 2934.641017, "delta": 118.310037}}
{"target": 0.8715, "params": {"dim_hidden_lstm": 7.447550352701017, "lstm_learning_rate": -3.472593280428169, "value_error_coef": 0.75}, "datetime": {"datetime": "2022-10-30 12:43:48", "elapsed": 3068.030213, "delta": 133.389196}}
{"target": 0.87525, "params": {"dim_hidden_lstm": 8.0, "lstm_learning_rate": -3.0, "value_error_coef": 0.75}, "datetime": {"datetime": "2022-10-30 12:46:48", "elapsed": 3247.532614, "delta": 179.502401}}
{"target": 0.87912, "params": {"dim_hidden_lstm": 6.7421265476644905, "lstm_learning_rate": -3.4215859551714978, "value_error_coef": 0.0}, "datetime": {"datetime": "2022-10-30 12:48:53", "elapsed": 3372.839405, "delta": 125.306791}}
{"target": 0.867, "params": {"dim_hidden_lstm": 7.140702125911462, "lstm_learning_rate": -3.2458187277019745, "value_error_coef": 0.31587295189177467}, "datetime": {"datetime": "2022-10-30 12:51:06", "elapsed": 3505.317895, "delta": 132.47849}}
{"target": 0.87462, "params": {"dim_hidden_lstm": 4.824086831960981, "lstm_learning_rate": -3.0, "value_error_coef": 0.0}, "datetime": {"datetime": "2022-10-30 12:52:51", "elapsed": 3610.30221, "delta": 104.984315}}
{"target": 0.87162, "params": {"dim_hidden_lstm": 5.206047637246278, "lstm_learning_rate": -3.0, "value_error_coef": 0.3594049897495288}, "datetime": {"datetime": "2022-10-30 12:54:44", "elapsed": 3723.279955, "delta": 112.977745}}
{"target": 0.87525, "params": {"dim_hidden_lstm": 6.148625546677279, "lstm_learning_rate": -3.3300245582100367, "value_error_coef": 0.0}, "datetime": {"datetime": "2022-10-30 12:56:46", "elapsed": 3846.032565, "delta": 122.75261}}
{"target": 0.88137, "params": {"dim_hidden_lstm": 6.509527921193351, "lstm_learning_rate": -3.0, "value_error_coef": 0.3748420230914257}, "datetime": {"datetime": "2022-10-30 12:58:45", "elapsed": 3964.539539, "delta": 118.506974}}
{"target": 0.8765, "params": {"dim_hidden_lstm": 7.829117718772794, "lstm_learning_rate": -3.321576227605282, "value_error_coef": 0.75}, "datetime": {"datetime": "2022-10-30 13:01:01", "elapsed": 4101.120712, "delta": 136.581173}}
{"target": 0.87387, "params": {"dim_hidden_lstm": 6.028911065036481, "lstm_learning_rate": -3.0342659674063746, "value_error_coef": 0.40211448092246693}, "datetime": {"datetime": "2022-10-30 13:02:57", "elapsed": 4216.405718, "delta": 115.285006}}
{"target": 0.88162, "params": {"dim_hidden_lstm": 7.134233203630749, "lstm_learning_rate": -3.3128005473448594, "value_error_coef": 0.0}, "datetime": {"datetime": "2022-10-30 13:05:02", "elapsed": 4341.345629, "delta": 124.939911}}
{"target": 0.87625, "params": {"dim_hidden_lstm": 6.558762619434272, "lstm_learning_rate": -3.1859143686639495, "value_error_coef": 0.0}, "datetime": {"datetime": "2022-10-30 13:07:00", "elapsed": 4460.13451, "delta": 118.788881}}
{"target": 0.86437, "params": {"dim_hidden_lstm": 7.183515910418071, "lstm_learning_rate": -3.7094765406058343, "value_error_coef": 0.0}, "datetime": {"datetime": "2022-10-30 13:09:05", "elapsed": 4584.269677, "delta": 124.135167}}
{"target": 0.87887, "params": {"dim_hidden_lstm": 5.75356473745088, "lstm_learning_rate": -3.2293303345361113, "value_error_coef": 0.0}, "datetime": {"datetime": "2022-10-30 13:10:58", "elapsed": 4697.29941, "delta": 113.029733}}
{"target": 0.87362, "params": {"dim_hidden_lstm": 8.0, "lstm_learning_rate": -3.4531486905959086, "value_error_coef": 0.0}, "datetime": {"datetime": "2022-10-30 13:13:54", "elapsed": 4873.602836, "delta": 176.303426}}
{"target": 0.85662, "params": {"dim_hidden_lstm": 5.325875642280183, "lstm_learning_rate": -3.2834670809177737, "value_error_coef": 0.005783697538884552}, "datetime": {"datetime": "2022-10-30 13:15:46", "elapsed": 4985.312008, "delta": 111.709172}}
{"target": 0.88037, "params": {"dim_hidden_lstm": 7.76445281825272, "lstm_learning_rate": -3.1806944138439843, "value_error_coef": 0.0}, "datetime": {"datetime": "2022-10-30 13:17:58", "elapsed": 5118.080387, "delta": 132.768379}}
{"target": 0.87062, "params": {"dim_hidden_lstm": 4.50532001734926, "lstm_learning_rate": -3.0, "value_error_coef": 0.75}, "datetime": {"datetime": "2022-10-30 13:19:36", "elapsed": 5215.389162, "delta": 97.308775}}
{"target": 0.87387, "params": {"dim_hidden_lstm": 6.614697909730559, "lstm_learning_rate": -3.0, "value_error_coef": 0.6452983335596222}, "datetime": {"datetime": "2022-10-30 13:21:35", "elapsed": 5335.186721, "delta": 119.797559}}
{"target": 0.87537, "params": {"dim_hidden_lstm": 7.345636967713395, "lstm_learning_rate": -3.1867183272376014, "value_error_coef": 0.7364851727159922}, "datetime": {"datetime": "2022-10-30 13:23:42", "elapsed": 5461.673134, "delta": 126.486413}}
{"target": 0.86662, "params": {"dim_hidden_lstm": 4.3995842412806425, "lstm_learning_rate": -3.054359769448573, "value_error_coef": 0.012226385703852732}, "datetime": {"datetime": "2022-10-30 13:25:19", "elapsed": 5558.693001, "delta": 97.019867}}
{"target": 0.86162, "params": {"dim_hidden_lstm": 5.663021183723582, "lstm_learning_rate": -3.0, "value_error_coef": 0.30266574526478895}, "datetime": {"datetime": "2022-10-30 13:27:11", "elapsed": 5670.681068, "delta": 111.988067}}
