{"target": 0.63871, "params": {"dim_hidden_a2c": 7.189880073809043, "dim_hidden_lstm": 7.100763935683105, "embedding_learning_rate": -2.0341093713086638, "embedding_size": 7.616914426579653, "entropy_error_coef": 0.4810286897722455, "lstm_learning_rate": -3.410156801125995, "value_error_coef": 0.6588421193987907}, "datetime": {"datetime": "2022-10-22 07:07:24", "elapsed": 23415.062338, "delta": 200.417836}}
{"target": 0.60304, "params": {"dim_hidden_a2c": 7.1598235661249054, "dim_hidden_lstm": 7.058421878798021, "embedding_learning_rate": -2.695820404936453, "embedding_size": 8.550275833528127, "entropy_error_coef": 0.3364913163991604, "lstm_learning_rate": -3.210324690397952, "value_error_coef": 0.7450252241579536}, "datetime": {"datetime": "2022-10-22 07:10:46", "elapsed": 23617.805431, "delta": 202.743093}}
{"target": 0.63872, "params": {"dim_hidden_a2c": 7.973506858078571, "dim_hidden_lstm": 7.090208819033862, "embedding_learning_rate": -2.1913758947061055, "embedding_size": 7.28331612906993, "entropy_error_coef": 0.46738927282747994, "lstm_learning_rate": -3.4923031872481447, "value_error_coef": 0.5572475883727528}, "datetime": {"datetime": "2022-10-22 07:14:06", "elapsed": 23817.21661, "delta": 199.411179}}
{"target": 0.73342, "params": {"dim_hidden_a2c": 7.779214750116133, "dim_hidden_lstm": 7.4829275836622156, "embedding_learning_rate": -2.8860264559329023, "embedding_size": 8.315742475615435, "entropy_error_coef": 0.26936956225333153, "lstm_learning_rate": -3.1409585816445587, "value_error_coef": 0.684676754385232}, "datetime": {"datetime": "2022-10-22 07:17:35", "elapsed": 24026.34264, "delta": 209.12603}}
{"target": 0.58804, "params": {"dim_hidden_a2c": 7.234240269607062, "dim_hidden_lstm": 8.573109302862456, "embedding_learning_rate": -2.813747248880614, "embedding_size": 5.740822242447819, "entropy_error_coef": 0.1804867039306086, "lstm_learning_rate": -2.6543881245826473, "value_error_coef": 0.20469294078829825}, "datetime": {"datetime": "2022-10-22 07:23:34", "elapsed": 24385.005829, "delta": 358.663189}}
{"target": 0.58251, "params": {"dim_hidden_a2c": 6.2534074722417206, "dim_hidden_lstm": 7.45101686912134, "embedding_learning_rate": -3.7536102367526563, "embedding_size": 6.989651151673037, "entropy_error_coef": 0.40805929018496384, "lstm_learning_rate": -3.036918090070994, "value_error_coef": 0.7097598049156275}, "datetime": {"datetime": "2022-10-22 07:26:55", "elapsed": 24586.429327, "delta": 201.423498}}
{"target": 0.69608, "params": {"dim_hidden_a2c": 7.698066702560241, "dim_hidden_lstm": 7.662653496405886, "embedding_learning_rate": -2.6924304084292405, "embedding_size": 8.402531084859355, "entropy_error_coef": 0.3674313903544105, "lstm_learning_rate": -2.9078350135369537, "value_error_coef": 0.49878821354343145}, "datetime": {"datetime": "2022-10-22 07:30:27", "elapsed": 24798.251513, "delta": 211.822186}}
{"target": 0.30655, "params": {"dim_hidden_a2c": 8.655016582178693, "dim_hidden_lstm": 7.106753080802675, "embedding_learning_rate": -3.3654005119058605, "embedding_size": 7.646496209461789, "entropy_error_coef": 0.3490834277350477, "lstm_learning_rate": -2.198515459445924, "value_error_coef": 0.4755757726779868}, "datetime": {"datetime": "2022-10-22 07:33:49", "elapsed": 25000.768677, "delta": 202.517164}}
{"target": 0.41126, "params": {"dim_hidden_a2c": 7.412522876197082, "dim_hidden_lstm": 7.187826749580792, "embedding_learning_rate": -2.3810907924337026, "embedding_size": 8.993157620402686, "entropy_error_coef": 0.42940535141276487, "lstm_learning_rate": -2.0596739326223727, "value_error_coef": 0.5978222429534595}, "datetime": {"datetime": "2022-10-22 07:37:17", "elapsed": 25208.330226, "delta": 207.561549}}
{"target": 0.6653, "params": {"dim_hidden_a2c": 8.973933686325674, "dim_hidden_lstm": 8.79485334759606, "embedding_learning_rate": -3.1346267182105017, "embedding_size": 8.690413864914193, "entropy_error_coef": 0.43845788865895674, "lstm_learning_rate": -2.7197888770940617, "value_error_coef": 0.6553126244345286}, "datetime": {"datetime": "2022-10-22 07:45:27", "elapsed": 25698.36734, "delta": 490.037114}}
{"target": 0.6496, "params": {"dim_hidden_a2c": 7.907189439578669, "dim_hidden_lstm": 7.390524699062212, "embedding_learning_rate": -2.984534972633545, "embedding_size": 8.806224807830736, "entropy_error_coef": 0.4641725614939992, "lstm_learning_rate": -2.9336152952850734, "value_error_coef": 0.5434765563907964}, "datetime": {"datetime": "2022-10-22 07:48:57", "elapsed": 25908.232152, "delta": 209.864812}}
{"target": 0.68164, "params": {"dim_hidden_a2c": 8.562802396343058, "dim_hidden_lstm": 8.30194948036678, "embedding_learning_rate": -2.3279987169789607, "embedding_size": 7.496402604813771, "entropy_error_coef": 0.3395959869276411, "lstm_learning_rate": -3.234676180964923, "value_error_coef": 0.6993793571759327}, "datetime": {"datetime": "2022-10-22 07:54:00", "elapsed": 26211.983906, "delta": 303.751754}}
{"target": 0.43058, "params": {"dim_hidden_a2c": 7.064615756370466, "dim_hidden_lstm": 8.900938823789152, "embedding_learning_rate": -2.260794711358201, "embedding_size": 8.883744793512529, "entropy_error_coef": 0.3191880302619884, "lstm_learning_rate": -2.161731536714149, "value_error_coef": 0.7428646259369946}, "datetime": {"datetime": "2022-10-22 08:02:50", "elapsed": 26741.426405, "delta": 529.442499}}
{"target": 0.74519, "params": {"dim_hidden_a2c": 8.442816715975255, "dim_hidden_lstm": 8.355506126970866, "embedding_learning_rate": -2.993914728582033, "embedding_size": 7.310125566396872, "entropy_error_coef": 0.26000868126715204, "lstm_learning_rate": -3.4643344857378944, "value_error_coef": 0.5597482014412135}, "datetime": {"datetime": "2022-10-22 08:08:23", "elapsed": 27074.533761, "delta": 333.107356}}
{"target": 0.50926, "params": {"dim_hidden_a2c": 7.238311303309741, "dim_hidden_lstm": 7.573713061407966, "embedding_learning_rate": -3.3546029272276767, "embedding_size": 7.6599641998234445, "entropy_error_coef": 0.25819726193870324, "lstm_learning_rate": -2.4592381486455, "value_error_coef": 0.4938706182793477}, "datetime": {"datetime": "2022-10-22 08:11:48", "elapsed": 27279.910028, "delta": 205.376267}}
{"target": 0.68848, "params": {"dim_hidden_a2c": 7.260168563921766, "dim_hidden_lstm": 8.953743181905335, "embedding_learning_rate": -2.4411043619575516, "embedding_size": 8.50988413863828, "entropy_error_coef": 0.38808525679069994, "lstm_learning_rate": -3.3977887550300174, "value_error_coef": 0.6848147332083416}, "datetime": {"datetime": "2022-10-22 08:20:43", "elapsed": 27814.750782, "delta": 534.840754}}
{"target": 0.44902, "params": {"dim_hidden_a2c": 7.4689930000819, "dim_hidden_lstm": 7.526134474934775, "embedding_learning_rate": -2.0785208991606927, "embedding_size": 8.558945602067618, "entropy_error_coef": 0.3229723287043791, "lstm_learning_rate": -2.1058493489954557, "value_error_coef": 0.6711280862694784}, "datetime": {"datetime": "2022-10-22 08:24:11", "elapsed": 28022.770184, "delta": 208.019402}}
{"target": 0.6405, "params": {"dim_hidden_a2c": 8.773525814730903, "dim_hidden_lstm": 7.181376405976744, "embedding_learning_rate": -2.154388028633402, "embedding_size": 8.01008854675671, "entropy_error_coef": 0.4634626341913879, "lstm_learning_rate": -3.2327156793089564, "value_error_coef": 0.6455440356728959}, "datetime": {"datetime": "2022-10-22 08:27:38", "elapsed": 28229.93686, "delta": 207.166676}}
{"target": 0.70512, "params": {"dim_hidden_a2c": 8.625853935502208, "dim_hidden_lstm": 7.855396292740428, "embedding_learning_rate": -2.637378977379293, "embedding_size": 7.071967508044672, "entropy_error_coef": 0.28652655410713235, "lstm_learning_rate": -2.3327033377996265, "value_error_coef": 0.6008523574824547}, "datetime": {"datetime": "2022-10-22 08:32:14", "elapsed": 28505.573616, "delta": 275.636756}}
{"target": 0.72793, "params": {"dim_hidden_a2c": 7.8610229295266985, "dim_hidden_lstm": 8.49672838050138, "embedding_learning_rate": -2.1409743723948482, "embedding_size": 7.816815776276591, "entropy_error_coef": 0.2718007210555954, "lstm_learning_rate": -3.4281777740803303, "value_error_coef": 0.424142874583938}, "datetime": {"datetime": "2022-10-22 08:38:13", "elapsed": 28864.224793, "delta": 358.651177}}
