{"target": 0.40022, "params": {"dim_hidden_a2c": 7.93809533685298, "dim_hidden_lstm": 6.214311198130241, "embedding_learning_rate": -3.529402603573743, "embedding_size": 6.887971636199028, "entropy_error_coef": 0.25447490291659053, "lstm_learning_rate": -3.9269484244714925, "value_error_coef": 0.1396616199154453}, "datetime": {"datetime": "2022-10-21 07:31:06", "elapsed": 27998.760414, "delta": 159.107446}}
{"target": 0.4314, "params": {"dim_hidden_a2c": 5.96120761875911, "dim_hidden_lstm": 6.681921143875361, "embedding_learning_rate": -3.4989961544031405, "embedding_size": 8.135340206863257, "entropy_error_coef": 0.14025689695513638, "lstm_learning_rate": -4.868240508058053, "value_error_coef": 0.598189581394478}, "datetime": {"datetime": "2022-10-21 07:35:52", "elapsed": 28284.972373, "delta": 286.211959}}
{"target": 0.41874, "params": {"dim_hidden_a2c": 7.8813442975524115, "dim_hidden_lstm": 5.459071762238403, "embedding_learning_rate": -3.4582704399002537, "embedding_size": 6.131583054813359, "entropy_error_coef": 0.35986893702373846, "lstm_learning_rate": -3.851412955219912, "value_error_coef": 0.5604650925756872}, "datetime": {"datetime": "2022-10-21 07:38:21", "elapsed": 28433.648414, "delta": 148.676041}}
{"target": 0.63285, "params": {"dim_hidden_a2c": 8.915623564133133, "dim_hidden_lstm": 8.824450956729223, "embedding_learning_rate": -4.195883929219101, "embedding_size": 8.325114958635307, "entropy_error_coef": 0.4187637186631783, "lstm_learning_rate": -3.92989881353195, "value_error_coef": 0.04950525435540398}, "datetime": {"datetime": "2022-10-21 07:42:50", "elapsed": 28702.943447, "delta": 269.295033}}
{"target": 0.47176, "params": {"dim_hidden_a2c": 8.118044177366706, "dim_hidden_lstm": 8.338638711964336, "embedding_learning_rate": -2.4649807634601304, "embedding_size": 6.886428887206256, "entropy_error_coef": 0.41510109473004125, "lstm_learning_rate": -3.919174607109248, "value_error_coef": 0.3791740394843113}, "datetime": {"datetime": "2022-10-21 07:48:34", "elapsed": 29046.830168, "delta": 343.886721}}
{"target": 0.16469, "params": {"dim_hidden_a2c": 5.324517101436682, "dim_hidden_lstm": 5.024327670951992, "embedding_learning_rate": -4.7587792465946555, "embedding_size": 5.900998593916954, "entropy_error_coef": 0.39779928909072076, "lstm_learning_rate": -2.480136721191089, "value_error_coef": 0.6603618409243661}, "datetime": {"datetime": "2022-10-21 07:50:54", "elapsed": 29186.776148, "delta": 139.94598}}
{"target": 0.43128, "params": {"dim_hidden_a2c": 6.864320105993093, "dim_hidden_lstm": 6.403366290900758, "embedding_learning_rate": -3.1794520142112574, "embedding_size": 7.520496807161514, "entropy_error_coef": 0.08151266251092726, "lstm_learning_rate": -2.2146887987511064, "value_error_coef": 0.6133244179543232}, "datetime": {"datetime": "2022-10-21 07:54:14", "elapsed": 29386.841616, "delta": 200.065468}}
{"target": 0.42284, "params": {"dim_hidden_a2c": 5.709117428937983, "dim_hidden_lstm": 7.2685691775664765, "embedding_learning_rate": -2.5146579829456255, "embedding_size": 5.419838186895991, "entropy_error_coef": 0.24751604900132929, "lstm_learning_rate": -4.977891259657638, "value_error_coef": 0.26077644598797567}, "datetime": {"datetime": "2022-10-21 07:57:37", "elapsed": 29589.722108, "delta": 202.880492}}
{"target": 0.63051, "params": {"dim_hidden_a2c": 5.023690883024738, "dim_hidden_lstm": 8.094710143555618, "embedding_learning_rate": -2.5873091037702536, "embedding_size": 7.207815184915807, "entropy_error_coef": 0.4574543169872208, "lstm_learning_rate": -3.4250682233098972, "value_error_coef": 0.38783040764334564}, "datetime": {"datetime": "2022-10-21 08:01:21", "elapsed": 29814.225405, "delta": 224.503297}}
{"target": 0.37581, "params": {"dim_hidden_a2c": 7.995264949578467, "dim_hidden_lstm": 5.630273181005025, "embedding_learning_rate": -4.137620356145991, "embedding_size": 6.295540245237824, "entropy_error_coef": 0.22016882527513248, "lstm_learning_rate": -4.6831701841952516, "value_error_coef": 0.4942793120633669}, "datetime": {"datetime": "2022-10-21 08:04:00", "elapsed": 29973.050764, "delta": 158.825359}}
{"target": 0.23593, "params": {"dim_hidden_a2c": 7.2831816589864005, "dim_hidden_lstm": 7.7803890423284, "embedding_learning_rate": -4.45325476772771, "embedding_size": 7.253124649888045, "entropy_error_coef": 0.20855276190306765, "lstm_learning_rate": -2.52142547846472, "value_error_coef": 0.7014644216713924}, "datetime": {"datetime": "2022-10-21 08:08:00", "elapsed": 30212.883823, "delta": 239.833059}}
{"target": 0.39987, "params": {"dim_hidden_a2c": 6.2735173070948695, "dim_hidden_lstm": 8.488017141644857, "embedding_learning_rate": -2.555172890510315, "embedding_size": 7.542559154859927, "entropy_error_coef": 0.47936886222482633, "lstm_learning_rate": -2.2989399733310445, "value_error_coef": 0.7036297202026291}, "datetime": {"datetime": "2022-10-21 08:14:12", "elapsed": 30584.877906, "delta": 371.994083}}
{"target": 0.3587, "params": {"dim_hidden_a2c": 6.265428107656067, "dim_hidden_lstm": 5.815401882596238, "embedding_learning_rate": -3.9097296162973185, "embedding_size": 5.297551403967847, "entropy_error_coef": 0.2828773985495958, "lstm_learning_rate": -4.2130604802700855, "value_error_coef": 0.3900799273692743}, "datetime": {"datetime": "2022-10-21 08:16:38", "elapsed": 30730.772397, "delta": 145.894491}}
{"target": 0.41022, "params": {"dim_hidden_a2c": 8.827815278929258, "dim_hidden_lstm": 7.054301116909349, "embedding_learning_rate": -2.3656863854290964, "embedding_size": 8.278825658992087, "entropy_error_coef": 0.161501302052798, "lstm_learning_rate": -4.400562176099442, "value_error_coef": 0.45321532662024616}, "datetime": {"datetime": "2022-10-21 08:23:01", "elapsed": 31113.846424, "delta": 383.074027}}
{"target": 0.42355, "params": {"dim_hidden_a2c": 6.102778842550992, "dim_hidden_lstm": 5.52488766504268, "embedding_learning_rate": -3.163832154527008, "embedding_size": 6.298598501620447, "entropy_error_coef": 0.42052289035242446, "lstm_learning_rate": -4.120633888913001, "value_error_coef": 0.23256683785839719}, "datetime": {"datetime": "2022-10-21 08:25:26", "elapsed": 31259.267009, "delta": 145.420585}}
{"target": 0.37666, "params": {"dim_hidden_a2c": 5.891777206445415, "dim_hidden_lstm": 5.539056100382094, "embedding_learning_rate": -3.8462987060306886, "embedding_size": 7.176858428077103, "entropy_error_coef": 0.06614858767031051, "lstm_learning_rate": -4.85471501862028, "value_error_coef": 0.26736605166603333}, "datetime": {"datetime": "2022-10-21 08:27:50", "elapsed": 31403.336776, "delta": 144.069767}}
{"target": 0.54529, "params": {"dim_hidden_a2c": 7.576552362361832, "dim_hidden_lstm": 5.401623625265699, "embedding_learning_rate": -2.245948206874525, "embedding_size": 7.278186346026484, "entropy_error_coef": 0.2198070786108678, "lstm_learning_rate": -2.662790738194969, "value_error_coef": 0.20169240545300965}, "datetime": {"datetime": "2022-10-21 08:30:16", "elapsed": 31549.410528, "delta": 146.073752}}
{"target": 0.73589, "params": {"dim_hidden_a2c": 6.247528917413033, "dim_hidden_lstm": 5.517751620386901, "embedding_learning_rate": -3.084327261651021, "embedding_size": 8.267503776739284, "entropy_error_coef": 0.06616581109581665, "lstm_learning_rate": -3.2259524303865477, "value_error_coef": 0.016089350090177118}, "datetime": {"datetime": "2022-10-21 08:33:22", "elapsed": 31735.491278, "delta": 186.08075}}
{"target": 0.42825, "params": {"dim_hidden_a2c": 7.637436561189183, "dim_hidden_lstm": 7.48047083325906, "embedding_learning_rate": -3.080058632831938, "embedding_size": 8.20307008370575, "entropy_error_coef": 0.3074153446009009, "lstm_learning_rate": -4.1018570589228265, "value_error_coef": 0.16079825475987386}, "datetime": {"datetime": "2022-10-21 08:37:33", "elapsed": 31986.27501, "delta": 250.783732}}
{"target": 0.34292, "params": {"dim_hidden_a2c": 5.21928531208751, "dim_hidden_lstm": 6.611317193437047, "embedding_learning_rate": -4.245145376645257, "embedding_size": 5.043090446636116, "entropy_error_coef": 0.3087792456108437, "lstm_learning_rate": -4.462301755188421, "value_error_coef": 0.5124964713012797}, "datetime": {"datetime": "2022-10-21 08:40:42", "elapsed": 32174.980747, "delta": 188.705737}}
{"target": 0.10369, "params": {"dim_hidden_a2c": 6.258462614369729, "dim_hidden_lstm": 8.598874929366396, "embedding_learning_rate": -4.825452201743225, "embedding_size": 7.187245670824401, "entropy_error_coef": 0.08322742107937159, "lstm_learning_rate": -2.205422898912734, "value_error_coef": 0.04993234179836725}, "datetime": {"datetime": "2022-10-21 08:44:54", "elapsed": 32427.389286, "delta": 252.408539}}
{"target": 0.40721, "params": {"dim_hidden_a2c": 5.2084972393021305, "dim_hidden_lstm": 6.870563730248135, "embedding_learning_rate": -2.0669442778749176, "embedding_size": 7.776087382900908, "entropy_error_coef": 0.18167709654142716, "lstm_learning_rate": -2.7092938055953826, "value_error_coef": 0.451974606685533}, "datetime": {"datetime": "2022-10-21 08:48:50", "elapsed": 32663.437525, "delta": 236.048239}}
{"target": 0.4373, "params": {"dim_hidden_a2c": 7.40126744859756, "dim_hidden_lstm": 5.6126894733001516, "embedding_learning_rate": -2.22438861612391, "embedding_size": 5.190068304568035, "entropy_error_coef": 0.41684618699183373, "lstm_learning_rate": -4.034561567631196, "value_error_coef": 0.7426044076054863}, "datetime": {"datetime": "2022-10-21 08:51:16", "elapsed": 32809.058933, "delta": 145.621408}}
{"target": 0.22799, "params": {"dim_hidden_a2c": 5.000896508082908, "dim_hidden_lstm": 8.373930261091244, "embedding_learning_rate": -4.073431739658524, "embedding_size": 8.1376741778916, "entropy_error_coef": 0.34912518719839164, "lstm_learning_rate": -2.0898971013339946, "value_error_coef": 0.23537695489170898}, "datetime": {"datetime": "2022-10-21 09:00:51", "elapsed": 33384.307631, "delta": 575.248698}}
{"target": 0.69395, "params": {"dim_hidden_a2c": 5.799393394868659, "dim_hidden_lstm": 7.211756417933085, "embedding_learning_rate": -4.267566016139643, "embedding_size": 8.243236909804361, "entropy_error_coef": 0.040348270810978415, "lstm_learning_rate": -3.405864928692067, "value_error_coef": 0.06629458309204816}, "datetime": {"datetime": "2022-10-21 09:05:14", "elapsed": 33646.841926, "delta": 262.534295}}
{"target": 0.65421, "params": {"dim_hidden_a2c": 8.585302087022399, "dim_hidden_lstm": 6.554994774780097, "embedding_learning_rate": -3.746761209497703, "embedding_size": 5.753212980471961, "entropy_error_coef": 0.007397331696551379, "lstm_learning_rate": -3.6268474223774616, "value_error_coef": 0.5869792910168166}, "datetime": {"datetime": "2022-10-21 09:08:23", "elapsed": 33836.378515, "delta": 189.536589}}
{"target": 0.69296, "params": {"dim_hidden_a2c": 6.300494270021897, "dim_hidden_lstm": 7.192271541311751, "embedding_learning_rate": -3.6879637379522516, "embedding_size": 7.240691248593759, "entropy_error_coef": 0.31072081320565187, "lstm_learning_rate": -3.0287685182401067, "value_error_coef": 0.5805777094637504}, "datetime": {"datetime": "2022-10-21 09:11:50", "elapsed": 34043.528313, "delta": 207.149798}}
{"target": 0.43463, "params": {"dim_hidden_a2c": 5.335948871355374, "dim_hidden_lstm": 7.331084862396224, "embedding_learning_rate": -3.082835302813068, "embedding_size": 5.230377234918943, "entropy_error_coef": 0.3161474947541353, "lstm_learning_rate": -3.7371151856991625, "value_error_coef": 0.14914183949381318}, "datetime": {"datetime": "2022-10-21 09:15:28", "elapsed": 34260.770009, "delta": 217.241696}}
{"target": 0.53182, "params": {"dim_hidden_a2c": 7.53828432783088, "dim_hidden_lstm": 8.34676107256264, "embedding_learning_rate": -4.77081292127925, "embedding_size": 6.465463396797314, "entropy_error_coef": 0.3932806827016513, "lstm_learning_rate": -3.683027945315806, "value_error_coef": 0.06442977470112929}, "datetime": {"datetime": "2022-10-21 09:19:25", "elapsed": 34497.53665, "delta": 236.766641}}
{"target": 0.40486, "params": {"dim_hidden_a2c": 5.156270943442931, "dim_hidden_lstm": 7.352283287365805, "embedding_learning_rate": -4.068411797406497, "embedding_size": 7.430988648534818, "entropy_error_coef": 0.08510224838173858, "lstm_learning_rate": -4.367976495250485, "value_error_coef": 0.6394790375560375}, "datetime": {"datetime": "2022-10-21 09:22:58", "elapsed": 34711.085027, "delta": 213.548377}}
{"target": 0.51011, "params": {"dim_hidden_a2c": 6.682673017497557, "dim_hidden_lstm": 6.666625724368662, "embedding_learning_rate": -3.6375289138917504, "embedding_size": 6.003171734183674, "entropy_error_coef": 0.40590793824920973, "lstm_learning_rate": -2.77960885416125, "value_error_coef": 0.6931792890696297}, "datetime": {"datetime": "2022-10-21 09:27:03", "elapsed": 34955.592763, "delta": 244.507736}}
{"target": 0.31288, "params": {"dim_hidden_a2c": 8.291889178045974, "dim_hidden_lstm": 5.294173985559551, "embedding_learning_rate": -4.094574313201147, "embedding_size": 5.7098208945488595, "entropy_error_coef": 0.006709804221596227, "lstm_learning_rate": -3.5574997818385032, "value_error_coef": 0.7095122746055028}, "datetime": {"datetime": "2022-10-21 09:29:26", "elapsed": 35098.889323, "delta": 143.29656}}
{"target": 0.68374, "params": {"dim_hidden_a2c": 8.966964116681586, "dim_hidden_lstm": 6.488031556942363, "embedding_learning_rate": -3.4820920406780953, "embedding_size": 6.127255382436223, "entropy_error_coef": 0.35937648657302873, "lstm_learning_rate": -3.1310624144411707, "value_error_coef": 0.4966338031640617}, "datetime": {"datetime": "2022-10-21 09:34:01", "elapsed": 35373.535038, "delta": 274.645715}}
{"target": 0.40003, "params": {"dim_hidden_a2c": 8.391277403720704, "dim_hidden_lstm": 8.268116668457825, "embedding_learning_rate": -3.9637885933146304, "embedding_size": 5.625137672243179, "entropy_error_coef": 0.3495348093935758, "lstm_learning_rate": -4.829566051502701, "value_error_coef": 0.16676856309911614}, "datetime": {"datetime": "2022-10-21 09:38:44", "elapsed": 35656.93601, "delta": 283.400972}}
{"target": 0.35526, "params": {"dim_hidden_a2c": 7.940459238474176, "dim_hidden_lstm": 5.133353252053055, "embedding_learning_rate": -4.751174070436773, "embedding_size": 6.257725430507641, "entropy_error_coef": 0.03973136377737668, "lstm_learning_rate": -3.6224557296110023, "value_error_coef": 0.3025949384707405}, "datetime": {"datetime": "2022-10-21 09:41:01", "elapsed": 35793.535699, "delta": 136.599689}}
{"target": 0.52459, "params": {"dim_hidden_a2c": 6.925577276282175, "dim_hidden_lstm": 8.528010162742934, "embedding_learning_rate": -4.017963612799532, "embedding_size": 6.757801339118339, "entropy_error_coef": 0.28455393247617705, "lstm_learning_rate": -2.649563590319845, "value_error_coef": 0.49509408670400706}, "datetime": {"datetime": "2022-10-21 09:44:46", "elapsed": 36018.746919, "delta": 225.21122}}
{"target": 0.42166, "params": {"dim_hidden_a2c": 7.185171630786409, "dim_hidden_lstm": 8.641758474572235, "embedding_learning_rate": -3.966566193798604, "embedding_size": 7.439894964670481, "entropy_error_coef": 0.43375918436774236, "lstm_learning_rate": -4.630787817998533, "value_error_coef": 0.4677331092283711}, "datetime": {"datetime": "2022-10-21 09:48:58", "elapsed": 36271.120588, "delta": 252.373669}}
{"target": 0.20953, "params": {"dim_hidden_a2c": 7.880944223703286, "dim_hidden_lstm": 6.7652231219971535, "embedding_learning_rate": -4.7799423840301545, "embedding_size": 6.7221413468535065, "entropy_error_coef": 0.44848417395361406, "lstm_learning_rate": -2.737484312756914, "value_error_coef": 0.22139907627640323}, "datetime": {"datetime": "2022-10-21 09:52:05", "elapsed": 36457.920552, "delta": 186.799964}}
{"target": 0.40353, "params": {"dim_hidden_a2c": 5.4411320597026265, "dim_hidden_lstm": 7.723753603152484, "embedding_learning_rate": -3.454897675480664, "embedding_size": 8.641629344563286, "entropy_error_coef": 0.09422695369010875, "lstm_learning_rate": -4.264632160930196, "value_error_coef": 0.1417746615089346}, "datetime": {"datetime": "2022-10-21 09:55:41", "elapsed": 36673.755762, "delta": 215.83521}}
{"target": 0.71741, "params": {"dim_hidden_a2c": 7.200193916697391, "dim_hidden_lstm": 6.878173616439183, "embedding_learning_rate": -2.660882704423498, "embedding_size": 7.74855138776469, "entropy_error_coef": 0.16297082264983542, "lstm_learning_rate": -3.493297224721396, "value_error_coef": 0.2615366870082414}, "datetime": {"datetime": "2022-10-21 09:59:02", "elapsed": 36874.711109, "delta": 200.955347}}
{"target": 0.36262, "params": {"dim_hidden_a2c": 5.428005227325186, "dim_hidden_lstm": 5.476344866877184, "embedding_learning_rate": -3.732742925505823, "embedding_size": 6.553846310690469, "entropy_error_coef": 0.19719158068092707, "lstm_learning_rate": -3.6078623609713896, "value_error_coef": 0.00710209627405739}, "datetime": {"datetime": "2022-10-21 10:01:18", "elapsed": 37010.829718, "delta": 136.118609}}
{"target": 0.41658, "params": {"dim_hidden_a2c": 5.182800500927142, "dim_hidden_lstm": 6.2981462470907985, "embedding_learning_rate": -3.5211959308538976, "embedding_size": 6.211523492558854, "entropy_error_coef": 0.3638573603595876, "lstm_learning_rate": -4.896792992042965, "value_error_coef": 0.6642292953576273}, "datetime": {"datetime": "2022-10-21 10:03:49", "elapsed": 37162.360648, "delta": 151.53093}}
{"target": 0.72241, "params": {"dim_hidden_a2c": 6.60696565850513, "dim_hidden_lstm": 7.483776763536829, "embedding_learning_rate": -2.2589204093352633, "embedding_size": 7.82599842916196, "entropy_error_coef": 0.2502590739713835, "lstm_learning_rate": -3.3086447430141095, "value_error_coef": 0.4489897007120869}, "datetime": {"datetime": "2022-10-21 10:09:13", "elapsed": 37485.540586, "delta": 323.179938}}
{"target": 0.42108, "params": {"dim_hidden_a2c": 5.330866618024086, "dim_hidden_lstm": 7.624787564800731, "embedding_learning_rate": -3.122005792080058, "embedding_size": 5.239768214327967, "entropy_error_coef": 0.3316634594733015, "lstm_learning_rate": -4.619184632791803, "value_error_coef": 0.16359576079930424}, "datetime": {"datetime": "2022-10-21 10:13:02", "elapsed": 37715.207612, "delta": 229.667026}}
{"target": 0.64445, "params": {"dim_hidden_a2c": 5.561017108244382, "dim_hidden_lstm": 8.633165112368589, "embedding_learning_rate": -3.077085680707948, "embedding_size": 8.973633661208115, "entropy_error_coef": 0.21474140469775377, "lstm_learning_rate": -2.766574203630291, "value_error_coef": 0.2312149205190458}, "datetime": {"datetime": "2022-10-21 10:17:00", "elapsed": 37953.159958, "delta": 237.952346}}
{"target": 0.44378, "params": {"dim_hidden_a2c": 6.031524547708519, "dim_hidden_lstm": 5.991753666677319, "embedding_learning_rate": -4.734620503366137, "embedding_size": 6.741681726527379, "entropy_error_coef": 0.38129461753306926, "lstm_learning_rate": -3.1099272951725863, "value_error_coef": 0.34510311890484535}, "datetime": {"datetime": "2022-10-21 10:19:22", "elapsed": 38095.135659, "delta": 141.975701}}
{"target": 0.39512, "params": {"dim_hidden_a2c": 5.560437495637272, "dim_hidden_lstm": 5.377765972839331, "embedding_learning_rate": -3.07110168953735, "embedding_size": 8.414394737693195, "entropy_error_coef": 0.1863881589009373, "lstm_learning_rate": -2.118654252990618, "value_error_coef": 0.3674195043072453}, "datetime": {"datetime": "2022-10-21 10:22:19", "elapsed": 38271.7056, "delta": 176.569941}}
{"target": 0.65023, "params": {"dim_hidden_a2c": 7.469596226681965, "dim_hidden_lstm": 8.844054283533143, "embedding_learning_rate": -3.067598086422183, "embedding_size": 7.123458263857275, "entropy_error_coef": 0.20060013718906833, "lstm_learning_rate": -2.7610569002578615, "value_error_coef": 0.09002927530794391}, "datetime": {"datetime": "2022-10-21 10:26:22", "elapsed": 38515.13928, "delta": 243.43368}}
{"target": 0.49697, "params": {"dim_hidden_a2c": 5.177753706341362, "dim_hidden_lstm": 5.779426642019688, "embedding_learning_rate": -4.116515550734345, "embedding_size": 6.3501872643038535, "entropy_error_coef": 0.02617707015700721, "lstm_learning_rate": -2.4859440098224526, "value_error_coef": 0.4450714825433679}, "datetime": {"datetime": "2022-10-21 10:28:42", "elapsed": 38654.643903, "delta": 139.504623}}
{"target": 0.50011, "params": {"dim_hidden_a2c": 8.905246450142895, "dim_hidden_lstm": 8.531534701017723, "embedding_learning_rate": -2.557886045608895, "embedding_size": 5.105320761960038, "entropy_error_coef": 0.33005310445816627, "lstm_learning_rate": -3.974312690580227, "value_error_coef": 0.5184626933708402}, "datetime": {"datetime": "2022-10-21 10:32:42", "elapsed": 38894.976427, "delta": 240.332524}}
{"target": 0.73482, "params": {"dim_hidden_a2c": 8.401280841619007, "dim_hidden_lstm": 6.660003279537889, "embedding_learning_rate": -3.4508389267593125, "embedding_size": 6.073607746837342, "entropy_error_coef": 0.2795216053743442, "lstm_learning_rate": -3.3009775420589147, "value_error_coef": 0.05375965946283942}, "datetime": {"datetime": "2022-10-21 10:36:09", "elapsed": 39102.359615, "delta": 207.383188}}
{"target": 0.44511, "params": {"dim_hidden_a2c": 7.6182957737140224, "dim_hidden_lstm": 7.1659898215045175, "embedding_learning_rate": -2.1389296634089843, "embedding_size": 8.434326145069086, "entropy_error_coef": 0.23472414519805096, "lstm_learning_rate": -3.8575582855380133, "value_error_coef": 0.42049381666112157}, "datetime": {"datetime": "2022-10-21 10:41:54", "elapsed": 39446.768015, "delta": 344.4084}}
{"target": 0.40353, "params": {"dim_hidden_a2c": 6.451821008110013, "dim_hidden_lstm": 5.7701839727954924, "embedding_learning_rate": -2.715198333291525, "embedding_size": 6.728094074840991, "entropy_error_coef": 0.48897804829548097, "lstm_learning_rate": -4.2076391901438575, "value_error_coef": 0.4531229685648952}, "datetime": {"datetime": "2022-10-21 10:44:37", "elapsed": 39610.146701, "delta": 163.378686}}
