{"target": 0.60367, "params": {"dim_hidden_a2c": 7.12883851735536, "dim_hidden_lstm": 7.688625535293454, "embedding_learning_rate": -2.5286555630030856, "embedding_size": 8.148537450682968, "entropy_error_coef": 0.19340127856265193, "lstm_learning_rate": -2.255611541052151, "value_error_coef": 0.4127095277302807}, "datetime": {"datetime": "2022-10-21 10:48:26", "elapsed": 39839.518217, "delta": 229.371516}}
{"target": 0.55674, "params": {"dim_hidden_a2c": 8.486043992709098, "dim_hidden_lstm": 7.195833317072795, "embedding_learning_rate": -3.7566737966307744, "embedding_size": 6.097609544370117, "entropy_error_coef": 0.4140965038463521, "lstm_learning_rate": -2.856786632194396, "value_error_coef": 0.17320606830784205}, "datetime": {"datetime": "2022-10-21 10:51:57", "elapsed": 40049.945672, "delta": 210.427455}}
{"target": 0.42802, "params": {"dim_hidden_a2c": 8.130959045451966, "dim_hidden_lstm": 5.099106461671608, "embedding_learning_rate": -2.894390224136962, "embedding_size": 7.803017563169439, "entropy_error_coef": 0.21106173963571934, "lstm_learning_rate": -3.8460204984478827, "value_error_coef": 0.31723985510435104}, "datetime": {"datetime": "2022-10-21 10:54:49", "elapsed": 40222.228033, "delta": 172.282361}}
{"target": 0.60425, "params": {"dim_hidden_a2c": 7.979836973770297, "dim_hidden_lstm": 5.843215738638936, "embedding_learning_rate": -4.032125724882315, "embedding_size": 7.093982226317849, "entropy_error_coef": 0.08823005144546325, "lstm_learning_rate": -2.170247751234705, "value_error_coef": 0.50466956914339}, "datetime": {"datetime": "2022-10-21 10:57:16", "elapsed": 40368.960141, "delta": 146.732108}}
{"target": 0.34425, "params": {"dim_hidden_a2c": 6.45468212355925, "dim_hidden_lstm": 7.500230502334953, "embedding_learning_rate": -3.929676224014603, "embedding_size": 7.36174223664505, "entropy_error_coef": 0.4044176983938222, "lstm_learning_rate": -2.264635880637398, "value_error_coef": 0.707042091127193}, "datetime": {"datetime": "2022-10-21 11:00:46", "elapsed": 40579.125511, "delta": 210.16537}}
{"target": 0.37995, "params": {"dim_hidden_a2c": 7.535351796468181, "dim_hidden_lstm": 7.864292437079246, "embedding_learning_rate": -3.2761443350926274, "embedding_size": 8.880281210717271, "entropy_error_coef": 0.39421160653895365, "lstm_learning_rate": -2.021416193622094, "value_error_coef": 0.21989531574942792}, "datetime": {"datetime": "2022-10-21 11:04:44", "elapsed": 40817.306061, "delta": 238.18055}}
{"target": 0.3946, "params": {"dim_hidden_a2c": 5.724429582089727, "dim_hidden_lstm": 8.47782994526889, "embedding_learning_rate": -2.3143976685398018, "embedding_size": 6.188287975688921, "entropy_error_coef": 0.11867897771182206, "lstm_learning_rate": -2.069513549725402, "value_error_coef": 0.6252606392176526}, "datetime": {"datetime": "2022-10-21 11:08:25", "elapsed": 41037.609237, "delta": 220.303176}}
{"target": 0.67808, "params": {"dim_hidden_a2c": 8.815129282712444, "dim_hidden_lstm": 5.847613289580124, "embedding_learning_rate": -2.5880979023986534, "embedding_size": 7.342959921801217, "entropy_error_coef": 0.2713818337913747, "lstm_learning_rate": -3.666140509079807, "value_error_coef": 0.5033849248156158}, "datetime": {"datetime": "2022-10-21 11:11:09", "elapsed": 41202.092665, "delta": 164.483428}}
{"target": 0.40709, "params": {"dim_hidden_a2c": 6.321614079875646, "dim_hidden_lstm": 8.655441917967204, "embedding_learning_rate": -3.5609420529785663, "embedding_size": 6.06090558556142, "entropy_error_coef": 0.24321585328200435, "lstm_learning_rate": -4.721811072734413, "value_error_coef": 0.3040813961741778}, "datetime": {"datetime": "2022-10-21 11:16:55", "elapsed": 41548.246535, "delta": 346.15387}}
{"target": 0.71635, "params": {"dim_hidden_a2c": 6.947782276654576, "dim_hidden_lstm": 8.411083380390119, "embedding_learning_rate": -2.611554377130471, "embedding_size": 6.957053442390985, "entropy_error_coef": 0.2754237284731678, "lstm_learning_rate": -3.3482349512821017, "value_error_coef": 0.6910167605181807}, "datetime": {"datetime": "2022-10-21 11:25:07", "elapsed": 42039.622626, "delta": 491.376091}}
{"target": 0.62951, "params": {"dim_hidden_a2c": 5.013550793394868, "dim_hidden_lstm": 7.505614679442784, "embedding_learning_rate": -4.366579036276677, "embedding_size": 7.0017929447974385, "entropy_error_coef": 0.3941974149197156, "lstm_learning_rate": -3.5586935851959733, "value_error_coef": 0.05850466506436253}, "datetime": {"datetime": "2022-10-21 11:29:30", "elapsed": 42302.596559, "delta": 262.973933}}
{"target": 0.411, "params": {"dim_hidden_a2c": 8.163038801458338, "dim_hidden_lstm": 6.980989736149711, "embedding_learning_rate": -3.0773603637358264, "embedding_size": 8.690638360359097, "entropy_error_coef": 0.22714273618122421, "lstm_learning_rate": -4.7232995148959525, "value_error_coef": 0.22745751622570717}, "datetime": {"datetime": "2022-10-21 11:33:08", "elapsed": 42520.801509, "delta": 218.20495}}
{"target": 0.30637, "params": {"dim_hidden_a2c": 8.849757806524085, "dim_hidden_lstm": 5.92795978195077, "embedding_learning_rate": -4.971656559039515, "embedding_size": 7.784455377388516, "entropy_error_coef": 0.44488465151017925, "lstm_learning_rate": -4.256553764716524, "value_error_coef": 0.26398960402472127}, "datetime": {"datetime": "2022-10-21 11:36:06", "elapsed": 42698.817678, "delta": 178.016169}}
{"target": 0.41667, "params": {"dim_hidden_a2c": 7.969301893773716, "dim_hidden_lstm": 8.55211080638387, "embedding_learning_rate": -3.9530115498414955, "embedding_size": 8.407416392871575, "entropy_error_coef": 0.050307600864468505, "lstm_learning_rate": -4.667419728229435, "value_error_coef": 0.7023861151905163}, "datetime": {"datetime": "2022-10-21 11:40:20", "elapsed": 42952.543219, "delta": 253.725541}}
{"target": 0.57015, "params": {"dim_hidden_a2c": 6.479363845021668, "dim_hidden_lstm": 8.380102785289713, "embedding_learning_rate": -2.7899503569703783, "embedding_size": 5.884079323819197, "entropy_error_coef": 0.221531285311228, "lstm_learning_rate": -3.6604518113405033, "value_error_coef": 0.7322683548772465}, "datetime": {"datetime": "2022-10-21 11:44:01", "elapsed": 43173.535892, "delta": 220.992673}}
{"target": 0.61436, "params": {"dim_hidden_a2c": 5.928327292881702, "dim_hidden_lstm": 5.735337629419576, "embedding_learning_rate": -2.850985519636757, "embedding_size": 5.231522249713047, "entropy_error_coef": 0.28661478799807383, "lstm_learning_rate": -2.6234924130448465, "value_error_coef": 0.3228409294503199}, "datetime": {"datetime": "2022-10-21 11:46:20", "elapsed": 43312.968703, "delta": 139.432811}}
{"target": 0.71117, "params": {"dim_hidden_a2c": 6.1770988248147845, "dim_hidden_lstm": 6.8226701270457895, "embedding_learning_rate": -2.1459923650533588, "embedding_size": 8.760504867115236, "entropy_error_coef": 0.31282669467816954, "lstm_learning_rate": -3.23534004252104, "value_error_coef": 0.6002635276066968}, "datetime": {"datetime": "2022-10-21 11:49:56", "elapsed": 43529.449249, "delta": 216.480546}}
{"target": 0.41152, "params": {"dim_hidden_a2c": 7.721196789204236, "dim_hidden_lstm": 6.568342023945238, "embedding_learning_rate": -4.870557423877195, "embedding_size": 7.7581562691697945, "entropy_error_coef": 0.2702896599943023, "lstm_learning_rate": -2.164478916756023, "value_error_coef": 0.0246646158095869}, "datetime": {"datetime": "2022-10-21 11:53:44", "elapsed": 43757.346444, "delta": 227.897195}}
{"target": 0.64572, "params": {"dim_hidden_a2c": 5.372080969906971, "dim_hidden_lstm": 8.41811273737414, "embedding_learning_rate": -3.669792501543168, "embedding_size": 6.2772918782621545, "entropy_error_coef": 0.34458320818328064, "lstm_learning_rate": -3.5997992614164462, "value_error_coef": 0.29698458938665784}, "datetime": {"datetime": "2022-10-21 11:58:50", "elapsed": 44063.085638, "delta": 305.739194}}
{"target": 0.24467, "params": {"dim_hidden_a2c": 7.907391876007484, "dim_hidden_lstm": 5.097613293964622, "embedding_learning_rate": -4.479273080522225, "embedding_size": 5.413609963900606, "entropy_error_coef": 0.244503261005322, "lstm_learning_rate": -2.947378692142907, "value_error_coef": 0.13468749139951358}, "datetime": {"datetime": "2022-10-21 12:01:06", "elapsed": 44198.871149, "delta": 135.785511}}
{"target": 0.27404, "params": {"dim_hidden_a2c": 8.983847099145315, "dim_hidden_lstm": 7.589616355806774, "embedding_learning_rate": -2.4283686967514253, "embedding_size": 6.363155673965199, "entropy_error_coef": 0.019041374805551348, "lstm_learning_rate": -2.0755555745416894, "value_error_coef": 0.024255325644565756}, "datetime": {"datetime": "2022-10-21 12:05:44", "elapsed": 44476.756718, "delta": 277.885569}}
{"target": 0.38667, "params": {"dim_hidden_a2c": 5.796198244594811, "dim_hidden_lstm": 7.446909727474335, "embedding_learning_rate": -4.855242040479462, "embedding_size": 6.2229189113910195, "entropy_error_coef": 0.149630082095492, "lstm_learning_rate": -2.251220406839981, "value_error_coef": 0.4256611419114337}, "datetime": {"datetime": "2022-10-21 12:10:14", "elapsed": 44746.696113, "delta": 269.939395}}
{"target": 0.37896, "params": {"dim_hidden_a2c": 5.181196039171921, "dim_hidden_lstm": 7.885689050135374, "embedding_learning_rate": -4.520577240285237, "embedding_size": 7.398362263344353, "entropy_error_coef": 0.3533087783736548, "lstm_learning_rate": -2.735724762915, "value_error_coef": 0.026305920674934258}, "datetime": {"datetime": "2022-10-21 12:13:54", "elapsed": 44966.736712, "delta": 220.040599}}
{"target": 0.30655, "params": {"dim_hidden_a2c": 5.631924412093898, "dim_hidden_lstm": 8.96387709654956, "embedding_learning_rate": -3.149889003794006, "embedding_size": 8.882975609445765, "entropy_error_coef": 0.04193101550545203, "lstm_learning_rate": -2.08712907317551, "value_error_coef": 0.029864705409632375}, "datetime": {"datetime": "2022-10-21 12:18:15", "elapsed": 45227.624228, "delta": 260.887516}}
{"target": 0.41538, "params": {"dim_hidden_a2c": 6.570659793399388, "dim_hidden_lstm": 7.536002425319705, "embedding_learning_rate": -4.009310757712576, "embedding_size": 5.005847984884577, "entropy_error_coef": 0.2972340516325047, "lstm_learning_rate": -4.019575415563336, "value_error_coef": 0.15380904721527766}, "datetime": {"datetime": "2022-10-21 12:21:48", "elapsed": 45440.624736, "delta": 213.000508}}
{"target": 0.67666, "params": {"dim_hidden_a2c": 6.571553349765805, "dim_hidden_lstm": 7.0527144095617444, "embedding_learning_rate": -4.135153705487813, "embedding_size": 7.008771745505786, "entropy_error_coef": 0.039836649084009135, "lstm_learning_rate": -2.938892572661869, "value_error_coef": 0.25444296568504543}, "datetime": {"datetime": "2022-10-21 12:25:10", "elapsed": 45643.477669, "delta": 202.852933}}
{"target": 0.67666, "params": {"dim_hidden_a2c": 6.571553349765805, "dim_hidden_lstm": 7.0527144095617444, "embedding_learning_rate": -4.135153705487813, "embedding_size": 7.008771745505786, "entropy_error_coef": 0.039836649084009135, "lstm_learning_rate": -2.938892572661869, "value_error_coef": 0.25444296568504543}, "datetime": {"datetime": "2022-10-22 00:36:49", "elapsed": 0.0, "delta": 0.0}}
{"target": 0.67666, "params": {"dim_hidden_a2c": 6.571553349765805, "dim_hidden_lstm": 7.0527144095617444, "embedding_learning_rate": -4.135153705487813, "embedding_size": 7.008771745505786, "entropy_error_coef": 0.039836649084009135, "lstm_learning_rate": -2.938892572661869, "value_error_coef": 0.25444296568504543}, "datetime": {"datetime": "2022-10-22 00:37:09", "elapsed": 0.0, "delta": 0.0}}
{"target": 0.43695, "params": {"dim_hidden_a2c": 6.0810397228039585, "dim_hidden_lstm": 9.0, "embedding_learning_rate": -3.211585212312151, "embedding_size": 8.178818539488596, "entropy_error_coef": 0.5, "lstm_learning_rate": -3.8917574103927377, "value_error_coef": 0.601034328157271}, "datetime": {"datetime": "2022-10-22 00:45:52", "elapsed": 523.864283, "delta": 523.864283}}
{"target": 0.41094, "params": {"dim_hidden_a2c": 8.06913748996134, "dim_hidden_lstm": 5.469896680191478, "embedding_learning_rate": -3.421245163714437, "embedding_size": 8.081244197321025, "entropy_error_coef": 0.3449673247718736, "lstm_learning_rate": -4.577814409262442, "value_error_coef": 0.15679169236343957}, "datetime": {"datetime": "2022-10-22 00:48:54", "elapsed": 705.321191, "delta": 181.456908}}
{"target": 0.17784, "params": {"dim_hidden_a2c": 7.9126699272598575, "dim_hidden_lstm": 5.0, "embedding_learning_rate": -5.0, "embedding_size": 5.0, "entropy_error_coef": 0.0, "lstm_learning_rate": -5.0, "value_error_coef": 0.0}, "datetime": {"datetime": "2022-10-22 00:51:42", "elapsed": 873.031515, "delta": 167.710324}}
{"target": 0.46274, "params": {"dim_hidden_a2c": 6.477701899674908, "dim_hidden_lstm": 8.036546208812993, "embedding_learning_rate": -3.374823389532123, "embedding_size": 5.292558232435616, "entropy_error_coef": 0.5, "lstm_learning_rate": -2.475627248226282, "value_error_coef": 0.75}, "datetime": {"datetime": "2022-10-22 00:56:12", "elapsed": 1143.311968, "delta": 270.280453}}
{"target": 0.6257, "params": {"dim_hidden_a2c": 7.488382783501327, "dim_hidden_lstm": 7.671229705091916, "embedding_learning_rate": -2.844537067456277, "embedding_size": 8.565848683247118, "entropy_error_coef": 0.16299935291257903, "lstm_learning_rate": -2.36905855870107, "value_error_coef": 0.2993444916516592}, "datetime": {"datetime": "2022-10-22 00:59:40", "elapsed": 1351.77023, "delta": 208.458262}}
{"target": 0.25231, "params": {"dim_hidden_a2c": 7.908725836719069, "dim_hidden_lstm": 7.658378745840241, "embedding_learning_rate": -4.585906443035281, "embedding_size": 5.484863646076906, "entropy_error_coef": 0.3340531451006483, "lstm_learning_rate": -2.4867091225739144, "value_error_coef": 0.17372795685714842}, "datetime": {"datetime": "2022-10-22 01:02:56", "elapsed": 1547.646522, "delta": 195.876292}}
{"target": 0.7439, "params": {"dim_hidden_a2c": 8.88441141870763, "dim_hidden_lstm": 8.536786164159794, "embedding_learning_rate": -4.79321620420936, "embedding_size": 8.760900947864142, "entropy_error_coef": 0.18670814171758812, "lstm_learning_rate": -3.2897490145371266, "value_error_coef": 0.5173985526476059}, "datetime": {"datetime": "2022-10-22 01:09:43", "elapsed": 1954.560248, "delta": 406.913726}}
{"target": 0.42342, "params": {"dim_hidden_a2c": 8.948561631638196, "dim_hidden_lstm": 6.717220188713568, "embedding_learning_rate": -2.1511213301939693, "embedding_size": 7.335689726822556, "entropy_error_coef": 0.2880926845700022, "lstm_learning_rate": -4.100535501499209, "value_error_coef": 0.6329216071618758}, "datetime": {"datetime": "2022-10-22 01:12:55", "elapsed": 2146.831692, "delta": 192.271444}}
{"target": 0.41869, "params": {"dim_hidden_a2c": 7.529754056274688, "dim_hidden_lstm": 8.321105097452689, "embedding_learning_rate": -3.120127307408726, "embedding_size": 6.345722946624388, "entropy_error_coef": 0.15043366941129555, "lstm_learning_rate": -4.700804269786066, "value_error_coef": 0.01736987877966618}, "datetime": {"datetime": "2022-10-22 01:18:06", "elapsed": 2457.13435, "delta": 310.302658}}
{"target": 0.3873, "params": {"dim_hidden_a2c": 6.863172303148584, "dim_hidden_lstm": 5.9453408700142285, "embedding_learning_rate": -4.421779481441563, "embedding_size": 5.390545896841602, "entropy_error_coef": 0.4636838153953904, "lstm_learning_rate": -3.7113345167435505, "value_error_coef": 0.4473778507160919}, "datetime": {"datetime": "2022-10-22 01:20:58", "elapsed": 2629.595138, "delta": 172.460788}}
{"target": 0.42389, "params": {"dim_hidden_a2c": 8.49876885705394, "dim_hidden_lstm": 8.304542358100779, "embedding_learning_rate": -2.653322098548921, "embedding_size": 8.199834800125227, "entropy_error_coef": 0.5, "lstm_learning_rate": -4.7850941518465415, "value_error_coef": 0.7249813858158618}, "datetime": {"datetime": "2022-10-22 01:26:27", "elapsed": 2958.481843, "delta": 328.886705}}
{"target": 0.65151, "params": {"dim_hidden_a2c": 8.505911686488258, "dim_hidden_lstm": 7.560256633903605, "embedding_learning_rate": -2.964324421674138, "embedding_size": 7.391498033150821, "entropy_error_coef": 0.4936167958846406, "lstm_learning_rate": -2.890140217547619, "value_error_coef": 0.45362121816859224}, "datetime": {"datetime": "2022-10-22 01:29:50", "elapsed": 3161.751766, "delta": 203.269923}}
{"target": 0.62067, "params": {"dim_hidden_a2c": 7.157652811747905, "dim_hidden_lstm": 6.22824011128214, "embedding_learning_rate": -3.4995997611507215, "embedding_size": 6.6648278629130004, "entropy_error_coef": 0.06209559085725641, "lstm_learning_rate": -2.812708706911706, "value_error_coef": 0.624035738739215}, "datetime": {"datetime": "2022-10-22 01:32:53", "elapsed": 3344.168366, "delta": 182.4166}}
{"target": 0.41758, "params": {"dim_hidden_a2c": 7.594372386234497, "dim_hidden_lstm": 6.2278346280874555, "embedding_learning_rate": -2.2539176771760734, "embedding_size": 7.322386484325884, "entropy_error_coef": 0.3630681003741344, "lstm_learning_rate": -2.192397467387704, "value_error_coef": 0.6500303627953716}, "datetime": {"datetime": "2022-10-22 01:35:59", "elapsed": 3530.711644, "delta": 186.543278}}
{"target": 0.60058, "params": {"dim_hidden_a2c": 5.270707368370047, "dim_hidden_lstm": 8.645586693909344, "embedding_learning_rate": -3.5234188824487434, "embedding_size": 5.977149458032128, "entropy_error_coef": 0.5, "lstm_learning_rate": -3.5634283931918573, "value_error_coef": 0.4798918890786551}, "datetime": {"datetime": "2022-10-22 01:42:05", "elapsed": 3896.603504, "delta": 365.89186}}
{"target": 0.29626, "params": {"dim_hidden_a2c": 5.951850830448924, "dim_hidden_lstm": 6.906549197142127, "embedding_learning_rate": -4.151074665374836, "embedding_size": 8.79149388022675, "entropy_error_coef": 0.45083560818843255, "lstm_learning_rate": -2.400419675728787, "value_error_coef": 0.6108057383297343}, "datetime": {"datetime": "2022-10-22 01:45:21", "elapsed": 4092.412816, "delta": 195.809312}}
{"target": 0.68567, "params": {"dim_hidden_a2c": 7.005812908975154, "dim_hidden_lstm": 8.674448713955044, "embedding_learning_rate": -3.4685650067451883, "embedding_size": 5.530724116192812, "entropy_error_coef": 0.2243147155814815, "lstm_learning_rate": -2.6247353022325255, "value_error_coef": 0.72167094364623}, "datetime": {"datetime": "2022-10-22 01:51:36", "elapsed": 4467.519725, "delta": 375.106909}}
{"target": 0.36683, "params": {"dim_hidden_a2c": 6.049953976980757, "dim_hidden_lstm": 6.677928513913184, "embedding_learning_rate": -4.010878905903419, "embedding_size": 5.5992218418879816, "entropy_error_coef": 0.4717285289659719, "lstm_learning_rate": -4.7469883384015725, "value_error_coef": 0.39733754572029273}, "datetime": {"datetime": "2022-10-22 01:54:39", "elapsed": 4650.270218, "delta": 182.750493}}
{"target": 0.39714, "params": {"dim_hidden_a2c": 7.450037035620376, "dim_hidden_lstm": 7.507357896274164, "embedding_learning_rate": -3.2959619565428575, "embedding_size": 7.68573346871775, "entropy_error_coef": 0.19089556378134712, "lstm_learning_rate": -4.034203749455934, "value_error_coef": 0.6496778542392381}, "datetime": {"datetime": "2022-10-22 01:58:03", "elapsed": 4854.189934, "delta": 203.919716}}
{"target": 0.69985, "params": {"dim_hidden_a2c": 8.857246774766162, "dim_hidden_lstm": 5.371172760656242, "embedding_learning_rate": -2.9925049342216106, "embedding_size": 8.289014657722344, "entropy_error_coef": 0.3344973711637164, "lstm_learning_rate": -3.3786217487485755, "value_error_coef": 0.6508869976964596}, "datetime": {"datetime": "2022-10-22 02:01:06", "elapsed": 5037.413275, "delta": 183.223341}}
{"target": 0.43031, "params": {"dim_hidden_a2c": 6.789328332336635, "dim_hidden_lstm": 6.674336760472545, "embedding_learning_rate": -4.042048331243415, "embedding_size": 7.709591696092923, "entropy_error_coef": 0.250671303594863, "lstm_learning_rate": -3.801175176621444, "value_error_coef": 0.1518708927408355}, "datetime": {"datetime": "2022-10-22 02:04:24", "elapsed": 5235.200953, "delta": 197.787678}}
{"target": 0.63984, "params": {"dim_hidden_a2c": 5.758085419710814, "dim_hidden_lstm": 7.182315864627268, "embedding_learning_rate": -2.778522321752079, "embedding_size": 6.302442016165994, "entropy_error_coef": 0.36318499625872214, "lstm_learning_rate": -3.6472777707550685, "value_error_coef": 0.6379893417671084}, "datetime": {"datetime": "2022-10-22 02:07:39", "elapsed": 5430.782337, "delta": 195.581384}}
{"target": 0.62027, "params": {"dim_hidden_a2c": 7.566403563708448, "dim_hidden_lstm": 7.881568794816911, "embedding_learning_rate": -3.141678545412279, "embedding_size": 8.473421269291071, "entropy_error_coef": 0.3728505561650304, "lstm_learning_rate": -2.3958435831051723, "value_error_coef": 0.5315255828069179}, "datetime": {"datetime": "2022-10-22 02:12:14", "elapsed": 5705.234474, "delta": 274.452137}}
{"target": 0.6754, "params": {"dim_hidden_a2c": 8.318845475073303, "dim_hidden_lstm": 8.508199080832346, "embedding_learning_rate": -2.804877008540798, "embedding_size": 7.497614565048282, "entropy_error_coef": 0.43901686296196263, "lstm_learning_rate": -3.0823546676976505, "value_error_coef": 0.5658964277395718}, "datetime": {"datetime": "2022-10-22 02:18:11", "elapsed": 6062.431116, "delta": 357.196642}}
{"target": 0.67042, "params": {"dim_hidden_a2c": 7.495080965736011, "dim_hidden_lstm": 8.22651618247194, "embedding_learning_rate": -2.9058308635956576, "embedding_size": 8.770188106080512, "entropy_error_coef": 0.406187170015628, "lstm_learning_rate": -3.1834255411052874, "value_error_coef": 0.5755945160924529}, "datetime": {"datetime": "2022-10-22 02:23:48", "elapsed": 6399.386241, "delta": 336.955125}}
{"target": 0.66584, "params": {"dim_hidden_a2c": 6.121725681899656, "dim_hidden_lstm": 5.918648205948517, "embedding_learning_rate": -3.8335613568344633, "embedding_size": 8.797171725268807, "entropy_error_coef": 0.3137476890486288, "lstm_learning_rate": -3.2303508970110286, "value_error_coef": 0.5544402205924837}, "datetime": {"datetime": "2022-10-22 02:26:58", "elapsed": 6589.601343, "delta": 190.215102}}
