{"target": 0.74547, "params": {"dim_hidden_lstm": 5.6680880188102964, "lstm_learning_rate": -3.559351013115684, "value_error_coef": 8.578111300866498e-05}, "datetime": {"datetime": "2022-10-25 23:54:52", "elapsed": 0.0, "delta": 0.0}}
{"target": 0.29847, "params": {"dim_hidden_lstm": 5.209330290527359, "lstm_learning_rate": -4.706488218365774, "value_error_coef": 0.06925394607659835}, "datetime": {"datetime": "2022-10-26 00:05:00", "elapsed": 607.067208, "delta": 607.067208}}
{"target": 0.29366, "params": {"dim_hidden_lstm": 4.745040845510683, "lstm_learning_rate": -4.308878545913904, "value_error_coef": 0.29757560567300245}, "datetime": {"datetime": "2022-10-26 00:14:52", "elapsed": 1199.019603, "delta": 591.952395}}
{"target": 0.29469, "params": {"dim_hidden_lstm": 6.155266936013428, "lstm_learning_rate": -4.161610971193411, "value_error_coef": 0.5139146252975696}, "datetime": {"datetime": "2022-10-26 00:25:44", "elapsed": 1851.74854, "delta": 652.728937}}
{"target": 0.75841, "params": {"dim_hidden_lstm": 4.81780899892607, "lstm_learning_rate": -3.243765127218109, "value_error_coef": 0.020540694898444622}, "datetime": {"datetime": "2022-10-26 00:35:24", "elapsed": 2431.592479, "delta": 579.843939}}
{"target": 0.34881, "params": {"dim_hidden_lstm": 6.6818700407136085, "lstm_learning_rate": -4.165390395265746, "value_error_coef": 0.4190173713343137}, "datetime": {"datetime": "2022-10-26 00:46:34", "elapsed": 3101.295583, "delta": 669.703104}}
{"target": 0.29891, "params": {"dim_hidden_lstm": 4.5615477543809355, "lstm_learning_rate": -4.603797021830243, "value_error_coef": 0.6005584265066525}, "datetime": {"datetime": "2022-10-26 00:55:37", "elapsed": 3644.052884, "delta": 542.757301}}
{"target": 0.47859, "params": {"dim_hidden_lstm": 7.87304630287759, "lstm_learning_rate": -4.373151643681514, "value_error_coef": 0.5192419617519856}, "datetime": {"datetime": "2022-10-26 01:12:02", "elapsed": 4629.681142, "delta": 985.628258}}
{"target": 0.75903, "params": {"dim_hidden_lstm": 7.505556609184153, "lstm_learning_rate": -3.210786672992305, "value_error_coef": 0.06378315852733343}, "datetime": {"datetime": "2022-10-26 01:24:17", "elapsed": 5364.9702, "delta": 735.289058}}
{"target": 0.29484, "params": {"dim_hidden_lstm": 4.156219132931529, "lstm_learning_rate": -4.660339160870862, "value_error_coef": 0.6586068775720598}, "datetime": {"datetime": "2022-10-26 01:33:14", "elapsed": 5901.336912, "delta": 536.366712}}
{"target": 0.76822, "params": {"dim_hidden_lstm": 6.119229995853413, "lstm_learning_rate": -3.0, "value_error_coef": 0.0}, "datetime": {"datetime": "2022-10-26 01:43:48", "elapsed": 6535.840459, "delta": 634.503547}}
{"target": 0.76663, "params": {"dim_hidden_lstm": 5.3343009960284755, "lstm_learning_rate": -3.0, "value_error_coef": 0.6206067431174223}, "datetime": {"datetime": "2022-10-26 01:53:58", "elapsed": 7145.839149, "delta": 609.99869}}
{"target": 0.76384, "params": {"dim_hidden_lstm": 8.0, "lstm_learning_rate": -3.0, "value_error_coef": 0.75}, "datetime": {"datetime": "2022-10-26 02:11:24", "elapsed": 8191.608577, "delta": 1045.769428}}
{"target": 0.76225, "params": {"dim_hidden_lstm": 5.376737684516175, "lstm_learning_rate": -3.0, "value_error_coef": 0.0}, "datetime": {"datetime": "2022-10-26 02:21:34", "elapsed": 8801.894748, "delta": 610.286171}}
{"target": 0.76341, "params": {"dim_hidden_lstm": 4.0, "lstm_learning_rate": -3.0, "value_error_coef": 0.75}, "datetime": {"datetime": "2022-10-26 02:30:31", "elapsed": 9338.341064, "delta": 536.446316}}
{"target": 0.75863, "params": {"dim_hidden_lstm": 7.005255230471215, "lstm_learning_rate": -3.0, "value_error_coef": 0.75}, "datetime": {"datetime": "2022-10-26 02:42:17", "elapsed": 10044.597438, "delta": 706.256374}}
{"target": 0.76059, "params": {"dim_hidden_lstm": 4.0, "lstm_learning_rate": -3.0, "value_error_coef": 0.0}, "datetime": {"datetime": "2022-10-26 02:51:28", "elapsed": 10595.338715, "delta": 550.741277}}
{"target": 0.76259, "params": {"dim_hidden_lstm": 7.997660492682355, "lstm_learning_rate": -3.044404581581807, "value_error_coef": 0.04179039425915673}, "datetime": {"datetime": "2022-10-26 03:09:20", "elapsed": 11667.160783, "delta": 1071.822068}}
{"target": 0.76394, "params": {"dim_hidden_lstm": 4.651099827172, "lstm_learning_rate": -3.0, "value_error_coef": 0.75}, "datetime": {"datetime": "2022-10-26 03:18:21", "elapsed": 12208.02569, "delta": 540.864907}}
{"target": 0.76506, "params": {"dim_hidden_lstm": 6.928454482564199, "lstm_learning_rate": -3.0, "value_error_coef": 0.0}, "datetime": {"datetime": "2022-10-26 03:29:39", "elapsed": 12886.882854, "delta": 678.857164}}
{"target": 0.76481, "params": {"dim_hidden_lstm": 6.132683346651967, "lstm_learning_rate": -3.0, "value_error_coef": 0.75}, "datetime": {"datetime": "2022-10-26 03:40:24", "elapsed": 13531.987853, "delta": 645.104999}}
{"target": 0.76222, "params": {"dim_hidden_lstm": 7.547154831376654, "lstm_learning_rate": -3.0, "value_error_coef": 0.4152952606744573}, "datetime": {"datetime": "2022-10-26 03:52:30", "elapsed": 14257.227135, "delta": 725.239282}}
{"target": 0.76369, "params": {"dim_hidden_lstm": 4.482351258633353, "lstm_learning_rate": -3.0, "value_error_coef": 0.24128578210211624}, "datetime": {"datetime": "2022-10-26 04:01:27", "elapsed": 14794.688672, "delta": 537.461537}}
{"target": 0.76397, "params": {"dim_hidden_lstm": 7.983425537882775, "lstm_learning_rate": -3.602888675239733, "value_error_coef": 0.03331231091705428}, "datetime": {"datetime": "2022-10-26 04:18:28", "elapsed": 15815.950967, "delta": 1021.262295}}
{"target": 0.76306, "params": {"dim_hidden_lstm": 7.96485675732198, "lstm_learning_rate": -3.4951530861734565, "value_error_coef": 0.6756367706577034}, "datetime": {"datetime": "2022-10-26 04:35:32", "elapsed": 16839.839417, "delta": 1023.88845}}
{"target": 0.77119, "params": {"dim_hidden_lstm": 6.5422972373862756, "lstm_learning_rate": -3.0, "value_error_coef": 0.3887431851179297}, "datetime": {"datetime": "2022-10-26 04:46:26", "elapsed": 17493.635624, "delta": 653.796207}}
{"target": 0.75909, "params": {"dim_hidden_lstm": 5.768086975135397, "lstm_learning_rate": -3.1513637692479786, "value_error_coef": 0.30358506933913837}, "datetime": {"datetime": "2022-10-26 04:56:47", "elapsed": 18114.884277, "delta": 621.248653}}
{"target": 0.77009, "params": {"dim_hidden_lstm": 8.0, "lstm_learning_rate": -3.295107329872331, "value_error_coef": 0.35752570631131747}, "datetime": {"datetime": "2022-10-26 05:14:11", "elapsed": 19158.162505, "delta": 1043.278228}}
{"target": 0.76178, "params": {"dim_hidden_lstm": 6.435138257566523, "lstm_learning_rate": -3.3101872357235487, "value_error_coef": 0.0}, "datetime": {"datetime": "2022-10-26 05:25:02", "elapsed": 19809.839393, "delta": 651.676888}}
{"target": 0.76303, "params": {"dim_hidden_lstm": 7.5889143183638, "lstm_learning_rate": -3.2487675523181885, "value_error_coef": 0.75}, "datetime": {"datetime": "2022-10-26 05:37:07", "elapsed": 20534.554843, "delta": 724.71545}}
{"target": 0.76003, "params": {"dim_hidden_lstm": 4.935341673326466, "lstm_learning_rate": -3.0039731466485957, "value_error_coef": 0.3086489087612232}, "datetime": {"datetime": "2022-10-26 05:46:43", "elapsed": 21110.707966, "delta": 576.153123}}
{"target": 0.74322, "params": {"dim_hidden_lstm": 5.358014129691342, "lstm_learning_rate": -3.3067666765109633, "value_error_coef": 0.0}, "datetime": {"datetime": "2022-10-26 05:56:55", "elapsed": 21722.978998, "delta": 612.271032}}
{"target": 0.75272, "params": {"dim_hidden_lstm": 4.6948964267683655, "lstm_learning_rate": -3.0, "value_error_coef": 0.0}, "datetime": {"datetime": "2022-10-26 06:05:57", "elapsed": 22264.151496, "delta": 541.172498}}
{"target": 0.72363, "params": {"dim_hidden_lstm": 4.0, "lstm_learning_rate": -3.3888160859903174, "value_error_coef": 0.0}, "datetime": {"datetime": "2022-10-26 06:14:52", "elapsed": 22799.092322, "delta": 534.940826}}
{"target": 0.75813, "params": {"dim_hidden_lstm": 5.933825914103993, "lstm_learning_rate": -3.304783406561614, "value_error_coef": 0.0}, "datetime": {"datetime": "2022-10-26 06:25:21", "elapsed": 23428.519549, "delta": 629.427227}}
{"target": 0.74347, "params": {"dim_hidden_lstm": 4.281351320644261, "lstm_learning_rate": -3.2976905925410347, "value_error_coef": 0.75}, "datetime": {"datetime": "2022-10-26 06:34:21", "elapsed": 23968.185733, "delta": 539.666184}}
{"target": 0.76541, "params": {"dim_hidden_lstm": 5.7099157472171145, "lstm_learning_rate": -3.0, "value_error_coef": 0.75}, "datetime": {"datetime": "2022-10-26 06:44:40", "elapsed": 24587.433027, "delta": 619.247294}}
{"target": 0.7585, "params": {"dim_hidden_lstm": 4.0, "lstm_learning_rate": -3.0853010797023614, "value_error_coef": 0.3837608318961378}, "datetime": {"datetime": "2022-10-26 06:53:39", "elapsed": 25126.961254, "delta": 539.528227}}
{"target": 0.766, "params": {"dim_hidden_lstm": 6.063336724060362, "lstm_learning_rate": -3.0, "value_error_coef": 0.4040958370701261}, "datetime": {"datetime": "2022-10-26 07:04:16", "elapsed": 25763.288565, "delta": 636.327311}}
{"target": 0.76434, "params": {"dim_hidden_lstm": 6.52839260206437, "lstm_learning_rate": -3.0, "value_error_coef": 0.0}, "datetime": {"datetime": "2022-10-26 07:15:50", "elapsed": 26457.55515, "delta": 694.266585}}
{"target": 0.76219, "params": {"dim_hidden_lstm": 7.04501463326525, "lstm_learning_rate": -3.211444934093243, "value_error_coef": 0.32410823617634626}, "datetime": {"datetime": "2022-10-26 07:28:09", "elapsed": 27196.317157, "delta": 738.762007}}
{"target": 0.76394, "params": {"dim_hidden_lstm": 7.176726043547687, "lstm_learning_rate": -3.47335417381137, "value_error_coef": 0.0006099898663012027}, "datetime": {"datetime": "2022-10-26 07:40:21", "elapsed": 27928.783589, "delta": 732.466432}}
{"target": 0.76247, "params": {"dim_hidden_lstm": 8.0, "lstm_learning_rate": -3.3408458832341776, "value_error_coef": 0.0}, "datetime": {"datetime": "2022-10-26 07:59:40", "elapsed": 29087.388938, "delta": 1158.605349}}
{"target": 0.75588, "params": {"dim_hidden_lstm": 5.017277757478917, "lstm_learning_rate": -3.2403604077999657, "value_error_coef": 0.75}, "datetime": {"datetime": "2022-10-26 08:10:22", "elapsed": 29729.084162, "delta": 641.695224}}
{"target": 0.75947, "params": {"dim_hidden_lstm": 7.620898896184548, "lstm_learning_rate": -3.6211342542097325, "value_error_coef": 0.0}, "datetime": {"datetime": "2022-10-26 08:25:26", "elapsed": 30633.419984, "delta": 904.335822}}
{"target": 0.75891, "params": {"dim_hidden_lstm": 6.833175901890295, "lstm_learning_rate": -3.278335524600189, "value_error_coef": 0.0}, "datetime": {"datetime": "2022-10-26 08:36:48", "elapsed": 31315.477123, "delta": 682.057139}}
