{"target": 0.7771094226837159, "params": {"dim_hidden_a2c": 8.803513535930945, "dim_hidden_lstm": 6.528053319265489, "embedding_learning_rate": -4.02157582113767, "embedding_size": 7.316924658760778, "entropy_error_coef": 0.09927606547646012, "lstm_learning_rate": -2.8083337334718514, "value_error_coef": 0.3700159050586528}, "datetime": {"datetime": "2022-10-19 18:46:56", "elapsed": 14171.325194, "delta": 3519.206266}}
