{"target": 0.1307, "params": {"dim_hidden_a2c": 6.6680880188102964, "dim_hidden_lstm": 7.881297973768632, "embedding_learning_rate": -4.999656875547966, "embedding_size": 6.209330290527359, "entropy_error_coef": 0.07337794540855652, "lstm_learning_rate": -4.722984215693606, "value_error_coef": 0.13969515853325318}, "datetime": {"datetime": "2022-10-23 23:13:58", "elapsed": 0.0, "delta": 0.0}}
{"target": 0.19096, "params": {"dim_hidden_a2c": 8.574351199376146, "dim_hidden_lstm": 5.118728070482662, "embedding_learning_rate": -2.3164020256488733, "embedding_size": 8.813928933978364, "entropy_error_coef": 0.3395837789217178, "lstm_learning_rate": -2.4939138263394747, "value_error_coef": 0.3231966765425792}, "datetime": {"datetime": "2022-10-23 23:19:50", "elapsed": 352.392078, "delta": 352.392078}}
{"target": 0.11823, "params": {"dim_hidden_a2c": 8.060745052476845, "dim_hidden_lstm": 5.438070098815812, "embedding_learning_rate": -3.434058775883778, "embedding_size": 8.072960911063015, "entropy_error_coef": 0.3435695866302311, "lstm_learning_rate": -4.601055377765371, "value_error_coef": 0.15144346576344872}, "datetime": {"datetime": "2022-10-23 23:25:35", "elapsed": 696.876219, "delta": 344.484141}}
{"target": 0.19173, "params": {"dim_hidden_a2c": 8.85976202025233, "dim_hidden_lstm": 5.265198632850973, "embedding_learning_rate": -4.843301046093315, "embedding_size": 7.446159254799902, "entropy_error_coef": 0.28953115377342614, "lstm_learning_rate": -2.4177405830640386, "value_error_coef": 0.30197834982403016}, "datetime": {"datetime": "2022-10-23 23:31:19", "elapsed": 1041.016149, "delta": 344.13993}}
{"target": 0.19173, "params": {"dim_hidden_a2c": 8.85976202025233, "dim_hidden_lstm": 5.265198632850973, "embedding_learning_rate": -4.843301046093315, "embedding_size": 7.446159254799902, "entropy_error_coef": 0.28953115377342614, "lstm_learning_rate": -2.4177405830640386, "value_error_coef": 0.30197834982403016}, "datetime": {"datetime": "2022-10-23 23:53:18", "elapsed": 0.0, "delta": 0.0}}
{"target": 0.13162, "params": {"dim_hidden_a2c": 6.382242908172191, "dim_hidden_lstm": 6.58706989692268, "embedding_learning_rate": -3.383549797989929, "embedding_size": 6.676778057613179, "entropy_error_coef": 0.34260975019837975, "lstm_learning_rate": -4.386643250805448, "value_error_coef": 0.6585880772932091}, "datetime": {"datetime": "2022-10-23 23:58:39", "elapsed": 320.968762, "delta": 320.968762}}
{"target": 0.13696, "params": {"dim_hidden_a2c": 5.109550372791705, "dim_hidden_lstm": 7.6818700407136085, "embedding_learning_rate": -3.748085592898619, "embedding_size": 7.234759313783007, "entropy_error_coef": 0.07019346929761688, "lstm_learning_rate": -4.405695532745364, "value_error_coef": 0.6005584265066525}, "datetime": {"datetime": "2022-10-24 00:04:19", "elapsed": 660.779973, "delta": 339.811211}}
{"target": 0.11694, "params": {"dim_hidden_a2c": 8.87304630287759, "dim_hidden_lstm": 6.253696712636971, "embedding_learning_rate": -2.9230321529920578, "embedding_size": 8.505556609184154, "entropy_error_coef": 0.44730333175192366, "lstm_learning_rate": -4.744867365890666, "value_error_coef": 0.02929108742466177}, "datetime": {"datetime": "2022-10-24 00:09:43", "elapsed": 984.874212, "delta": 324.094239}}
{"target": 0.16146, "params": {"dim_hidden_a2c": 5.679321678258276, "dim_hidden_lstm": 8.512570013717653, "embedding_learning_rate": -4.70495949850085, "embedding_size": 6.684430500020209, "entropy_error_coef": 0.47894476507525097, "lstm_learning_rate": -3.400504145080949, "value_error_coef": 0.518907835462855}, "datetime": {"datetime": "2022-10-24 00:19:45", "elapsed": 1586.947459, "delta": 602.073247}}
{"target": 0.1897, "params": {"dim_hidden_a2c": 6.262062524024252, "dim_hidden_lstm": 7.746003710726335, "embedding_learning_rate": -2.496122984307881, "embedding_size": 5.073153109376767, "entropy_error_coef": 0.37507215747248374, "lstm_learning_rate": -2.0334167332805158, "value_error_coef": 0.5611242407848795}, "datetime": {"datetime": "2022-10-24 00:25:26", "elapsed": 1928.179216, "delta": 341.231757}}
{"target": 0.14251, "params": {"dim_hidden_a2c": 6.121775968257621, "dim_hidden_lstm": 8.157117313805955, "embedding_learning_rate": -4.690321980267074, "embedding_size": 6.791574104703621, "entropy_error_coef": 0.4542977515465478, "lstm_learning_rate": -4.119157554878962, "value_error_coef": 0.21583150393976155}, "datetime": {"datetime": "2022-10-24 00:33:51", "elapsed": 2432.639711, "delta": 504.460495}}
{"target": 0.19107, "params": {"dim_hidden_a2c": 5.520114288473111, "dim_hidden_lstm": 5.077467831481188, "embedding_learning_rate": -2.963493401180327, "embedding_size": 5.846512464000236, "entropy_error_coef": 0.1327733296861131, "lstm_learning_rate": -3.525280522158985, "value_error_coef": 0.04002190883781029}, "datetime": {"datetime": "2022-10-24 00:38:29", "elapsed": 2711.349484, "delta": 278.709773}}
{"target": 0.15581, "params": {"dim_hidden_a2c": 7.296470421968053, "dim_hidden_lstm": 5.58691429962324, "embedding_learning_rate": -3.232083389290147, "embedding_size": 7.799033440083725, "entropy_error_coef": 0.05116721441391292, "lstm_learning_rate": -3.757832036541295, "value_error_coef": 0.5208001182958089}, "datetime": {"datetime": "2022-10-24 00:43:29", "elapsed": 3010.751629, "delta": 299.402145}}
{"target": 0.20587, "params": {"dim_hidden_a2c": 6.656717078107611, "dim_hidden_lstm": 5.199813835784349, "embedding_learning_rate": -3.3923107822534653, "embedding_size": 7.655178580879156, "entropy_error_coef": 0.2574445560291543, "lstm_learning_rate": -2.16621573202756, "value_error_coef": 0.43991628037649466}, "datetime": {"datetime": "2022-10-24 00:48:22", "elapsed": 3304.363298, "delta": 293.611669}}
{"target": 0.13015, "params": {"dim_hidden_a2c": 7.846383726132405, "dim_hidden_lstm": 5.0, "embedding_learning_rate": -2.0, "embedding_size": 5.278951849116773, "entropy_error_coef": 0.0, "lstm_learning_rate": -2.0, "value_error_coef": 0.0}, "datetime": {"datetime": "2022-10-24 00:53:08", "elapsed": 3590.196789, "delta": 285.833491}}
{"target": 0.17394, "params": {"dim_hidden_a2c": 5.0, "dim_hidden_lstm": 5.0, "embedding_learning_rate": -4.532881982622786, "embedding_size": 6.509203640162116, "entropy_error_coef": 0.3803969731854565, "lstm_learning_rate": -2.0, "value_error_coef": 0.32251853346586207}, "datetime": {"datetime": "2022-10-24 00:57:48", "elapsed": 3869.891245, "delta": 279.694456}}
{"target": 0.1947, "params": {"dim_hidden_a2c": 7.531837445751241, "dim_hidden_lstm": 5.0, "embedding_learning_rate": -4.240080239350513, "embedding_size": 9.0, "entropy_error_coef": 0.0, "lstm_learning_rate": -2.0, "value_error_coef": 0.75}, "datetime": {"datetime": "2022-10-24 01:02:50", "elapsed": 4172.138049, "delta": 302.246804}}
{"target": 0.13653, "params": {"dim_hidden_a2c": 5.791635800846873, "dim_hidden_lstm": 5.0, "embedding_learning_rate": -2.0, "embedding_size": 8.909028745932918, "entropy_error_coef": 0.11848985868868109, "lstm_learning_rate": -2.0, "value_error_coef": 0.4231096193009459}, "datetime": {"datetime": "2022-10-24 01:07:48", "elapsed": 4470.259605, "delta": 298.121556}}
{"target": 0.16715, "params": {"dim_hidden_a2c": 7.185646499840019, "dim_hidden_lstm": 5.0, "embedding_learning_rate": -4.661103467826648, "embedding_size": 7.458732394828289, "entropy_error_coef": 0.5, "lstm_learning_rate": -2.0, "value_error_coef": 0.0}, "datetime": {"datetime": "2022-10-24 01:12:38", "elapsed": 4759.65699, "delta": 289.397385}}
{"target": 0.22285, "params": {"dim_hidden_a2c": 8.069146555549066, "dim_hidden_lstm": 5.4189800064378675, "embedding_learning_rate": -3.3354647074065364, "embedding_size": 7.914510560248082, "entropy_error_coef": 0.0, "lstm_learning_rate": -2.0, "value_error_coef": 0.75}, "datetime": {"datetime": "2022-10-24 01:17:39", "elapsed": 5061.066174, "delta": 301.409184}}
{"target": 0.18713, "params": {"dim_hidden_a2c": 8.096660256283089, "dim_hidden_lstm": 6.674894344591625, "embedding_learning_rate": -3.596917411317971, "embedding_size": 8.257354532511322, "entropy_error_coef": 0.0, "lstm_learning_rate": -2.0, "value_error_coef": 0.75}, "datetime": {"datetime": "2022-10-24 01:23:07", "elapsed": 5388.558542, "delta": 327.492368}}
{"target": 0.22765, "params": {"dim_hidden_a2c": 9.0, "dim_hidden_lstm": 5.0, "embedding_learning_rate": -3.6449407579785933, "embedding_size": 8.381778340822988, "entropy_error_coef": 0.0, "lstm_learning_rate": -2.0, "value_error_coef": 0.75}, "datetime": {"datetime": "2022-10-24 01:28:09", "elapsed": 5690.922741, "delta": 302.364199}}
{"target": 0.10368, "params": {"dim_hidden_a2c": 9.0, "dim_hidden_lstm": 5.0, "embedding_learning_rate": -3.166610324944159, "embedding_size": 7.482286303234483, "entropy_error_coef": 0.5, "lstm_learning_rate": -2.0, "value_error_coef": 0.75}, "datetime": {"datetime": "2022-10-24 01:33:05", "elapsed": 5986.795911, "delta": 295.87317}}
{"target": 0.18751, "params": {"dim_hidden_a2c": 8.383328368739434, "dim_hidden_lstm": 5.3505829033909995, "embedding_learning_rate": -3.63761869119678, "embedding_size": 8.6695614378373, "entropy_error_coef": 0.0, "lstm_learning_rate": -2.047220785670633, "value_error_coef": 0.6229154487977119}, "datetime": {"datetime": "2022-10-24 01:38:13", "elapsed": 6295.203157, "delta": 308.407246}}
{"target": 0.1723, "params": {"dim_hidden_a2c": 6.796212047365784, "dim_hidden_lstm": 5.372111002713151, "embedding_learning_rate": -3.365963756636056, "embedding_size": 7.820990780015747, "entropy_error_coef": 0.30710063874222, "lstm_learning_rate": -2.317809996613968, "value_error_coef": 0.550185158766339}, "datetime": {"datetime": "2022-10-24 01:43:08", "elapsed": 6589.893812, "delta": 294.690655}}
{"target": 0.19556, "params": {"dim_hidden_a2c": 8.311299598380966, "dim_hidden_lstm": 7.365649002710104, "embedding_learning_rate": -3.1589365270664556, "embedding_size": 7.19689040195732, "entropy_error_coef": 0.29900916577142866, "lstm_learning_rate": -3.084752322939937, "value_error_coef": 0.2590091138565887}, "datetime": {"datetime": "2022-10-24 01:48:44", "elapsed": 6925.796273, "delta": 335.902461}}
{"target": 0.22019, "params": {"dim_hidden_a2c": 5.548027808571627, "dim_hidden_lstm": 8.972391544862097, "embedding_learning_rate": -4.097862043252678, "embedding_size": 7.7073546368307095, "entropy_error_coef": 0.06333353196127067, "lstm_learning_rate": -2.8353081914287555, "value_error_coef": 0.059023172844344884}, "datetime": {"datetime": "2022-10-24 02:03:48", "elapsed": 7829.879832, "delta": 904.083559}}
{"target": 0.18284, "params": {"dim_hidden_a2c": 6.215603666218728, "dim_hidden_lstm": 7.743385182944954, "embedding_learning_rate": -2.3632302148490307, "embedding_size": 5.032750693844346, "entropy_error_coef": 0.37381028129285, "lstm_learning_rate": -2.304135222344277, "value_error_coef": 0.6313994125837877}, "datetime": {"datetime": "2022-10-24 02:10:18", "elapsed": 8219.82899, "delta": 389.949158}}
{"target": 0.19706, "params": {"dim_hidden_a2c": 5.075942540697534, "dim_hidden_lstm": 8.450817414888116, "embedding_learning_rate": -3.718192647416659, "embedding_size": 5.782384630359615, "entropy_error_coef": 0.3405942134150718, "lstm_learning_rate": -3.758202158159773, "value_error_coef": 0.28512259383962724}, "datetime": {"datetime": "2022-10-24 02:20:00", "elapsed": 8802.162556, "delta": 582.333566}}
{"target": 0.2387, "params": {"dim_hidden_a2c": 8.517666877743057, "dim_hidden_lstm": 5.085353173771522, "embedding_learning_rate": -3.7244281863227555, "embedding_size": 8.095246068678318, "entropy_error_coef": 0.0, "lstm_learning_rate": -2.0, "value_error_coef": 0.75}, "datetime": {"datetime": "2022-10-24 02:25:01", "elapsed": 9102.66084, "delta": 300.498284}}
{"target": 0.23371, "params": {"dim_hidden_a2c": 6.815750319929716, "dim_hidden_lstm": 8.484386141790553, "embedding_learning_rate": -3.6586275957906267, "embedding_size": 5.340661527147374, "entropy_error_coef": 0.034256596370658365, "lstm_learning_rate": -2.814797891277964, "value_error_coef": 0.5316038825121436}, "datetime": {"datetime": "2022-10-24 02:35:06", "elapsed": 9707.46921, "delta": 604.80837}}
{"target": 0.16743, "params": {"dim_hidden_a2c": 8.762541764276312, "dim_hidden_lstm": 5.0, "embedding_learning_rate": -4.2239984494187235, "embedding_size": 8.194208070833275, "entropy_error_coef": 0.0, "lstm_learning_rate": -2.0, "value_error_coef": 0.75}, "datetime": {"datetime": "2022-10-24 02:40:04", "elapsed": 10005.572773, "delta": 298.103563}}
{"target": 0.18917, "params": {"dim_hidden_a2c": 5.461313848361375, "dim_hidden_lstm": 5.064085678898097, "embedding_learning_rate": -2.810026364643007, "embedding_size": 5.822058358848062, "entropy_error_coef": 0.17715454926234242, "lstm_learning_rate": -3.33878042981574, "value_error_coef": 0.3068450096276173}, "datetime": {"datetime": "2022-10-24 02:44:40", "elapsed": 10281.835329, "delta": 276.262556}}
{"target": 0.17898, "params": {"dim_hidden_a2c": 8.8571981841372, "dim_hidden_lstm": 5.369930199000269, "embedding_learning_rate": -2.99284457627625, "embedding_size": 8.288771438948952, "entropy_error_coef": 0.33444098844239, "lstm_learning_rate": -3.3790936381057635, "value_error_coef": 0.6508533546706523}, "datetime": {"datetime": "2022-10-24 02:49:45", "elapsed": 10586.743713, "delta": 304.908384}}
{"target": 0.20017, "params": {"dim_hidden_a2c": 8.501802624263274, "dim_hidden_lstm": 5.0, "embedding_learning_rate": -3.3397033007953953, "embedding_size": 8.224233416665491, "entropy_error_coef": 0.0, "lstm_learning_rate": -2.0, "value_error_coef": 0.75}, "datetime": {"datetime": "2022-10-24 02:54:42", "elapsed": 10884.343437, "delta": 297.599724}}
{"target": 0.1442, "params": {"dim_hidden_a2c": 5.110300017395583, "dim_hidden_lstm": 6.819114052934436, "embedding_learning_rate": -2.934083297501962, "embedding_size": 5.763427603370856, "entropy_error_coef": 0.33584721173467774, "lstm_learning_rate": -3.976429716935687, "value_error_coef": 0.6156078546828574}, "datetime": {"datetime": "2022-10-24 02:59:53", "elapsed": 11194.576115, "delta": 310.232678}}
{"target": 0.1974, "params": {"dim_hidden_a2c": 8.463183179338264, "dim_hidden_lstm": 5.469467726032564, "embedding_learning_rate": -3.667852234979053, "embedding_size": 7.984963951845717, "entropy_error_coef": 0.0, "lstm_learning_rate": -2.0, "value_error_coef": 0.75}, "datetime": {"datetime": "2022-10-24 03:04:55", "elapsed": 11496.73638, "delta": 302.160265}}
{"target": 0.21495, "params": {"dim_hidden_a2c": 8.124440681444257, "dim_hidden_lstm": 5.038941356217596, "embedding_learning_rate": -3.6959409608484877, "embedding_size": 8.003535434145201, "entropy_error_coef": 0.0, "lstm_learning_rate": -2.0, "value_error_coef": 0.75}, "datetime": {"datetime": "2022-10-24 03:09:50", "elapsed": 11791.892884, "delta": 295.156504}}
{"target": 0.19488, "params": {"dim_hidden_a2c": 8.85010863029588, "dim_hidden_lstm": 5.3099592867547285, "embedding_learning_rate": -4.770586879390052, "embedding_size": 7.514315377191873, "entropy_error_coef": 0.2533295082088573, "lstm_learning_rate": -2.200008866785173, "value_error_coef": 0.211556423654394}, "datetime": {"datetime": "2022-10-24 03:14:48", "elapsed": 12090.272929, "delta": 298.380045}}
{"target": 0.20965, "params": {"dim_hidden_a2c": 6.675466498876908, "dim_hidden_lstm": 8.313897130007922, "embedding_learning_rate": -3.3984116205777686, "embedding_size": 5.281792268317511, "entropy_error_coef": 0.11664928653326624, "lstm_learning_rate": -2.598530357512736, "value_error_coef": 0.5266683518924633}, "datetime": {"datetime": "2022-10-24 03:24:06", "elapsed": 12648.225404, "delta": 557.952475}}
{"target": 0.21428, "params": {"dim_hidden_a2c": 6.470338517576947, "dim_hidden_lstm": 8.58846426209532, "embedding_learning_rate": -3.6662927476131344, "embedding_size": 5.354550248664801, "entropy_error_coef": 0.044463004037458634, "lstm_learning_rate": -3.04138282560974, "value_error_coef": 0.48093364703899094}, "datetime": {"datetime": "2022-10-24 03:34:56", "elapsed": 13297.608505, "delta": 649.383101}}
{"target": 0.19434, "params": {"dim_hidden_a2c": 6.798390073638513, "dim_hidden_lstm": 7.974654479275991, "embedding_learning_rate": -3.659822481251542, "embedding_size": 5.511059696698588, "entropy_error_coef": 0.10861290556431191, "lstm_learning_rate": -3.012439496451569, "value_error_coef": 0.4060338240035768}, "datetime": {"datetime": "2022-10-24 03:42:58", "elapsed": 13780.205002, "delta": 482.596497}}
{"target": 0.15182, "params": {"dim_hidden_a2c": 8.044079669882365, "dim_hidden_lstm": 7.649749220298522, "embedding_learning_rate": -4.472048296906417, "embedding_size": 8.284876220915988, "entropy_error_coef": 0.3198530161153074, "lstm_learning_rate": -4.553777775442401, "value_error_coef": 0.7102922238071369}, "datetime": {"datetime": "2022-10-24 03:49:16", "elapsed": 14158.344941, "delta": 378.139939}}
{"target": 0.17204, "params": {"dim_hidden_a2c": 7.5259618093100755, "dim_hidden_lstm": 8.31696033802357, "embedding_learning_rate": -2.725183711011507, "embedding_size": 8.390387759394534, "entropy_error_coef": 0.18661438475260067, "lstm_learning_rate": -3.421953099783668, "value_error_coef": 0.12635179565054241}, "datetime": {"datetime": "2022-10-24 03:59:11", "elapsed": 14752.905593, "delta": 594.560652}}
{"target": 0.20286, "params": {"dim_hidden_a2c": 6.76225118062427, "dim_hidden_lstm": 5.12890353965793, "embedding_learning_rate": -3.255905949386924, "embedding_size": 7.642068855344078, "entropy_error_coef": 0.3102056646431389, "lstm_learning_rate": -2.351170271463171, "value_error_coef": 0.4539113766578852}, "datetime": {"datetime": "2022-10-24 04:04:02", "elapsed": 15043.763476, "delta": 290.857883}}
{"target": 0.19439, "params": {"dim_hidden_a2c": 8.223844863157115, "dim_hidden_lstm": 5.5337033432420135, "embedding_learning_rate": -3.276829702444121, "embedding_size": 8.024904588944262, "entropy_error_coef": 0.009870405985891895, "lstm_learning_rate": -2.064392992684209, "value_error_coef": 0.7039406520956395}, "datetime": {"datetime": "2022-10-24 04:09:05", "elapsed": 15346.942413, "delta": 303.178937}}
{"target": 0.21755, "params": {"dim_hidden_a2c": 5.4968559326771755, "dim_hidden_lstm": 5.1872412939282295, "embedding_learning_rate": -2.860214553833723, "embedding_size": 5.866755135734854, "entropy_error_coef": 0.2045887451630169, "lstm_learning_rate": -3.223672962638435, "value_error_coef": 0.5287141066533056}, "datetime": {"datetime": "2022-10-24 04:13:43", "elapsed": 15624.710486, "delta": 277.768073}}
{"target": 0.21517, "params": {"dim_hidden_a2c": 5.807961726996673, "dim_hidden_lstm": 8.255977702005408, "embedding_learning_rate": -4.5140137936333105, "embedding_size": 7.061956062028588, "entropy_error_coef": 0.07713630331706545, "lstm_learning_rate": -3.428335619713968, "value_error_coef": 0.19669483319651576}, "datetime": {"datetime": "2022-10-24 04:22:45", "elapsed": 16166.531021, "delta": 541.820535}}
{"target": 0.18935, "params": {"dim_hidden_a2c": 6.803032989990116, "dim_hidden_lstm": 8.755742069390848, "embedding_learning_rate": -3.645137362903026, "embedding_size": 5.6145374463908615, "entropy_error_coef": 0.0, "lstm_learning_rate": -2.666836087469189, "value_error_coef": 0.41977203017786496}, "datetime": {"datetime": "2022-10-24 04:35:11", "elapsed": 16912.593171, "delta": 746.06215}}
{"target": 0.17645, "params": {"dim_hidden_a2c": 6.808050879256546, "dim_hidden_lstm": 8.461253009687772, "embedding_learning_rate": -3.704880188420797, "embedding_size": 5.0, "entropy_error_coef": 0.02762726975582016, "lstm_learning_rate": -2.9402125949186844, "value_error_coef": 0.711976966839784}, "datetime": {"datetime": "2022-10-24 04:45:24", "elapsed": 17525.87083, "delta": 613.277659}}
{"target": 0.20594, "params": {"dim_hidden_a2c": 6.7541136985520716, "dim_hidden_lstm": 8.426358279284871, "embedding_learning_rate": -3.662459474488438, "embedding_size": 5.285026875585665, "entropy_error_coef": 0.060187093948809084, "lstm_learning_rate": -2.8345677546494468, "value_error_coef": 0.18874318286288883}, "datetime": {"datetime": "2022-10-24 04:55:22", "elapsed": 18123.817079, "delta": 597.946249}}
{"target": 0.22538, "params": {"dim_hidden_a2c": 6.824429969530117, "dim_hidden_lstm": 8.469219364056812, "embedding_learning_rate": -3.422059819880355, "embedding_size": 5.507613372212821, "entropy_error_coef": 0.13161506859058197, "lstm_learning_rate": -3.0009866172147426, "value_error_coef": 0.5881412938542947}, "datetime": {"datetime": "2022-10-24 05:05:36", "elapsed": 18738.369577, "delta": 614.552498}}
{"target": 0.21664, "params": {"dim_hidden_a2c": 8.488721632544383, "dim_hidden_lstm": 5.467755051061227, "embedding_learning_rate": -3.9882539731075326, "embedding_size": 7.519441468572023, "entropy_error_coef": 0.11096295022204788, "lstm_learning_rate": -3.165166900847473, "value_error_coef": 0.025285285813917063}, "datetime": {"datetime": "2022-10-24 05:10:37", "elapsed": 19038.425516, "delta": 300.055939}}
{"target": 0.18676, "params": {"dim_hidden_a2c": 6.713513673104663, "dim_hidden_lstm": 8.425279998350227, "embedding_learning_rate": -3.7347374322332527, "embedding_size": 5.514775618858553, "entropy_error_coef": 0.3302302815866069, "lstm_learning_rate": -2.8224012439150714, "value_error_coef": 0.6448941913088945}, "datetime": {"datetime": "2022-10-24 05:20:34", "elapsed": 19636.280112, "delta": 597.854596}}
{"target": 0.18803, "params": {"dim_hidden_a2c": 7.111896268815198, "dim_hidden_lstm": 8.401716453263216, "embedding_learning_rate": -3.4338289028471176, "embedding_size": 5.38942257701932, "entropy_error_coef": 0.0, "lstm_learning_rate": -2.8074635676601325, "value_error_coef": 0.4931599487166036}, "datetime": {"datetime": "2022-10-24 05:30:22", "elapsed": 20224.400826, "delta": 588.120714}}
