{"target": 0.73611, "params": {"dim_hidden_a2c": 8.07928194393158, "dim_hidden_lstm": 7.413932556373293, "embedding_learning_rate": -3.191844632290362, "embedding_size": 7.423831446618157, "entropy_error_coef": 0.2021742678838095, "lstm_learning_rate": -3.4993137700276327, "value_error_coef": 0.6185091948246847}, "datetime": {"datetime": "2022-10-20 02:04:51", "elapsed": 6828.995398, "delta": 192.557279}}
{"target": 0.6843, "params": {"dim_hidden_a2c": 8.324074669624629, "dim_hidden_lstm": 7.588518706548957, "embedding_learning_rate": -3.1613125053950926, "embedding_size": 7.545820696804022, "entropy_error_coef": 0.37279848701757196, "lstm_learning_rate": -3.2676677878611615, "value_error_coef": 0.5652641302686443}, "datetime": {"datetime": "2022-10-20 02:08:14", "elapsed": 7032.383204, "delta": 203.387806}}
{"target": 0.74789, "params": {"dim_hidden_a2c": 8.434200207026898, "dim_hidden_lstm": 7.2906054402719045, "embedding_learning_rate": -3.316152662546203, "embedding_size": 7.355144453055913, "entropy_error_coef": 0.2304751327288312, "lstm_learning_rate": -3.446962074260192, "value_error_coef": 0.6575308486819356}, "datetime": {"datetime": "2022-10-20 02:11:25", "elapsed": 7223.839836, "delta": 191.456632}}
{"target": 0.67412, "params": {"dim_hidden_a2c": 7.848540840774654, "dim_hidden_lstm": 7.24677285024706, "embedding_learning_rate": -3.225723629782645, "embedding_size": 7.42576120773338, "entropy_error_coef": 0.39176555058489354, "lstm_learning_rate": -3.0777708734785767, "value_error_coef": 0.4433149097787298}, "datetime": {"datetime": "2022-10-20 02:14:35", "elapsed": 7413.797948, "delta": 189.958112}}
{"target": 0.70436, "params": {"dim_hidden_a2c": 6.350563010571194, "dim_hidden_lstm": 6.990494562870394, "embedding_learning_rate": -3.260272687065542, "embedding_size": 8.595190786336103, "entropy_error_coef": 0.11878785271811049, "lstm_learning_rate": -2.7413600647735734, "value_error_coef": 0.1369047322702599}, "datetime": {"datetime": "2022-10-20 02:17:45", "elapsed": 7603.166248, "delta": 189.3683}}
{"target": 0.68683, "params": {"dim_hidden_a2c": 8.272530354422244, "dim_hidden_lstm": 7.122242914138164, "embedding_learning_rate": -3.331081009767436, "embedding_size": 7.615195378691145, "entropy_error_coef": 0.3260571527834337, "lstm_learning_rate": -3.059329077791855, "value_error_coef": 0.14746658621054692}, "datetime": {"datetime": "2022-10-20 02:20:54", "elapsed": 7791.977728, "delta": 188.81148}}
{"target": 0.43065, "params": {"dim_hidden_a2c": 5.121483573088346, "dim_hidden_lstm": 6.7121699806504385, "embedding_learning_rate": -2.3830028105801415, "embedding_size": 7.660255859650828, "entropy_error_coef": 0.2623142266428679, "lstm_learning_rate": -4.639813710516491, "value_error_coef": 0.06964049306933504}, "datetime": {"datetime": "2022-10-20 02:23:52", "elapsed": 7970.840396, "delta": 178.862668}}
{"target": 0.72351, "params": {"dim_hidden_a2c": 8.54065845558153, "dim_hidden_lstm": 7.197092504593996, "embedding_learning_rate": -3.3875554136647574, "embedding_size": 7.2305102393301475, "entropy_error_coef": 0.2590118503098129, "lstm_learning_rate": -3.5112596254470967, "value_error_coef": 0.5049261042980423}, "datetime": {"datetime": "2022-10-20 02:27:02", "elapsed": 8160.671548, "delta": 189.831152}}
{"target": 0.71746, "params": {"dim_hidden_a2c": 8.277521401358541, "dim_hidden_lstm": 7.209882695108557, "embedding_learning_rate": -3.076359933843351, "embedding_size": 7.381316020313314, "entropy_error_coef": 0.3021640530671911, "lstm_learning_rate": -3.16324582082313, "value_error_coef": 0.2328000849800853}, "datetime": {"datetime": "2022-10-20 02:30:10", "elapsed": 8348.345392, "delta": 187.673844}}
{"target": 0.73173, "params": {"dim_hidden_a2c": 6.283740560739446, "dim_hidden_lstm": 7.140458355172222, "embedding_learning_rate": -3.3390623046004557, "embedding_size": 8.752899316336851, "entropy_error_coef": 0.1413714376473097, "lstm_learning_rate": -2.7946420192325956, "value_error_coef": 0.2696933606456491}, "datetime": {"datetime": "2022-10-20 02:33:20", "elapsed": 8538.782351, "delta": 190.436959}}
{"target": 0.54556, "params": {"dim_hidden_a2c": 5.710075699760803, "dim_hidden_lstm": 8.597514326714105, "embedding_learning_rate": -4.629569291389823, "embedding_size": 6.84185967257725, "entropy_error_coef": 0.4993168911362704, "lstm_learning_rate": -3.530830216173189, "value_error_coef": 0.7116283655392982}, "datetime": {"datetime": "2022-10-20 02:39:15", "elapsed": 8892.901842, "delta": 354.119491}}
{"target": 0.6073, "params": {"dim_hidden_a2c": 6.629501255491748, "dim_hidden_lstm": 5.033691923214054, "embedding_learning_rate": -3.4932871005444692, "embedding_size": 8.645913366747678, "entropy_error_coef": 0.39665740417464673, "lstm_learning_rate": -2.834873436659659, "value_error_coef": 0.04963702050856464}, "datetime": {"datetime": "2022-10-20 02:42:07", "elapsed": 9065.704453, "delta": 172.802611}}
{"target": 0.65162, "params": {"dim_hidden_a2c": 8.0503051206775, "dim_hidden_lstm": 7.2786537046281214, "embedding_learning_rate": -3.3449211720388075, "embedding_size": 7.409353217054075, "entropy_error_coef": 0.4757429850104861, "lstm_learning_rate": -3.253252515743742, "value_error_coef": 0.5684926394655618}, "datetime": {"datetime": "2022-10-20 02:45:17", "elapsed": 9255.814518, "delta": 190.110065}}
{"target": 0.66016, "params": {"dim_hidden_a2c": 6.341985239788299, "dim_hidden_lstm": 7.0234456706827295, "embedding_learning_rate": -3.383388963749969, "embedding_size": 8.51034432611981, "entropy_error_coef": 0.04971476222467913, "lstm_learning_rate": -2.599761296415565, "value_error_coef": 0.1486477343539451}, "datetime": {"datetime": "2022-10-20 02:48:26", "elapsed": 9444.821956, "delta": 189.007438}}
{"target": 0.72862, "params": {"dim_hidden_a2c": 8.46372107227222, "dim_hidden_lstm": 7.3551528408286, "embedding_learning_rate": -3.0239119790091995, "embedding_size": 7.548379512108231, "entropy_error_coef": 0.25871402526356757, "lstm_learning_rate": -3.1449518881435816, "value_error_coef": 0.5781688936201627}, "datetime": {"datetime": "2022-10-20 02:51:39", "elapsed": 9637.439194, "delta": 192.617238}}
{"target": 0.66833, "params": {"dim_hidden_a2c": 8.981944695783302, "dim_hidden_lstm": 5.255642703900106, "embedding_learning_rate": -2.814835315362898, "embedding_size": 8.309117856670515, "entropy_error_coef": 0.34737765159711864, "lstm_learning_rate": -3.480879395955984, "value_error_coef": 0.6433240042030262}, "datetime": {"datetime": "2022-10-20 02:54:35", "elapsed": 9812.978925, "delta": 175.539731}}
{"target": 0.33509, "params": {"dim_hidden_a2c": 5.611855046903603, "dim_hidden_lstm": 8.58111041239395, "embedding_learning_rate": -2.0233606383968654, "embedding_size": 8.838538191626343, "entropy_error_coef": 0.4067175878435489, "lstm_learning_rate": -4.646855441451346, "value_error_coef": 0.04592577521816976}, "datetime": {"datetime": "2022-10-20 03:01:16", "elapsed": 10214.367268, "delta": 401.388343}}
{"target": 0.75674, "params": {"dim_hidden_a2c": 8.890404071996159, "dim_hidden_lstm": 5.2137930943678885, "embedding_learning_rate": -2.003268061658175, "embedding_size": 8.815389824817636, "entropy_error_coef": 0.0516304881612219, "lstm_learning_rate": -3.1076105612186113, "value_error_coef": 0.1737269241215377}, "datetime": {"datetime": "2022-10-20 03:04:13", "elapsed": 10391.617451, "delta": 177.250183}}
{"target": 0.63828, "params": {"dim_hidden_a2c": 8.814725485687845, "dim_hidden_lstm": 5.208596815256778, "embedding_learning_rate": -3.0965090313012658, "embedding_size": 8.438271429497606, "entropy_error_coef": 0.4849404992618469, "lstm_learning_rate": -3.3196657925307265, "value_error_coef": 0.5525754517801498}, "datetime": {"datetime": "2022-10-20 03:07:11", "elapsed": 10569.114558, "delta": 177.497107}}
{"target": 0.68572, "params": {"dim_hidden_a2c": 8.862981466678542, "dim_hidden_lstm": 5.319034077148723, "embedding_learning_rate": -3.2194613856004457, "embedding_size": 8.580741113089443, "entropy_error_coef": 0.36162121262518115, "lstm_learning_rate": -3.35385680319489, "value_error_coef": 0.734069324538286}, "datetime": {"datetime": "2022-10-20 03:10:08", "elapsed": 10746.828596, "delta": 177.714038}}
{"target": 0.6403, "params": {"dim_hidden_a2c": 8.377635982917909, "dim_hidden_lstm": 7.47229523518638, "embedding_learning_rate": -3.4399989256336654, "embedding_size": 7.580694768453846, "entropy_error_coef": 0.470558920798994, "lstm_learning_rate": -3.335971901546349, "value_error_coef": 0.127096963312948}, "datetime": {"datetime": "2022-10-20 03:13:23", "elapsed": 10941.344245, "delta": 194.515649}}
{"target": 0.69377, "params": {"dim_hidden_a2c": 8.101948895975902, "dim_hidden_lstm": 7.384715550456164, "embedding_learning_rate": -3.043507095021732, "embedding_size": 7.219229790417183, "entropy_error_coef": 0.35523338533137183, "lstm_learning_rate": -3.1754229230929365, "value_error_coef": 0.2046332599135699}, "datetime": {"datetime": "2022-10-20 03:16:45", "elapsed": 11143.39648, "delta": 202.052235}}
{"target": 0.43515, "params": {"dim_hidden_a2c": 7.548608608410207, "dim_hidden_lstm": 8.599988086722625, "embedding_learning_rate": -2.3032395348436503, "embedding_size": 5.560546425735721, "entropy_error_coef": 0.0750473325557302, "lstm_learning_rate": -4.213795432681361, "value_error_coef": 0.7268030209158536}, "datetime": {"datetime": "2022-10-20 03:22:49", "elapsed": 11507.257852, "delta": 363.861372}}
{"target": 0.75581, "params": {"dim_hidden_a2c": 8.494461874987357, "dim_hidden_lstm": 7.26572021154225, "embedding_learning_rate": -3.4180011975502786, "embedding_size": 7.544589481082982, "entropy_error_coef": 0.10811368051007059, "lstm_learning_rate": -3.39922921781512, "value_error_coef": 0.7447232605075308}, "datetime": {"datetime": "2022-10-20 03:26:00", "elapsed": 11698.415579, "delta": 191.157727}}
{"target": 0.44732, "params": {"dim_hidden_a2c": 5.785140494062002, "dim_hidden_lstm": 8.97719018553778, "embedding_learning_rate": -4.086920410660353, "embedding_size": 7.622172248198856, "entropy_error_coef": 0.07301276130369261, "lstm_learning_rate": -2.784510339924883, "value_error_coef": 0.07360157593403874}, "datetime": {"datetime": "2022-10-20 03:34:20", "elapsed": 12198.681224, "delta": 500.265645}}
{"target": 0.7267, "params": {"dim_hidden_a2c": 8.430352009403897, "dim_hidden_lstm": 7.397079638174733, "embedding_learning_rate": -3.32418135781165, "embedding_size": 7.382134696353901, "entropy_error_coef": 0.07587995968085665, "lstm_learning_rate": -2.904104386502598, "value_error_coef": 0.49598084256037317}, "datetime": {"datetime": "2022-10-20 03:37:35", "elapsed": 12393.451794, "delta": 194.77057}}
{"target": 0.74131, "params": {"dim_hidden_a2c": 8.677465914919988, "dim_hidden_lstm": 7.166369545438364, "embedding_learning_rate": -3.0142833587458795, "embedding_size": 7.233886596241896, "entropy_error_coef": 0.2255100030753464, "lstm_learning_rate": -3.064386215744666, "value_error_coef": 0.1730462009865794}, "datetime": {"datetime": "2022-10-20 03:40:46", "elapsed": 12584.037705, "delta": 190.585911}}
{"target": 0.74908, "params": {"dim_hidden_a2c": 8.333716918454005, "dim_hidden_lstm": 7.459293379045948, "embedding_learning_rate": -3.220512355779189, "embedding_size": 7.273072961832131, "entropy_error_coef": 0.18034139118380743, "lstm_learning_rate": -2.7539768377721225, "value_error_coef": 0.6105223917959196}, "datetime": {"datetime": "2022-10-20 03:43:59", "elapsed": 12777.72462, "delta": 193.686915}}
{"target": 0.70532, "params": {"dim_hidden_a2c": 8.45533934371938, "dim_hidden_lstm": 7.210240864706622, "embedding_learning_rate": -3.302569460167828, "embedding_size": 7.47042044539282, "entropy_error_coef": 0.32757346104446916, "lstm_learning_rate": -3.0097963701804438, "value_error_coef": 0.2653914149857419}, "datetime": {"datetime": "2022-10-20 03:47:10", "elapsed": 12968.239553, "delta": 190.514933}}
{"target": 0.68844, "params": {"dim_hidden_a2c": 7.707980708757171, "dim_hidden_lstm": 7.290432749970598, "embedding_learning_rate": -3.2100135748779812, "embedding_size": 7.525672843808951, "entropy_error_coef": 0.41295460781798843, "lstm_learning_rate": -3.07576527398739, "value_error_coef": 0.4871815561046857}, "datetime": {"datetime": "2022-10-20 03:50:20", "elapsed": 13158.140683, "delta": 189.90113}}
{"target": 0.68351, "params": {"dim_hidden_a2c": 8.22415217541724, "dim_hidden_lstm": 7.1479339631217105, "embedding_learning_rate": -3.3489103579770956, "embedding_size": 7.681386306286782, "entropy_error_coef": 0.3669674933026565, "lstm_learning_rate": -3.034695398751409, "value_error_coef": 0.2761155300985522}, "datetime": {"datetime": "2022-10-20 03:53:28", "elapsed": 13346.841198, "delta": 188.700515}}
{"target": 0.76209, "params": {"dim_hidden_a2c": 8.162674524847311, "dim_hidden_lstm": 7.144860824350827, "embedding_learning_rate": -3.213104640964837, "embedding_size": 7.290245097275413, "entropy_error_coef": 0.18080555739467868, "lstm_learning_rate": -2.940530506547241, "value_error_coef": 0.2181213870626669}, "datetime": {"datetime": "2022-10-20 03:56:37", "elapsed": 13535.400758, "delta": 188.55956}}
{"target": 0.36322, "params": {"dim_hidden_a2c": 5.45064061161332, "dim_hidden_lstm": 7.874209351426035, "embedding_learning_rate": -4.741533592978734, "embedding_size": 8.523624990796005, "entropy_error_coef": 0.43896266432915215, "lstm_learning_rate": -2.087319570099446, "value_error_coef": 0.6562426621798566}, "datetime": {"datetime": "2022-10-20 04:01:03", "elapsed": 13800.856671, "delta": 265.455913}}
{"target": 0.66098, "params": {"dim_hidden_a2c": 8.465273038317775, "dim_hidden_lstm": 7.1493420843647035, "embedding_learning_rate": -3.3030012251243104, "embedding_size": 7.179663191285659, "entropy_error_coef": 0.4144464969108842, "lstm_learning_rate": -3.160533669787558, "value_error_coef": 0.5601505984336189}, "datetime": {"datetime": "2022-10-20 04:04:09", "elapsed": 13987.282914, "delta": 186.426243}}
{"target": 0.68095, "params": {"dim_hidden_a2c": 7.687779295440411, "dim_hidden_lstm": 7.559302942671816, "embedding_learning_rate": -3.19641296591845, "embedding_size": 7.594598456602309, "entropy_error_coef": 0.33946097853107915, "lstm_learning_rate": -2.9372684893153274, "value_error_coef": 0.43650635667698645}, "datetime": {"datetime": "2022-10-20 04:07:45", "elapsed": 14203.600578, "delta": 216.317664}}
{"target": 0.65303, "params": {"dim_hidden_a2c": 8.30524650696888, "dim_hidden_lstm": 7.2038878287610535, "embedding_learning_rate": -2.980724300971921, "embedding_size": 7.343290525263532, "entropy_error_coef": 0.425892432560489, "lstm_learning_rate": -3.2271103376561925, "value_error_coef": 0.316416918465073}, "datetime": {"datetime": "2022-10-20 04:10:54", "elapsed": 14392.551011, "delta": 188.950433}}
{"target": 0.71228, "params": {"dim_hidden_a2c": 8.249373609031128, "dim_hidden_lstm": 7.109400122808298, "embedding_learning_rate": -3.283332252268802, "embedding_size": 7.34247922197836, "entropy_error_coef": 0.2658532827225405, "lstm_learning_rate": -2.8507450679090036, "value_error_coef": 0.3682273303432292}, "datetime": {"datetime": "2022-10-20 04:14:01", "elapsed": 14579.143203, "delta": 186.592192}}
{"target": 0.41156, "params": {"dim_hidden_a2c": 7.273470344602963, "dim_hidden_lstm": 5.410652638324344, "embedding_learning_rate": -2.7565665168787317, "embedding_size": 8.009197743316758, "entropy_error_coef": 0.328520827244689, "lstm_learning_rate": -4.806932835267373, "value_error_coef": 0.7140882904536201}, "datetime": {"datetime": "2022-10-20 04:16:54", "elapsed": 14752.257712, "delta": 173.114509}}
{"target": 0.66201, "params": {"dim_hidden_a2c": 8.221182019011074, "dim_hidden_lstm": 7.285110456391563, "embedding_learning_rate": -2.8933906574949098, "embedding_size": 7.468460777876355, "entropy_error_coef": 0.45435273526396147, "lstm_learning_rate": -3.233157791594473, "value_error_coef": 0.30026317870380026}, "datetime": {"datetime": "2022-10-20 04:20:04", "elapsed": 14942.021888, "delta": 189.764176}}
{"target": 0.74789, "params": {"dim_hidden_a2c": 8.07974013587863, "dim_hidden_lstm": 7.346248788777951, "embedding_learning_rate": -3.1246406277889984, "embedding_size": 7.164782892200398, "entropy_error_coef": 0.004280358810152929, "lstm_learning_rate": -3.450856583903269, "value_error_coef": 0.11029789446024871}, "datetime": {"datetime": "2022-10-20 04:23:12", "elapsed": 15130.560453, "delta": 188.538565}}
{"target": 0.71045, "params": {"dim_hidden_a2c": 6.212340579382807, "dim_hidden_lstm": 6.949944046003561, "embedding_learning_rate": -3.194784611062671, "embedding_size": 8.544609097810634, "entropy_error_coef": 0.005673596999541286, "lstm_learning_rate": -2.853032606031103, "value_error_coef": 0.19731116489213157}, "datetime": {"datetime": "2022-10-20 04:26:18", "elapsed": 15316.654804, "delta": 186.094351}}
{"target": 0.73906, "params": {"dim_hidden_a2c": 8.035515474436124, "dim_hidden_lstm": 7.446374581395993, "embedding_learning_rate": -3.2449852335445466, "embedding_size": 7.429242687284946, "entropy_error_coef": 0.1827578516734042, "lstm_learning_rate": -3.5113326878999884, "value_error_coef": 0.6941846160785428}, "datetime": {"datetime": "2022-10-20 04:29:33", "elapsed": 15511.125471, "delta": 194.470667}}
{"target": 0.7599, "params": {"dim_hidden_a2c": 8.281693309644504, "dim_hidden_lstm": 7.246196047108285, "embedding_learning_rate": -3.2270515628062326, "embedding_size": 7.102171952995561, "entropy_error_coef": 0.10949840740890698, "lstm_learning_rate": -2.8699683467239434, "value_error_coef": 0.3159373063485187}, "datetime": {"datetime": "2022-10-20 04:32:41", "elapsed": 15699.65104, "delta": 188.525569}}
{"target": 0.39964, "params": {"dim_hidden_a2c": 5.382073053234527, "dim_hidden_lstm": 6.991422370936011, "embedding_learning_rate": -3.9632503125884013, "embedding_size": 5.532314951430903, "entropy_error_coef": 0.1704540097823633, "lstm_learning_rate": -4.153399510708841, "value_error_coef": 0.5223049927402704}, "datetime": {"datetime": "2022-10-20 04:35:35", "elapsed": 15873.620276, "delta": 173.969236}}
{"target": 0.69842, "params": {"dim_hidden_a2c": 8.295228286670842, "dim_hidden_lstm": 6.915986399033503, "embedding_learning_rate": -3.205929758104772, "embedding_size": 7.158821964682313, "entropy_error_coef": 0.36319336061472984, "lstm_learning_rate": -3.1426493083861526, "value_error_coef": 0.4964571074712525}, "datetime": {"datetime": "2022-10-20 04:38:40", "elapsed": 16058.038164, "delta": 184.417888}}
{"target": 0.62719, "params": {"dim_hidden_a2c": 8.81504687244213, "dim_hidden_lstm": 5.159522133153411, "embedding_learning_rate": -3.028537447516417, "embedding_size": 8.439748039530896, "entropy_error_coef": 0.4982645209596383, "lstm_learning_rate": -3.286940460962966, "value_error_coef": 0.7416285120158601}, "datetime": {"datetime": "2022-10-20 04:41:35", "elapsed": 16233.434944, "delta": 175.39678}}
{"target": 0.53773, "params": {"dim_hidden_a2c": 5.131825515733684, "dim_hidden_lstm": 5.446364813763276, "embedding_learning_rate": -3.1487446600824156, "embedding_size": 6.062147976652038, "entropy_error_coef": 0.2532310541422565, "lstm_learning_rate": -2.602709754383394, "value_error_coef": 0.021514244159899887}, "datetime": {"datetime": "2022-10-20 04:44:17", "elapsed": 16395.129117, "delta": 161.694173}}
{"target": 0.75369, "params": {"dim_hidden_a2c": 6.632542544569742, "dim_hidden_lstm": 6.947803639683736, "embedding_learning_rate": -3.179458062050294, "embedding_size": 8.755464905366557, "entropy_error_coef": 0.19814203858721646, "lstm_learning_rate": -2.875789790641128, "value_error_coef": 0.21908407078522454}, "datetime": {"datetime": "2022-10-20 04:47:40", "elapsed": 16598.307976, "delta": 203.178859}}
{"target": 0.76624, "params": {"dim_hidden_a2c": 8.34928336696964, "dim_hidden_lstm": 7.148211186070988, "embedding_learning_rate": -3.211620692965608, "embedding_size": 6.9823795571433, "entropy_error_coef": 0.07859697179718556, "lstm_learning_rate": -3.047349453901343, "value_error_coef": 0.2933575171355006}, "datetime": {"datetime": "2022-10-20 04:50:45", "elapsed": 16783.551599, "delta": 185.243623}}
{"target": 0.37947, "params": {"dim_hidden_a2c": 7.06622459866041, "dim_hidden_lstm": 6.711631531037613, "embedding_learning_rate": -3.7913012570109617, "embedding_size": 6.120933993623007, "entropy_error_coef": 0.14770490756096355, "lstm_learning_rate": -4.7952260101348845, "value_error_coef": 0.6762995143492462}, "datetime": {"datetime": "2022-10-20 04:53:42", "elapsed": 16960.391915, "delta": 176.840316}}
{"target": 0.74405, "params": {"dim_hidden_a2c": 6.413025206784264, "dim_hidden_lstm": 8.570176989731948, "embedding_learning_rate": -3.8337560084581015, "embedding_size": 8.030303842959043, "entropy_error_coef": 0.09290737327464432, "lstm_learning_rate": -3.2714720678942353, "value_error_coef": 0.34360626450054943}, "datetime": {"datetime": "2022-10-20 05:00:10", "elapsed": 17348.38355, "delta": 387.991635}}
{"target": 0.63529, "params": {"dim_hidden_a2c": 8.223065890991396, "dim_hidden_lstm": 7.065075422334913, "embedding_learning_rate": -3.2413642437079577, "embedding_size": 7.62414111042744, "entropy_error_coef": 0.4576924313235313, "lstm_learning_rate": -2.9215408061344457, "value_error_coef": 0.16108571348294487}, "datetime": {"datetime": "2022-10-20 05:03:19", "elapsed": 17537.410963, "delta": 189.027413}}
{"target": 0.62232, "params": {"dim_hidden_a2c": 8.378000988612158, "dim_hidden_lstm": 7.555977388854574, "embedding_learning_rate": -2.9409583907856467, "embedding_size": 7.194897046751942, "entropy_error_coef": 0.402832238126016, "lstm_learning_rate": -3.050105870492488, "value_error_coef": 0.3890769822578104}, "datetime": {"datetime": "2022-10-20 05:06:56", "elapsed": 17754.492378, "delta": 217.081415}}
