{"target": 1.87766, "params": {"dropout_coef": 0.208511002351287, "embedding_learning_rate": -3.559351013115684, "embedding_size": 4.000571874086725}, "datetime": {"datetime": "2022-12-21 14:08:20", "elapsed": 0.0, "delta": 0.0}}
{"target": 0.5667599999999999, "params": {"dropout_coef": 0.15116628631591988, "embedding_learning_rate": -4.706488218365774, "embedding_size": 4.461692973843989}, "datetime": {"datetime": "2022-12-21 14:45:44", "elapsed": 2244.680231, "delta": 2244.680231}}
{"target": 1.4129800000000001, "params": {"dropout_coef": 0.09313010568883545, "embedding_learning_rate": -4.308878545913904, "embedding_size": 5.983837371153349}, "datetime": {"datetime": "2022-12-21 15:23:41", "elapsed": 4521.270822, "delta": 2276.590591}}
{"target": 1.55606, "params": {"dropout_coef": 0.2694083670016785, "embedding_learning_rate": -4.161610971193411, "embedding_size": 7.426097501983797}, "datetime": {"datetime": "2022-12-21 16:03:15", "elapsed": 6894.778861, "delta": 2373.508039}}
{"target": 1.64646, "params": {"dropout_coef": 0.10222612486575872, "embedding_learning_rate": -3.243765127218109, "embedding_size": 4.136937965989631}, "datetime": {"datetime": "2022-12-21 16:40:03", "elapsed": 9102.962762, "delta": 2208.183901}}
{"target": 1.49859, "params": {"dropout_coef": 0.5, "embedding_learning_rate": -3.573631332518465, "embedding_size": 4.433724585556284}, "datetime": {"datetime": "2022-12-21 17:17:04", "elapsed": 11323.935578, "delta": 2220.972816}}
{"target": 1.8605099999999999, "params": {"dropout_coef": 0.2576480173883328, "embedding_learning_rate": -3.9238604909946497, "embedding_size": 8.361429788966266}, "datetime": {"datetime": "2022-12-21 18:08:23", "elapsed": 14403.177949, "delta": 3079.242371}}
{"target": 1.7306, "params": {"dropout_coef": 0.4589387897635573, "embedding_learning_rate": -4.518373478075101, "embedding_size": 8.560347939282874}, "datetime": {"datetime": "2022-12-21 19:03:43", "elapsed": 17723.118564, "delta": 3319.940615}}
{"target": 1.71055, "params": {"dropout_coef": 0.11375743400233473, "embedding_learning_rate": -4.688820005223565, "embedding_size": 8.736517255385836}, "datetime": {"datetime": "2022-12-21 20:00:40", "elapsed": 21140.089942, "delta": 3416.971378}}
{"target": 1.8930699999999998, "params": {"dropout_coef": 0.3631280259406101, "embedding_learning_rate": -3.542775972298616, "embedding_size": 4.9734401579113765}, "datetime": {"datetime": "2022-12-21 20:38:56", "elapsed": 23436.656067, "delta": 2296.566125}}
{"target": 1.6280700000000001, "params": {"dropout_coef": 0.3051970920126036, "embedding_learning_rate": -3.1826016952617255, "embedding_size": 5.3883556914186235}, "datetime": {"datetime": "2022-12-21 21:18:13", "elapsed": 25793.074845, "delta": 2356.418778}}
{"target": 1.68079, "params": {"dropout_coef": 0.4777227877705977, "embedding_learning_rate": -3.6718571683159045, "embedding_size": 6.353603199645912}, "datetime": {"datetime": "2022-12-21 22:02:48", "elapsed": 28467.766481, "delta": 2674.691636}}
