{"target": 0.41843, "params": {"dim_hidden_a2c": 5.164069372899506, "dim_hidden_lstm": 5.313927106230705, "embedding_learning_rate": -2.563387999900821, "embedding_size": 7.030777118122573, "entropy_error_coef": 0.3688897421369458, "lstm_learning_rate": -4.525661702736304, "value_error_coef": 0.21413324828052616}, "datetime": {"datetime": "2022-10-20 15:05:05", "elapsed": 11887.659694, "delta": 383.36324}}
{"target": 0.35507, "params": {"dim_hidden_a2c": 7.008665815529759, "dim_hidden_lstm": 7.525257200175542, "embedding_learning_rate": -2.0361405418568834, "embedding_size": 7.903055948140885, "entropy_error_coef": 0.31554596021000464, "lstm_learning_rate": -2.4402433070081035, "value_error_coef": 0.7202098170494002}, "datetime": {"datetime": "2022-10-20 15:11:29", "elapsed": 12270.853282, "delta": 383.193588}}
{"target": 0.41364, "params": {"dim_hidden_a2c": 8.487474853049815, "dim_hidden_lstm": 7.954226453833021, "embedding_learning_rate": -4.389315193552114, "embedding_size": 6.599947521955263, "entropy_error_coef": 0.10517498869647673, "lstm_learning_rate": -4.231345911134487, "value_error_coef": 0.3123679879083846}, "datetime": {"datetime": "2022-10-20 15:17:56", "elapsed": 12658.281746, "delta": 387.428464}}
{"target": 0.60399, "params": {"dim_hidden_a2c": 5.807961726996673, "dim_hidden_lstm": 8.255977702005408, "embedding_learning_rate": -4.5140137936333105, "embedding_size": 7.061956062028588, "entropy_error_coef": 0.07713630331706545, "lstm_learning_rate": -3.428335619713968, "value_error_coef": 0.19669483319651576}, "datetime": {"datetime": "2022-10-20 15:24:27", "elapsed": 13049.007416, "delta": 390.72567}}
{"target": 0.38465, "params": {"dim_hidden_a2c": 5.124124561846945, "dim_hidden_lstm": 6.71372782718185, "embedding_learning_rate": -2.3827420134077393, "embedding_size": 7.661168128370257, "entropy_error_coef": 0.2624760734385033, "lstm_learning_rate": -4.638016188586225, "value_error_coef": 0.07010376861385566}, "datetime": {"datetime": "2022-10-20 15:30:55", "elapsed": 13437.032698, "delta": 388.025282}}
{"target": 0.26036, "params": {"dim_hidden_a2c": 5.812068944692216, "dim_hidden_lstm": 5.3581519226480125, "embedding_learning_rate": -4.314965221744585, "embedding_size": 7.491324450652489, "entropy_error_coef": 0.003417430294679946, "lstm_learning_rate": -2.0033924808967143, "value_error_coef": 0.6510157327689807}, "datetime": {"datetime": "2022-10-20 15:37:18", "elapsed": 13820.143879, "delta": 383.111181}}
{"target": 0.38361, "params": {"dim_hidden_a2c": 7.861148728366388, "dim_hidden_lstm": 5.006260207642754, "embedding_learning_rate": -3.8412550681677153, "embedding_size": 6.4534146028605806, "entropy_error_coef": 0.30236267903633507, "lstm_learning_rate": -3.7472751676054017, "value_error_coef": 0.13313664280540502}, "datetime": {"datetime": "2022-10-20 15:43:46", "elapsed": 14208.345223, "delta": 388.201344}}
{"target": 0.44203, "params": {"dim_hidden_a2c": 5.902266927430975, "dim_hidden_lstm": 8.837697030473294, "embedding_learning_rate": -4.7250890032714725, "embedding_size": 6.6547526435017605, "entropy_error_coef": 0.0921948167418033, "lstm_learning_rate": -3.4000123854634534, "value_error_coef": 0.2785196450405717}, "datetime": {"datetime": "2022-10-20 15:50:12", "elapsed": 14594.251337, "delta": 385.906114}}
{"target": 0.74849, "params": {"dim_hidden_a2c": 8.488721632544383, "dim_hidden_lstm": 5.467755051061227, "embedding_learning_rate": -3.9882539731075326, "embedding_size": 7.519441468572023, "entropy_error_coef": 0.11096295022204788, "lstm_learning_rate": -3.165166900847473, "value_error_coef": 0.025285285813917063}, "datetime": {"datetime": "2022-10-20 15:56:57", "elapsed": 14999.148056, "delta": 404.896719}}
{"target": 0.66602, "params": {"dim_hidden_a2c": 6.63111615703362, "dim_hidden_lstm": 5.036393969373573, "embedding_learning_rate": -3.492269799165713, "embedding_size": 8.646154588157865, "entropy_error_coef": 0.3967278062863231, "lstm_learning_rate": -2.834304679387269, "value_error_coef": 0.05011414257330794}, "datetime": {"datetime": "2022-10-20 16:03:14", "elapsed": 15376.247826, "delta": 377.09977}}
{"target": 0.56875, "params": {"dim_hidden_a2c": 6.719328832721443, "dim_hidden_lstm": 5.104436746852796, "embedding_learning_rate": -3.9896933147264386, "embedding_size": 7.365741509598383, "entropy_error_coef": 0.31334704795213353, "lstm_learning_rate": -3.170157181879645, "value_error_coef": 0.7208892980428017}, "datetime": {"datetime": "2022-10-20 16:09:34", "elapsed": 15755.701011, "delta": 379.453185}}
{"target": 0.6046, "params": {"dim_hidden_a2c": 8.507750348694131, "dim_hidden_lstm": 5.086941226257386, "embedding_learning_rate": -3.602120085405892, "embedding_size": 6.705733304958417, "entropy_error_coef": 0.21413611272445565, "lstm_learning_rate": -3.623417877104301, "value_error_coef": 0.6462388778149883}, "datetime": {"datetime": "2022-10-20 16:15:56", "elapsed": 16137.899282, "delta": 382.198271}}
{"target": 0.43718, "params": {"dim_hidden_a2c": 6.770888967041487, "dim_hidden_lstm": 7.384833237465779, "embedding_learning_rate": -3.065330048584567, "embedding_size": 8.7543583879451, "entropy_error_coef": 0.027589741120382316, "lstm_learning_rate": -4.004490741216602, "value_error_coef": 0.3190091261133404}, "datetime": {"datetime": "2022-10-20 16:21:53", "elapsed": 16494.979733, "delta": 357.080451}}
{"target": 0.33996, "params": {"dim_hidden_a2c": 8.05934175587863, "dim_hidden_lstm": 8.564430418383754, "embedding_learning_rate": -4.921613587336394, "embedding_size": 8.18703769266445, "entropy_error_coef": 0.4819633753746501, "lstm_learning_rate": -3.023508306090599, "value_error_coef": 0.33090539976131345}, "datetime": {"datetime": "2022-10-20 16:28:41", "elapsed": 16903.198091, "delta": 408.218358}}
{"target": 0.35741, "params": {"dim_hidden_a2c": 5.618778266506328, "dim_hidden_lstm": 8.581966357061146, "embedding_learning_rate": -2.0233129040667466, "embedding_size": 8.838868117167399, "entropy_error_coef": 0.40690819793649685, "lstm_learning_rate": -4.641446947502146, "value_error_coef": 0.047364456426400796}, "datetime": {"datetime": "2022-10-20 16:35:25", "elapsed": 17306.936565, "delta": 403.738474}}
{"target": 0.75657, "params": {"dim_hidden_a2c": 7.34809931653169, "dim_hidden_lstm": 7.750083783051457, "embedding_learning_rate": -3.6351510036639745, "embedding_size": 6.662210073971648, "entropy_error_coef": 0.18596763042808617, "lstm_learning_rate": -3.202330766415134, "value_error_coef": 0.7257228320135221}, "datetime": {"datetime": "2022-10-20 16:42:23", "elapsed": 17724.684802, "delta": 417.748237}}
{"target": 0.68827, "params": {"dim_hidden_a2c": 8.683157124983826, "dim_hidden_lstm": 7.616722039149842, "embedding_learning_rate": -3.5551807436535934, "embedding_size": 8.955138704083684, "entropy_error_coef": 0.34586972367168106, "lstm_learning_rate": -3.0802155613027646, "value_error_coef": 0.6463510113224062}, "datetime": {"datetime": "2022-10-20 16:49:02", "elapsed": 18124.276602, "delta": 399.5918}}
{"target": 0.57548, "params": {"dim_hidden_a2c": 6.966223402105628, "dim_hidden_lstm": 7.987178657673354, "embedding_learning_rate": -4.100670890535169, "embedding_size": 7.9327864790036, "entropy_error_coef": 0.12302603742638629, "lstm_learning_rate": -2.7232687516946843, "value_error_coef": 0.19711944433656023}, "datetime": {"datetime": "2022-10-20 16:55:26", "elapsed": 18508.187568, "delta": 383.910966}}
{"target": 0.65954, "params": {"dim_hidden_a2c": 6.686819483302567, "dim_hidden_lstm": 8.878151754944009, "embedding_learning_rate": -2.966084865808285, "embedding_size": 8.592998460570616, "entropy_error_coef": 0.47677319329720397, "lstm_learning_rate": -2.635623048329244, "value_error_coef": 0.20009636034015726}, "datetime": {"datetime": "2022-10-20 17:02:08", "elapsed": 18910.061669, "delta": 401.874101}}
{"target": 0.40936, "params": {"dim_hidden_a2c": 7.45565310088821, "dim_hidden_lstm": 6.01406192852801, "embedding_learning_rate": -4.468207951533647, "embedding_size": 5.650185408324113, "entropy_error_coef": 0.28353004442198704, "lstm_learning_rate": -3.17918801739502, "value_error_coef": 0.35607850937620444}, "datetime": {"datetime": "2022-10-20 17:08:43", "elapsed": 19305.580597, "delta": 395.518928}}
{"target": 0.42453, "params": {"dim_hidden_a2c": 7.551573401407901, "dim_hidden_lstm": 8.600805200925143, "embedding_learning_rate": -2.3026200999656856, "embedding_size": 5.567572282394345, "entropy_error_coef": 0.0759153938520081, "lstm_learning_rate": -4.209273258142383, "value_error_coef": 0.7268504059572386}, "datetime": {"datetime": "2022-10-20 17:15:19", "elapsed": 19700.908577, "delta": 395.32798}}
{"target": 0.67555, "params": {"dim_hidden_a2c": 6.211918967696538, "dim_hidden_lstm": 6.567522472181438, "embedding_learning_rate": -2.3591784067097645, "embedding_size": 5.063619559293985, "entropy_error_coef": 0.2202409532195852, "lstm_learning_rate": -2.5874460130881944, "value_error_coef": 0.0011233248694627607}, "datetime": {"datetime": "2022-10-20 17:21:49", "elapsed": 20091.33988, "delta": 390.431303}}
{"target": 0.53028, "params": {"dim_hidden_a2c": 6.9942123749921805, "dim_hidden_lstm": 7.856172995156916, "embedding_learning_rate": -4.655086866968424, "embedding_size": 6.3727900027113265, "entropy_error_coef": 0.31912397765994777, "lstm_learning_rate": -3.7289766000764666, "value_error_coef": 0.7341272830429677}, "datetime": {"datetime": "2022-10-20 17:28:18", "elapsed": 20480.181311, "delta": 388.841431}}
{"target": 0.43042, "params": {"dim_hidden_a2c": 6.922671602880651, "dim_hidden_lstm": 8.910242677706544, "embedding_learning_rate": -2.4231513029189657, "embedding_size": 7.1906975283182835, "entropy_error_coef": 0.3862587476614178, "lstm_learning_rate": -4.22979310952782, "value_error_coef": 0.18521319836343725}, "datetime": {"datetime": "2022-10-20 17:34:52", "elapsed": 20874.287357, "delta": 394.106046}}
{"target": 0.44487, "params": {"dim_hidden_a2c": 7.259864311688087, "dim_hidden_lstm": 8.780976614188798, "embedding_learning_rate": -2.51958912561154, "embedding_size": 8.986501570308134, "entropy_error_coef": 0.29011574839429644, "lstm_learning_rate": -4.1047531473229135, "value_error_coef": 0.16490952383788207}, "datetime": {"datetime": "2022-10-20 17:41:31", "elapsed": 21272.698511, "delta": 398.411154}}
{"target": 0.38355, "params": {"dim_hidden_a2c": 5.585475271788232, "dim_hidden_lstm": 6.068633093058952, "embedding_learning_rate": -4.013475775236227, "embedding_size": 7.396442790295701, "entropy_error_coef": 0.09489803532618818, "lstm_learning_rate": -2.4095247792367913, "value_error_coef": 0.7418088320345191}, "datetime": {"datetime": "2022-10-20 17:48:05", "elapsed": 21666.710716, "delta": 394.012205}}
{"target": 0.69056, "params": {"dim_hidden_a2c": 7.279730857941614, "dim_hidden_lstm": 7.9610190805142516, "embedding_learning_rate": -2.0517982105015515, "embedding_size": 6.007936585922357, "entropy_error_coef": 0.2398001991978279, "lstm_learning_rate": -3.5778304372354817, "value_error_coef": 0.08417468930317545}, "datetime": {"datetime": "2022-10-20 17:54:35", "elapsed": 22057.500563, "delta": 390.789847}}
{"target": 0.67628, "params": {"dim_hidden_a2c": 7.954089188951006, "dim_hidden_lstm": 8.378611609145798, "embedding_learning_rate": -3.3754511629592128, "embedding_size": 5.873283044543889, "entropy_error_coef": 0.214117151308661, "lstm_learning_rate": -3.638788411380288, "value_error_coef": 0.3860810862433138}, "datetime": {"datetime": "2022-10-20 18:01:14", "elapsed": 22456.168357, "delta": 398.667794}}
{"target": 0.43505, "params": {"dim_hidden_a2c": 6.3550083442937595, "dim_hidden_lstm": 7.625843949986189, "embedding_learning_rate": -2.0506459081023283, "embedding_size": 5.431291430994914, "entropy_error_coef": 0.023988427790220035, "lstm_learning_rate": -4.759094144247355, "value_error_coef": 0.5437008004469148}, "datetime": {"datetime": "2022-10-20 18:07:43", "elapsed": 22845.558088, "delta": 389.389731}}
{"target": 0.36321, "params": {"dim_hidden_a2c": 6.1452769473080435, "dim_hidden_lstm": 8.358939515098262, "embedding_learning_rate": -4.125790311056217, "embedding_size": 5.056596041835858, "entropy_error_coef": 0.42074317888713314, "lstm_learning_rate": -2.035991824709132, "value_error_coef": 0.022236291216071014}, "datetime": {"datetime": "2022-10-20 18:14:01", "elapsed": 23222.732616, "delta": 377.174528}}
{"target": 0.30688, "params": {"dim_hidden_a2c": 5.457891863447214, "dim_hidden_lstm": 7.876509313366143, "embedding_learning_rate": -4.7359327088984084, "embedding_size": 8.524598212941504, "entropy_error_coef": 0.43908736206859983, "lstm_learning_rate": -2.087141178417023, "value_error_coef": 0.656434206059587}, "datetime": {"datetime": "2022-10-20 18:20:53", "elapsed": 23635.219885, "delta": 412.487269}}
{"target": 0.59151, "params": {"dim_hidden_a2c": 7.568021455869545, "dim_hidden_lstm": 5.6153943760822544, "embedding_learning_rate": -3.5617892327806775, "embedding_size": 6.405013105030035, "entropy_error_coef": 9.525109624042294e-06, "lstm_learning_rate": -3.5523946987420505, "value_error_coef": 0.6061855170684707}, "datetime": {"datetime": "2022-10-20 18:28:11", "elapsed": 24073.106274, "delta": 437.886389}}
{"target": 0.36325, "params": {"dim_hidden_a2c": 5.315377991603642, "dim_hidden_lstm": 5.860277949671556, "embedding_learning_rate": -4.402149143888547, "embedding_size": 7.718474430660838, "entropy_error_coef": 0.31985902826932444, "lstm_learning_rate": -4.034091528051143, "value_error_coef": 0.733006802831339}, "datetime": {"datetime": "2022-10-20 18:35:13", "elapsed": 24495.309237, "delta": 422.202963}}
{"target": 0.65413, "params": {"dim_hidden_a2c": 6.358997212221782, "dim_hidden_lstm": 5.880943457381005, "embedding_learning_rate": -2.312881997212362, "embedding_size": 5.151592774501589, "entropy_error_coef": 0.4818440353812812, "lstm_learning_rate": -3.0882175972825143, "value_error_coef": 0.4278665375057811}, "datetime": {"datetime": "2022-10-20 18:41:53", "elapsed": 24895.50877, "delta": 400.199533}}
{"target": 0.65413, "params": {"dim_hidden_a2c": 6.358997212221782, "dim_hidden_lstm": 5.880943457381005, "embedding_learning_rate": -2.312881997212362, "embedding_size": 5.151592774501589, "entropy_error_coef": 0.4818440353812812, "lstm_learning_rate": -3.0882175972825143, "value_error_coef": 0.4278665375057811}, "datetime": {"datetime": "2022-10-20 19:58:28", "elapsed": 0.0, "delta": 0.0}}
{"target": 0.43469, "params": {"dim_hidden_a2c": 5.89585506518031, "dim_hidden_lstm": 8.86777052769856, "embedding_learning_rate": -3.3967698699357993, "embedding_size": 7.9936294132172465, "entropy_error_coef": 0.41604303437236156, "lstm_learning_rate": -4.076942068016386, "value_error_coef": 0.4158496715616039}, "datetime": {"datetime": "2022-10-20 20:04:57", "elapsed": 388.565585, "delta": 388.565585}}
{"target": 0.43469, "params": {"dim_hidden_a2c": 5.89585506518031, "dim_hidden_lstm": 8.86777052769856, "embedding_learning_rate": -3.3967698699357993, "embedding_size": 7.9936294132172465, "entropy_error_coef": 0.41604303437236156, "lstm_learning_rate": -4.076942068016386, "value_error_coef": 0.4158496715616039}, "datetime": {"datetime": "2022-10-20 23:43:08", "elapsed": 0.0, "delta": 0.0}}
{"target": 0.43469, "params": {"dim_hidden_a2c": 5.89585506518031, "dim_hidden_lstm": 8.86777052769856, "embedding_learning_rate": -3.3967698699357993, "embedding_size": 7.9936294132172465, "entropy_error_coef": 0.41604303437236156, "lstm_learning_rate": -4.076942068016386, "value_error_coef": 0.4158496715616039}, "datetime": {"datetime": "2022-10-20 23:43:47", "elapsed": 0.0, "delta": 0.0}}
{"target": 0.43469, "params": {"dim_hidden_a2c": 5.89585506518031, "dim_hidden_lstm": 8.86777052769856, "embedding_learning_rate": -3.3967698699357993, "embedding_size": 7.9936294132172465, "entropy_error_coef": 0.41604303437236156, "lstm_learning_rate": -4.076942068016386, "value_error_coef": 0.4158496715616039}, "datetime": {"datetime": "2022-10-20 23:44:27", "elapsed": 0.0, "delta": 0.0}}
{"target": 0.76341, "params": {"dim_hidden_a2c": 7.117141227891578, "dim_hidden_lstm": 7.074770077427443, "embedding_learning_rate": -2.446265955916657, "embedding_size": 6.576974628923045, "entropy_error_coef": 0.04669182724409876, "lstm_learning_rate": -3.1553496028911603, "value_error_coef": 0.029976004110058796}, "datetime": {"datetime": "2022-10-20 23:50:40", "elapsed": 372.666743, "delta": 372.666743}}
{"target": 0.39772, "params": {"dim_hidden_a2c": 8.112830759351734, "dim_hidden_lstm": 5.635594356985781, "embedding_learning_rate": -3.3545340789534976, "embedding_size": 8.12436919629512, "entropy_error_coef": 0.35224432257767707, "lstm_learning_rate": -4.456815724486033, "value_error_coef": 0.18463598742384302}, "datetime": {"datetime": "2022-10-20 23:54:17", "elapsed": 590.069277, "delta": 217.402534}}
{"target": 0.6742, "params": {"dim_hidden_a2c": 8.315857257912878, "dim_hidden_lstm": 6.940411455954239, "embedding_learning_rate": -3.3043436085843685, "embedding_size": 7.087872351168402, "entropy_error_coef": 0.4032104067181464, "lstm_learning_rate": -3.127148353858513, "value_error_coef": 0.5973127454525325}, "datetime": {"datetime": "2022-10-20 23:57:40", "elapsed": 792.87506, "delta": 202.805783}}
{"target": 0.26105, "params": {"dim_hidden_a2c": 8.81714834176788, "dim_hidden_lstm": 5.2695259402308245, "embedding_learning_rate": -3.6698905894090865, "embedding_size": 6.042346746960958, "entropy_error_coef": 0.2337952679901062, "lstm_learning_rate": -2.645770329337079, "value_error_coef": 0.4943195717939931}, "datetime": {"datetime": "2022-10-21 00:00:07", "elapsed": 939.859638, "delta": 146.984578}}
{"target": 0.75042, "params": {"dim_hidden_a2c": 7.4915147367716, "dim_hidden_lstm": 7.673914403119926, "embedding_learning_rate": -2.8430158136419412, "embedding_size": 8.566405459973973, "entropy_error_coef": 0.16333032062918953, "lstm_learning_rate": -2.368653424342302, "value_error_coef": 0.29994020719949066}, "datetime": {"datetime": "2022-10-21 00:03:59", "elapsed": 1171.895267, "delta": 232.035629}}
{"target": 0.6057, "params": {"dim_hidden_a2c": 8.192677341548457, "dim_hidden_lstm": 8.007471015086685, "embedding_learning_rate": -3.9130489242241704, "embedding_size": 6.399508463082436, "entropy_error_coef": 0.3772328159440462, "lstm_learning_rate": -2.360066531354171, "value_error_coef": 0.32367498148893553}, "datetime": {"datetime": "2022-10-21 00:07:49", "elapsed": 1401.798682, "delta": 229.903415}}
{"target": 0.60638, "params": {"dim_hidden_a2c": 8.736154180054108, "dim_hidden_lstm": 8.388528925506272, "embedding_learning_rate": -4.941495827024852, "embedding_size": 8.61264370921062, "entropy_error_coef": 0.03843300510340029, "lstm_learning_rate": -3.438015203653939, "value_error_coef": 0.36913234214937585}, "datetime": {"datetime": "2022-10-21 00:11:54", "elapsed": 1647.377072, "delta": 245.57839}}
{"target": 0.68292, "params": {"dim_hidden_a2c": 8.963824769931843, "dim_hidden_lstm": 7.394581953156429, "embedding_learning_rate": -2.1062795936589622, "embedding_size": 7.8295350541932045, "entropy_error_coef": 0.3509712470876566, "lstm_learning_rate": -3.4772504932230226, "value_error_coef": 0.6676618945776276}, "datetime": {"datetime": "2022-10-21 00:15:41", "elapsed": 1874.306061, "delta": 226.928989}}
{"target": 0.43034, "params": {"dim_hidden_a2c": 7.597827078663813, "dim_hidden_lstm": 8.352538224745576, "embedding_learning_rate": -3.068264929143834, "embedding_size": 6.468617120930737, "entropy_error_coef": 0.16661874154171408, "lstm_learning_rate": -4.575755865258625, "value_error_coef": 0.05129096991249604}, "datetime": {"datetime": "2022-10-21 00:19:28", "elapsed": 2101.339517, "delta": 227.033456}}
{"target": 0.36762, "params": {"dim_hidden_a2c": 6.861978677727483, "dim_hidden_lstm": 5.943546465860154, "embedding_learning_rate": -4.423159630148588, "embedding_size": 5.388388363858575, "entropy_error_coef": 0.46386525938190404, "lstm_learning_rate": -3.7122496163067247, "value_error_coef": 0.4473849496497463}, "datetime": {"datetime": "2022-10-21 00:21:53", "elapsed": 2246.282212, "delta": 144.942695}}
{"target": 0.42218, "params": {"dim_hidden_a2c": 8.304120575679041, "dim_hidden_lstm": 8.109889596976345, "embedding_learning_rate": -2.8479748769619935, "embedding_size": 8.005182039000793, "entropy_error_coef": 0.4293651623400784, "lstm_learning_rate": -4.979737965208635, "value_error_coef": 0.5303330893137516}, "datetime": {"datetime": "2022-10-21 00:33:59", "elapsed": 2971.709596, "delta": 725.427384}}
{"target": 0.71981, "params": {"dim_hidden_a2c": 8.349936851921727, "dim_hidden_lstm": 7.404286259475952, "embedding_learning_rate": -3.1202948556767507, "embedding_size": 7.235527658723168, "entropy_error_coef": 0.335128938328094, "lstm_learning_rate": -3.0461150661205334, "value_error_coef": 0.2967675238669941}, "datetime": {"datetime": "2022-10-21 00:37:34", "elapsed": 3186.893074, "delta": 215.183478}}
{"target": 0.49419, "params": {"dim_hidden_a2c": 5.551541580226001, "dim_hidden_lstm": 8.972419647581848, "embedding_learning_rate": -4.095726623911621, "embedding_size": 7.708670423976255, "entropy_error_coef": 0.06377801591789699, "lstm_learning_rate": -2.8344579290039893, "value_error_coef": 0.05972651999039596}, "datetime": {"datetime": "2022-10-21 00:41:32", "elapsed": 3425.426771, "delta": 238.533697}}
{"target": 0.44866, "params": {"dim_hidden_a2c": 7.450772297985088, "dim_hidden_lstm": 6.084234539838047, "embedding_learning_rate": -2.3975088836412306, "embedding_size": 7.178786396076475, "entropy_error_coef": 0.21947245381396752, "lstm_learning_rate": -2.335997555637112, "value_error_coef": 0.5064302753431039}, "datetime": {"datetime": "2022-10-21 00:44:03", "elapsed": 3575.612197, "delta": 150.185426}}
