{"target": 0.56087, "params": {"embedding_learning_rate": -4.165955990594852, "embedding_size": 7.60162246721079}, "datetime": {"datetime": "2022-11-05 01:32:51", "elapsed": 0.0, "delta": 0.0}}
{"target": 0.13124, "params": {"embedding_learning_rate": -4.99977125036531, "embedding_size": 5.511662863159199}, "datetime": {"datetime": "2022-11-05 02:10:21", "elapsed": 2249.679738, "delta": 2249.679738}}
{"target": 0.16339, "params": {"embedding_learning_rate": -4.706488218365774, "embedding_size": 4.461692973843989}, "datetime": {"datetime": "2022-11-05 02:47:45", "elapsed": 4494.376779, "delta": 2244.697041}}
{"target": 0.2258, "params": {"embedding_learning_rate": -4.627479577244658, "embedding_size": 5.727803635215238}, "datetime": {"datetime": "2022-11-05 03:25:15", "elapsed": 6744.404423, "delta": 2250.027644}}
{"target": 0.50048, "params": {"embedding_learning_rate": -4.20646505153866, "embedding_size": 6.694083670016784}, "datetime": {"datetime": "2022-11-05 04:02:44", "elapsed": 8993.152783, "delta": 2248.74836}}
{"target": 0.66677, "params": {"embedding_learning_rate": -3.0, "embedding_size": 7.331814648230713}, "datetime": {"datetime": "2022-11-05 04:40:19", "elapsed": 11247.802518, "delta": 2254.649735}}
{"target": 0.54348, "params": {"embedding_learning_rate": -3.0, "embedding_size": 9.0}, "datetime": {"datetime": "2022-11-05 05:17:56", "elapsed": 13504.679873, "delta": 2256.877355}}
{"target": 0.66582, "params": {"embedding_learning_rate": -3.0, "embedding_size": 6.208640367844488}, "datetime": {"datetime": "2022-11-05 05:55:23", "elapsed": 15751.805786, "delta": 2247.125913}}
{"target": 0.26643, "params": {"embedding_learning_rate": -5.0, "embedding_size": 9.0}, "datetime": {"datetime": "2022-11-05 06:33:02", "elapsed": 18011.028708, "delta": 2259.222922}}
{"target": 0.62589, "params": {"embedding_learning_rate": -3.0, "embedding_size": 4.0}, "datetime": {"datetime": "2022-11-05 07:10:28", "elapsed": 20256.654257, "delta": 2245.625549}}
{"target": 0.62972, "params": {"embedding_learning_rate": -3.0, "embedding_size": 5.061339519777462}, "datetime": {"datetime": "2022-11-05 07:47:55", "elapsed": 22503.641268, "delta": 2246.987011}}
{"target": 0.59473, "params": {"embedding_learning_rate": -3.0, "embedding_size": 6.788290831752434}, "datetime": {"datetime": "2022-11-05 08:25:23", "elapsed": 24752.009424, "delta": 2248.368156}}
{"target": 0.5808, "params": {"embedding_learning_rate": -3.0, "embedding_size": 8.07724351705052}, "datetime": {"datetime": "2022-11-05 09:03:45", "elapsed": 27054.201279, "delta": 2302.191855}}
{"target": 0.6014, "params": {"embedding_learning_rate": -3.0, "embedding_size": 5.676694891179883}, "datetime": {"datetime": "2022-11-05 09:42:23", "elapsed": 29371.81298, "delta": 2317.611701}}
{"target": 0.63328, "params": {"embedding_learning_rate": -3.50321067218758, "embedding_size": 7.436714135178075}, "datetime": {"datetime": "2022-11-05 10:22:11", "elapsed": 31760.353327, "delta": 2388.540347}}
{"target": 0.17664, "params": {"embedding_learning_rate": -5.0, "embedding_size": 7.3364934179714}, "datetime": {"datetime": "2022-11-05 11:27:43", "elapsed": 35691.646639, "delta": 3931.293312}}
{"target": 0.6734, "params": {"embedding_learning_rate": -3.7982403600773598, "embedding_size": 8.491034366556415}, "datetime": {"datetime": "2022-11-05 14:27:46", "elapsed": 46494.805951, "delta": 10803.159312}}
{"target": 0.6468, "params": {"embedding_learning_rate": -3.8082664572167286, "embedding_size": 9.0}, "datetime": {"datetime": "2022-11-05 15:27:30", "elapsed": 50079.48092, "delta": 3584.674969}}
{"target": 0.6186, "params": {"embedding_learning_rate": -3.520102401710149, "embedding_size": 6.180799699863444}, "datetime": {"datetime": "2022-11-05 16:05:18", "elapsed": 52347.321039, "delta": 2267.840119}}
{"target": 0.55787, "params": {"embedding_learning_rate": -3.366125703660993, "embedding_size": 4.504972334932864}, "datetime": {"datetime": "2022-11-05 16:43:05", "elapsed": 54614.153817, "delta": 2266.832778}}
{"target": 0.60207, "params": {"embedding_learning_rate": -3.673505884377421, "embedding_size": 8.011833411006819}, "datetime": {"datetime": "2022-11-05 17:21:20", "elapsed": 56908.842394, "delta": 2294.688577}}
{"target": 0.60902, "params": {"embedding_learning_rate": -3.0051672030715344, "embedding_size": 4.5233059211594036}, "datetime": {"datetime": "2022-11-05 18:00:00", "elapsed": 59228.786, "delta": 2319.943606}}
{"target": 0.62334, "params": {"embedding_learning_rate": -3.514105301040386, "embedding_size": 8.69408978922063}, "datetime": {"datetime": "2022-11-05 18:39:34", "elapsed": 61602.825603, "delta": 2374.039603}}
{"target": 0.58839, "params": {"embedding_learning_rate": -4.166154450844123, "embedding_size": 8.511449414863398}, "datetime": {"datetime": "2022-11-05 19:19:09", "elapsed": 63977.813421, "delta": 2374.987818}}
{"target": 0.60249, "params": {"embedding_learning_rate": -3.5971135117719886, "embedding_size": 6.85750266868314}, "datetime": {"datetime": "2022-11-05 19:56:46", "elapsed": 66235.197157, "delta": 2257.383736}}
{"target": 0.61667, "params": {"embedding_learning_rate": -3.0, "embedding_size": 7.610548628913721}, "datetime": {"datetime": "2022-11-05 20:34:42", "elapsed": 68510.914046, "delta": 2275.716889}}
{"target": 0.61667, "params": {"embedding_learning_rate": -3.0, "embedding_size": 7.610548628913721}, "datetime": {"datetime": "2022-11-07 14:22:17", "elapsed": 0.0, "delta": 0.0}}
{"target": 0.61667, "params": {"embedding_learning_rate": -3.0, "embedding_size": 7.610548628913721}, "datetime": {"datetime": "2022-11-07 14:22:17", "elapsed": 0.002, "delta": 0.002}}
{"target": 0.61667, "params": {"embedding_learning_rate": -3.0, "embedding_size": 7.610548628913721}, "datetime": {"datetime": "2022-11-07 14:22:17", "elapsed": 0.002999, "delta": 0.000999}}
{"target": 0.61667, "params": {"embedding_learning_rate": -3.0, "embedding_size": 7.610548628913721}, "datetime": {"datetime": "2022-11-07 14:22:17", "elapsed": 0.003999, "delta": 0.001}}
{"target": 0.61667, "params": {"embedding_learning_rate": -3.0, "embedding_size": 7.610548628913721}, "datetime": {"datetime": "2022-11-07 14:22:17", "elapsed": 0.003999, "delta": 0.0}}
