{"target": 0.7499, "params": {"dim_hidden_a2c": 8.41656434396642, "dim_hidden_lstm": 7.363354477091574, "embedding_learning_rate": -2.9418760757062183, "embedding_size": 7.020111532740737, "entropy_error_coef": 0.1984175829698953, "lstm_learning_rate": -2.950738676328069, "value_error_coef": 0.36012375624367654}, "datetime": {"datetime": "2022-10-20 05:10:06", "elapsed": 17944.757392, "delta": 190.265014}}
{"target": 0.7628, "params": {"dim_hidden_a2c": 8.57199829997508, "dim_hidden_lstm": 7.1633076020868165, "embedding_learning_rate": -3.4668909444959435, "embedding_size": 7.577734757725018, "entropy_error_coef": 0.031950361899759805, "lstm_learning_rate": -3.3610678353501293, "value_error_coef": 0.7244539113499117}, "datetime": {"datetime": "2022-10-20 05:13:16", "elapsed": 18134.328627, "delta": 189.571235}}
{"target": 0.71888, "params": {"dim_hidden_a2c": 8.33826672688712, "dim_hidden_lstm": 6.934526717033005, "embedding_learning_rate": -3.3458400920831695, "embedding_size": 7.537667711526669, "entropy_error_coef": 0.3198228149737933, "lstm_learning_rate": -3.2027952921120986, "value_error_coef": 0.08892580292835067}, "datetime": {"datetime": "2022-10-20 05:16:22", "elapsed": 18320.042101, "delta": 185.713474}}
{"target": 0.75318, "params": {"dim_hidden_a2c": 8.697280612958245, "dim_hidden_lstm": 7.143800829287235, "embedding_learning_rate": -3.413033376240139, "embedding_size": 7.639234143125945, "entropy_error_coef": 0.05005235005803549, "lstm_learning_rate": -3.2603149259922777, "value_error_coef": 0.6972195225171022}, "datetime": {"datetime": "2022-10-20 05:19:33", "elapsed": 18510.978897, "delta": 190.936796}}
{"target": 0.63949, "params": {"dim_hidden_a2c": 8.364601451826452, "dim_hidden_lstm": 7.174534958517298, "embedding_learning_rate": -3.369978201662681, "embedding_size": 7.444045242165865, "entropy_error_coef": 0.42483765989383404, "lstm_learning_rate": -2.711081586278905, "value_error_coef": 0.2735608730552229}, "datetime": {"datetime": "2022-10-20 05:22:40", "elapsed": 18698.830686, "delta": 187.851789}}
{"target": 0.22514, "params": {"dim_hidden_a2c": 8.310480306459247, "dim_hidden_lstm": 5.215960048844743, "embedding_learning_rate": -4.729031292215249, "embedding_size": 6.29474673086588, "entropy_error_coef": 0.19836246241768302, "lstm_learning_rate": -2.396773617771842, "value_error_coef": 0.20150723383103605}, "datetime": {"datetime": "2022-10-20 05:25:24", "elapsed": 18862.163284, "delta": 163.332598}}
{"target": 0.34397, "params": {"dim_hidden_a2c": 5.827425725556955, "dim_hidden_lstm": 5.378370340643995, "embedding_learning_rate": -2.761610246959614, "embedding_size": 8.986325499019218, "entropy_error_coef": 0.35891653954377595, "lstm_learning_rate": -2.119258401052771, "value_error_coef": 0.44587263343252054}, "datetime": {"datetime": "2022-10-20 05:28:20", "elapsed": 19038.613723, "delta": 176.450439}}
{"target": 0.68139, "params": {"dim_hidden_a2c": 8.947916151603081, "dim_hidden_lstm": 8.590090594456926, "embedding_learning_rate": -4.267130163348562, "embedding_size": 8.38140707094003, "entropy_error_coef": 0.3770309435710383, "lstm_learning_rate": -3.4382307840207136, "value_error_coef": 0.5608024412016644}, "datetime": {"datetime": "2022-10-20 05:35:21", "elapsed": 19459.445832, "delta": 420.832109}}
{"target": 0.65825, "params": {"dim_hidden_a2c": 8.19790958649871, "dim_hidden_lstm": 7.327499235608025, "embedding_learning_rate": -2.822908305395364, "embedding_size": 7.382960063448295, "entropy_error_coef": 0.45142539822560707, "lstm_learning_rate": -3.3561325491124334, "value_error_coef": 0.4952912144184213}, "datetime": {"datetime": "2022-10-20 05:38:35", "elapsed": 19652.889826, "delta": 193.443994}}
{"target": 0.76527, "params": {"dim_hidden_a2c": 8.228134804979018, "dim_hidden_lstm": 7.196306837449622, "embedding_learning_rate": -3.400699247137312, "embedding_size": 6.983989587460556, "entropy_error_coef": 0.1296431757940883, "lstm_learning_rate": -2.9623772370946018, "value_error_coef": 0.2327623379402747}, "datetime": {"datetime": "2022-10-20 05:41:41", "elapsed": 19839.832905, "delta": 186.943079}}
{"target": 0.70759, "params": {"dim_hidden_a2c": 7.781264382148767, "dim_hidden_lstm": 7.22854690463715, "embedding_learning_rate": -3.3794508974930286, "embedding_size": 7.466874931696182, "entropy_error_coef": 0.3230500745433342, "lstm_learning_rate": -3.023535991721653, "value_error_coef": 0.4673745048879101}, "datetime": {"datetime": "2022-10-20 05:44:51", "elapsed": 20029.047255, "delta": 189.21435}}
{"target": 0.37492, "params": {"dim_hidden_a2c": 7.88661330492708, "dim_hidden_lstm": 7.712145672958155, "embedding_learning_rate": -3.986081540075603, "embedding_size": 5.623222977676319, "entropy_error_coef": 0.02043941576989139, "lstm_learning_rate": -4.926093765376873, "value_error_coef": 0.3698309832646759}, "datetime": {"datetime": "2022-10-20 05:48:37", "elapsed": 20255.652622, "delta": 226.605367}}
{"target": 0.71987, "params": {"dim_hidden_a2c": 7.6729276520811105, "dim_hidden_lstm": 7.418178390654091, "embedding_learning_rate": -3.0418575803730423, "embedding_size": 7.173908672283074, "entropy_error_coef": 0.2689165200190466, "lstm_learning_rate": -3.0056602278807683, "value_error_coef": 0.22800130661629753}, "datetime": {"datetime": "2022-10-20 05:51:48", "elapsed": 20445.878645, "delta": 190.226023}}
{"target": 0.67849, "params": {"dim_hidden_a2c": 8.163662801061877, "dim_hidden_lstm": 7.259959037748692, "embedding_learning_rate": -2.757040270603795, "embedding_size": 7.513150431080652, "entropy_error_coef": 0.3944810379260023, "lstm_learning_rate": -3.5074798264016844, "value_error_coef": 0.3947660834408585}, "datetime": {"datetime": "2022-10-20 05:54:58", "elapsed": 20635.946722, "delta": 190.068077}}
{"target": 0.67849, "params": {"dim_hidden_a2c": 8.163662801061877, "dim_hidden_lstm": 7.259959037748692, "embedding_learning_rate": -2.757040270603795, "embedding_size": 7.513150431080652, "entropy_error_coef": 0.3944810379260023, "lstm_learning_rate": -3.5074798264016844, "value_error_coef": 0.3947660834408585}, "datetime": {"datetime": "2022-10-20 11:46:11", "elapsed": 0.0, "delta": 0.0}}
{"target": 0.67849, "params": {"dim_hidden_a2c": 8.163662801061877, "dim_hidden_lstm": 7.259959037748692, "embedding_learning_rate": -2.757040270603795, "embedding_size": 7.513150431080652, "entropy_error_coef": 0.3944810379260023, "lstm_learning_rate": -3.5074798264016844, "value_error_coef": 0.3947660834408585}, "datetime": {"datetime": "2022-10-20 11:46:11", "elapsed": 0.002002, "delta": 0.002002}}
{"target": 0.67849, "params": {"dim_hidden_a2c": 8.163662801061877, "dim_hidden_lstm": 7.259959037748692, "embedding_learning_rate": -2.757040270603795, "embedding_size": 7.513150431080652, "entropy_error_coef": 0.3944810379260023, "lstm_learning_rate": -3.5074798264016844, "value_error_coef": 0.3947660834408585}, "datetime": {"datetime": "2022-10-20 11:46:11", "elapsed": 0.003001, "delta": 0.000999}}
{"target": 0.67849, "params": {"dim_hidden_a2c": 8.163662801061877, "dim_hidden_lstm": 7.259959037748692, "embedding_learning_rate": -2.757040270603795, "embedding_size": 7.513150431080652, "entropy_error_coef": 0.3944810379260023, "lstm_learning_rate": -3.5074798264016844, "value_error_coef": 0.3947660834408585}, "datetime": {"datetime": "2022-10-20 11:46:11", "elapsed": 0.003001, "delta": 0.0}}
{"target": 0.67849, "params": {"dim_hidden_a2c": 8.163662801061877, "dim_hidden_lstm": 7.259959037748692, "embedding_learning_rate": -2.757040270603795, "embedding_size": 7.513150431080652, "entropy_error_coef": 0.3944810379260023, "lstm_learning_rate": -3.5074798264016844, "value_error_coef": 0.3947660834408585}, "datetime": {"datetime": "2022-10-20 11:46:11", "elapsed": 0.004001, "delta": 0.001}}
{"target": 0.67849, "params": {"dim_hidden_a2c": 8.163662801061877, "dim_hidden_lstm": 7.259959037748692, "embedding_learning_rate": -2.757040270603795, "embedding_size": 7.513150431080652, "entropy_error_coef": 0.3944810379260023, "lstm_learning_rate": -3.5074798264016844, "value_error_coef": 0.3947660834408585}, "datetime": {"datetime": "2022-10-20 11:46:58", "elapsed": 0.0, "delta": 0.0}}
{"target": 0.67849, "params": {"dim_hidden_a2c": 8.163662801061877, "dim_hidden_lstm": 7.259959037748692, "embedding_learning_rate": -2.757040270603795, "embedding_size": 7.513150431080652, "entropy_error_coef": 0.3944810379260023, "lstm_learning_rate": -3.5074798264016844, "value_error_coef": 0.3947660834408585}, "datetime": {"datetime": "2022-10-20 11:46:58", "elapsed": 0.002, "delta": 0.002}}
{"target": 0.67849, "params": {"dim_hidden_a2c": 8.163662801061877, "dim_hidden_lstm": 7.259959037748692, "embedding_learning_rate": -2.757040270603795, "embedding_size": 7.513150431080652, "entropy_error_coef": 0.3944810379260023, "lstm_learning_rate": -3.5074798264016844, "value_error_coef": 0.3947660834408585}, "datetime": {"datetime": "2022-10-20 11:46:58", "elapsed": 0.002, "delta": 0.0}}
{"target": 0.67849, "params": {"dim_hidden_a2c": 8.163662801061877, "dim_hidden_lstm": 7.259959037748692, "embedding_learning_rate": -2.757040270603795, "embedding_size": 7.513150431080652, "entropy_error_coef": 0.3944810379260023, "lstm_learning_rate": -3.5074798264016844, "value_error_coef": 0.3947660834408585}, "datetime": {"datetime": "2022-10-20 11:46:58", "elapsed": 0.002999, "delta": 0.000999}}
{"target": 0.67849, "params": {"dim_hidden_a2c": 8.163662801061877, "dim_hidden_lstm": 7.259959037748692, "embedding_learning_rate": -2.757040270603795, "embedding_size": 7.513150431080652, "entropy_error_coef": 0.3944810379260023, "lstm_learning_rate": -3.5074798264016844, "value_error_coef": 0.3947660834408585}, "datetime": {"datetime": "2022-10-20 11:46:58", "elapsed": 0.003998, "delta": 0.000999}}
{"target": 0.7545, "params": {"dim_hidden_a2c": 6.409967702443249, "dim_hidden_lstm": 7.080540093370676, "embedding_learning_rate": -3.363723586809673, "embedding_size": 8.863910868825558, "entropy_error_coef": 0.1929772226362188, "lstm_learning_rate": -2.7210272925039183, "value_error_coef": 0.09785058976398853}, "datetime": {"datetime": "2022-10-20 11:53:04", "elapsed": 366.19961, "delta": 366.195612}}
{"target": 0.36789, "params": {"dim_hidden_a2c": 8.061013547754234, "dim_hidden_lstm": 5.439088311559199, "embedding_learning_rate": -3.433648836058773, "embedding_size": 8.073225914316914, "entropy_error_coef": 0.3436143038045622, "lstm_learning_rate": -4.600311840468072, "value_error_coef": 0.15161456904389073}, "datetime": {"datetime": "2022-10-20 11:59:05", "elapsed": 726.901745, "delta": 360.702135}}
{"target": 0.20998, "params": {"dim_hidden_a2c": 7.371745144863901, "dim_hidden_lstm": 5.0, "embedding_learning_rate": -5.0, "embedding_size": 5.0, "entropy_error_coef": 0.0, "lstm_learning_rate": -5.0, "value_error_coef": 0.0}, "datetime": {"datetime": "2022-10-20 12:05:14", "elapsed": 1096.329062, "delta": 369.427317}}
{"target": 0.45793, "params": {"dim_hidden_a2c": 6.292292421887407, "dim_hidden_lstm": 7.851136731025492, "embedding_learning_rate": -3.5602328673196246, "embedding_size": 5.107148754648115, "entropy_error_coef": 0.34126143762238986, "lstm_learning_rate": -2.6610367260137835, "value_error_coef": 0.7305076708234783}, "datetime": {"datetime": "2022-10-20 12:11:42", "elapsed": 1483.825697, "delta": 387.496635}}
{"target": 0.45765, "params": {"dim_hidden_a2c": 9.0, "dim_hidden_lstm": 9.0, "embedding_learning_rate": -2.0, "embedding_size": 9.0, "entropy_error_coef": 0.5, "lstm_learning_rate": -2.0, "value_error_coef": 0.75}, "datetime": {"datetime": "2022-10-20 12:18:02", "elapsed": 1864.510546, "delta": 380.684849}}
{"target": 0.48842, "params": {"dim_hidden_a2c": 8.432654548135318, "dim_hidden_lstm": 8.302500927554187, "embedding_learning_rate": -3.3443938368272006, "embedding_size": 7.172506332334866, "entropy_error_coef": 0.41372544448836335, "lstm_learning_rate": -2.253036511231206, "value_error_coef": 0.45040038176025443}, "datetime": {"datetime": "2022-10-20 12:24:25", "elapsed": 2247.646568, "delta": 383.136022}}
{"target": 0.70633, "params": {"dim_hidden_a2c": 8.70039538708848, "dim_hidden_lstm": 8.352770132540645, "embedding_learning_rate": -4.977245696973326, "embedding_size": 8.576884916244992, "entropy_error_coef": 0.00268313537198267, "lstm_learning_rate": -3.4737695366989993, "value_error_coef": 0.3333735462062307}, "datetime": {"datetime": "2022-10-20 12:30:53", "elapsed": 2635.109824, "delta": 387.463256}}
{"target": 0.40794, "params": {"dim_hidden_a2c": 8.927718724364347, "dim_hidden_lstm": 5.792234240508675, "embedding_learning_rate": -2.2123559294366704, "embedding_size": 6.661308602313383, "entropy_error_coef": 0.20222750908287973, "lstm_learning_rate": -4.951675770475633, "value_error_coef": 0.5854812593551163}, "datetime": {"datetime": "2022-10-20 12:37:15", "elapsed": 3017.469689, "delta": 382.359865}}
{"target": 0.43005, "params": {"dim_hidden_a2c": 7.515493508919138, "dim_hidden_lstm": 8.314520203987392, "embedding_learning_rate": -3.1309919036211613, "embedding_size": 6.319977972611059, "entropy_error_coef": 0.14704307531883049, "lstm_learning_rate": -4.727000531269886, "value_error_coef": 0.010263784331759146}, "datetime": {"datetime": "2022-10-20 12:43:31", "elapsed": 3392.896513, "delta": 375.426824}}
{"target": 0.35443, "params": {"dim_hidden_a2c": 6.862719566902152, "dim_hidden_lstm": 5.944605619626646, "embedding_learning_rate": -4.4223199319099535, "embedding_size": 5.389639896729858, "entropy_error_coef": 0.4638777811644862, "lstm_learning_rate": -3.711656269929942, "value_error_coef": 0.4474898149345594}, "datetime": {"datetime": "2022-10-20 12:49:53", "elapsed": 3775.253967, "delta": 382.357454}}
{"target": 0.71995, "params": {"dim_hidden_a2c": 8.113488959396824, "dim_hidden_lstm": 7.431259516152261, "embedding_learning_rate": -3.09635202148921, "embedding_size": 7.493584596006951, "entropy_error_coef": 0.22192221848219185, "lstm_learning_rate": -3.493884596740986, "value_error_coef": 0.6675404005621783}, "datetime": {"datetime": "2022-10-20 12:56:13", "elapsed": 4155.378389, "delta": 380.124422}}
{"target": 0.71736, "params": {"dim_hidden_a2c": 8.35434395178713, "dim_hidden_lstm": 7.408693359939374, "embedding_learning_rate": -3.115887795558441, "embedding_size": 7.23993475918659, "entropy_error_coef": 0.34205352276175505, "lstm_learning_rate": -3.0417079657106663, "value_error_coef": 0.3020534708469151}, "datetime": {"datetime": "2022-10-20 13:02:38", "elapsed": 4540.519078, "delta": 385.140689}}
{"target": 0.62338, "params": {"dim_hidden_a2c": 5.555085631585595, "dim_hidden_lstm": 8.972447992475011, "embedding_learning_rate": -4.093572802729314, "embedding_size": 7.709997549834392, "entropy_error_coef": 0.0642263301869356, "lstm_learning_rate": -2.8336003394965004, "value_error_coef": 0.0604359281860384}, "datetime": {"datetime": "2022-10-20 13:09:12", "elapsed": 4934.062821, "delta": 393.543743}}
{"target": 0.68272, "params": {"dim_hidden_a2c": 7.3998260282500965, "dim_hidden_lstm": 6.033288270103055, "embedding_learning_rate": -2.448464035160473, "embedding_size": 7.127840126341484, "entropy_error_coef": 0.16852174346968374, "lstm_learning_rate": -2.3869438253721036, "value_error_coef": 0.455484005890921}, "datetime": {"datetime": "2022-10-20 13:15:32", "elapsed": 5314.263465, "delta": 380.200644}}
{"target": 0.42951, "params": {"dim_hidden_a2c": 8.80146638733489, "dim_hidden_lstm": 7.450460929723771, "embedding_learning_rate": -3.046580922983085, "embedding_size": 8.61023366734214, "entropy_error_coef": 0.4665851003081889, "lstm_learning_rate": -4.9020634887808185, "value_error_coef": 0.14849960613943738}, "datetime": {"datetime": "2022-10-20 13:22:01", "elapsed": 5702.850175, "delta": 388.58671}}
{"target": 0.41222, "params": {"dim_hidden_a2c": 5.94869061571408, "dim_hidden_lstm": 6.904378780372518, "embedding_learning_rate": -4.153304824555093, "embedding_size": 8.791277708354784, "entropy_error_coef": 0.45078463626193216, "lstm_learning_rate": -2.4008348168813267, "value_error_coef": 0.6106614265745451}, "datetime": {"datetime": "2022-10-20 13:28:32", "elapsed": 6094.410481, "delta": 391.560306}}
{"target": 0.4608, "params": {"dim_hidden_a2c": 6.815750319929716, "dim_hidden_lstm": 8.484386141790553, "embedding_learning_rate": -3.6586275957906267, "embedding_size": 5.340661527147374, "entropy_error_coef": 0.034256596370658365, "lstm_learning_rate": -2.814797891277964, "value_error_coef": 0.5316038825121436}, "datetime": {"datetime": "2022-10-20 13:34:50", "elapsed": 6471.785622, "delta": 377.375141}}
{"target": 0.38008, "params": {"dim_hidden_a2c": 6.0489738247436176, "dim_hidden_lstm": 6.6771570060980086, "embedding_learning_rate": -4.011547020042269, "embedding_size": 5.5980919339836035, "entropy_error_coef": 0.4717191357750301, "lstm_learning_rate": -4.7479010247611315, "value_error_coef": 0.3972203736860871}, "datetime": {"datetime": "2022-10-20 13:41:04", "elapsed": 6846.338812, "delta": 374.55319}}
{"target": 0.42858, "params": {"dim_hidden_a2c": 7.265818199869525, "dim_hidden_lstm": 7.323139060523313, "embedding_learning_rate": -3.4801807922937087, "embedding_size": 7.501514632966899, "entropy_error_coef": 0.006676729148986316, "lstm_learning_rate": -4.218422585206786, "value_error_coef": 0.4654679623574748}, "datetime": {"datetime": "2022-10-20 13:47:45", "elapsed": 7247.122341, "delta": 400.783529}}
{"target": 0.69422, "params": {"dim_hidden_a2c": 8.857295491892128, "dim_hidden_lstm": 5.372403794594509, "embedding_learning_rate": -2.992168033921895, "embedding_size": 8.28925608302787, "entropy_error_coef": 0.3345538033644234, "lstm_learning_rate": -3.378153898614715, "value_error_coef": 0.650920914998281}, "datetime": {"datetime": "2022-10-20 13:54:21", "elapsed": 7642.839307, "delta": 395.716966}}
{"target": 0.33564, "params": {"dim_hidden_a2c": 6.3474654098413, "dim_hidden_lstm": 6.209489641477372, "embedding_learning_rate": -4.450207288866307, "embedding_size": 7.45166846275303, "entropy_error_coef": 0.20083617517347585, "lstm_learning_rate": -4.161189076066414, "value_error_coef": 0.03231850546009091}, "datetime": {"datetime": "2022-10-20 14:00:40", "elapsed": 8021.761467, "delta": 378.92216}}
{"target": 0.41436, "params": {"dim_hidden_a2c": 5.112948365618253, "dim_hidden_lstm": 6.820598934917003, "embedding_learning_rate": -2.9334473158448087, "embedding_size": 5.76563126195442, "entropy_error_coef": 0.33595897710141376, "lstm_learning_rate": -3.975084041394774, "value_error_coef": 0.6156993571639698}, "datetime": {"datetime": "2022-10-20 14:07:03", "elapsed": 8405.452966, "delta": 383.691499}}
{"target": 0.70624, "params": {"dim_hidden_a2c": 8.850264483116286, "dim_hidden_lstm": 8.54227760878965, "embedding_learning_rate": -4.179533075982262, "embedding_size": 8.367292633658597, "entropy_error_coef": 0.31633773597246917, "lstm_learning_rate": -3.3956908608625977, "value_error_coef": 0.5348018689094165}, "datetime": {"datetime": "2022-10-20 14:13:37", "elapsed": 8799.355974, "delta": 393.903008}}
{"target": 0.41906, "params": {"dim_hidden_a2c": 7.639000773909508, "dim_hidden_lstm": 8.01734386855934, "embedding_learning_rate": -3.6082062815921883, "embedding_size": 5.998118137027774, "entropy_error_coef": 0.3781509932386176, "lstm_learning_rate": -4.1626280251907035, "value_error_coef": 0.38214687681344767}, "datetime": {"datetime": "2022-10-20 14:20:02", "elapsed": 9183.819277, "delta": 384.463303}}
{"target": 0.43614, "params": {"dim_hidden_a2c": 5.993107071687598, "dim_hidden_lstm": 7.4545460797984555, "embedding_learning_rate": -3.8098890079657983, "embedding_size": 8.540825956124248, "entropy_error_coef": 0.31255793259140935, "lstm_learning_rate": -4.364535107680454, "value_error_coef": 0.40153034530061393}, "datetime": {"datetime": "2022-10-20 14:26:27", "elapsed": 9568.916311, "delta": 385.097034}}
{"target": 0.63665, "params": {"dim_hidden_a2c": 5.548371534773321, "dim_hidden_lstm": 5.304840891348769, "embedding_learning_rate": -4.198807991368406, "embedding_size": 8.756768198843167, "entropy_error_coef": 0.2766461055670679, "lstm_learning_rate": -3.475437609137711, "value_error_coef": 0.5154845832408593}, "datetime": {"datetime": "2022-10-20 14:32:49", "elapsed": 9951.147592, "delta": 382.231281}}
{"target": 0.52899, "params": {"dim_hidden_a2c": 5.947200930391036, "dim_hidden_lstm": 6.8115730460836925, "embedding_learning_rate": -3.4681738036680603, "embedding_size": 5.49507432497492, "entropy_error_coef": 0.2881374145028582, "lstm_learning_rate": -3.599428307415094, "value_error_coef": 0.585735967480724}, "datetime": {"datetime": "2022-10-20 14:39:21", "elapsed": 10343.445408, "delta": 392.297816}}
{"target": 0.29465, "params": {"dim_hidden_a2c": 6.3552015849109065, "dim_hidden_lstm": 5.592919040368983, "embedding_learning_rate": -4.3587923360579985, "embedding_size": 5.047135822334347, "entropy_error_coef": 0.06796977074855692, "lstm_learning_rate": -2.5637512857892615, "value_error_coef": 0.36203152647232306}, "datetime": {"datetime": "2022-10-20 14:45:43", "elapsed": 10724.804623, "delta": 381.359215}}
{"target": 0.39667, "params": {"dim_hidden_a2c": 8.044079669882365, "dim_hidden_lstm": 7.649749220298522, "embedding_learning_rate": -4.472048296906417, "embedding_size": 8.284876220915988, "entropy_error_coef": 0.3198530161153074, "lstm_learning_rate": -4.553777775442401, "value_error_coef": 0.7102922238071369}, "datetime": {"datetime": "2022-10-20 14:52:12", "elapsed": 11114.215141, "delta": 389.410518}}
{"target": 0.74025, "params": {"dim_hidden_a2c": 7.5259618093100755, "dim_hidden_lstm": 8.31696033802357, "embedding_learning_rate": -2.725183711011507, "embedding_size": 8.390387759394534, "entropy_error_coef": 0.18661438475260067, "lstm_learning_rate": -3.421953099783668, "value_error_coef": 0.12635179565054241}, "datetime": {"datetime": "2022-10-20 14:58:42", "elapsed": 11504.296454, "delta": 390.081313}}
