{"target": 0.5819062656164169, "params": {"dim_hidden_a2c": 8.435778471995917, "dim_hidden_lstm": 7.5129549611182656, "embedding_learning_rate": -3.1679104615734377, "embedding_size": 7.455773012791099, "entropy_error_coef": 0.358098030287383, "lstm_learning_rate": -3.3016437422947105, "value_error_coef": 0.5141716662177838}, "datetime": {"datetime": "2022-10-16 16:44:48", "elapsed": 21759.29906, "delta": 1344.360477}}
{"target": 0.5867031317949295, "params": {"dim_hidden_a2c": 8.304454594673999, "dim_hidden_lstm": 6.987578652586029, "embedding_learning_rate": -3.3964942639082274, "embedding_size": 6.949719843940417, "entropy_error_coef": 0.3527029161031361, "lstm_learning_rate": -2.9390870478561677, "value_error_coef": 0.46025906036727027}, "datetime": {"datetime": "2022-10-16 17:05:54", "elapsed": 23025.30563, "delta": 1266.00657}}
{"target": 0.7839687991142273, "params": {"dim_hidden_a2c": 8.247884196436338, "dim_hidden_lstm": 7.034451000942783, "embedding_learning_rate": -3.7602258360377836, "embedding_size": 7.190529091255496, "entropy_error_coef": 0.13261137166572412, "lstm_learning_rate": -3.0765340797480643, "value_error_coef": 0.23160967040314565}, "datetime": {"datetime": "2022-10-16 17:27:15", "elapsed": 24306.524328, "delta": 1281.218698}}
{"target": 0.7839687991142273, "params": {"dim_hidden_a2c": 8.247884196436338, "dim_hidden_lstm": 7.034451000942783, "embedding_learning_rate": -3.7602258360377836, "embedding_size": 7.190529091255496, "entropy_error_coef": 0.13261137166572412, "lstm_learning_rate": -3.0765340797480643, "value_error_coef": 0.23160967040314565}, "datetime": {"datetime": "2022-10-16 23:58:37", "elapsed": 0.0, "delta": 0.0}}
{"target": 0.7716562896966934, "params": {"dim_hidden_a2c": 8.321598280149358, "dim_hidden_lstm": 7.596616788449912, "embedding_learning_rate": -2.978904728304105, "embedding_size": 7.313998319156802, "entropy_error_coef": 0.13705988758342608, "lstm_learning_rate": -3.3184100283918236, "value_error_coef": 0.5037973386130652}, "datetime": {"datetime": "2022-10-17 00:21:41", "elapsed": 1384.345503, "delta": 1384.345503}}
{"target": 0.3002343648672104, "params": {"dim_hidden_a2c": 8.061148639580669, "dim_hidden_lstm": 5.4396006193380995, "embedding_learning_rate": -3.433442577236543, "embedding_size": 8.073359249152182, "entropy_error_coef": 0.3436368029889508, "lstm_learning_rate": -4.599937734031295, "value_error_coef": 0.15170065865741708}, "datetime": {"datetime": "2022-10-17 00:43:59", "elapsed": 2721.965916, "delta": 1337.620413}}
{"target": 0.5469375187158585, "params": {"dim_hidden_a2c": 8.315857257912878, "dim_hidden_lstm": 6.940411455954239, "embedding_learning_rate": -3.3043436085843685, "embedding_size": 7.087872351168402, "entropy_error_coef": 0.4032104067181464, "lstm_learning_rate": -3.127148353858513, "value_error_coef": 0.5973127454525325}, "datetime": {"datetime": "2022-10-17 01:06:24", "elapsed": 4067.027168, "delta": 1345.061252}}
{"target": 0.6323750078678131, "params": {"dim_hidden_a2c": 8.361876230791454, "dim_hidden_lstm": 7.694359956681443, "embedding_learning_rate": -3.033852427333367, "embedding_size": 7.453768711631074, "entropy_error_coef": 0.32480345544998657, "lstm_learning_rate": -3.1775170295350614, "value_error_coef": 0.2874610962699219}, "datetime": {"datetime": "2022-10-17 01:29:00", "elapsed": 5423.636724, "delta": 1356.609556}}
{"target": 0.7132187634706497, "params": {"dim_hidden_a2c": 8.700745496480279, "dim_hidden_lstm": 7.478677823667507, "embedding_learning_rate": -2.8630851662302175, "embedding_size": 7.056134764551847, "entropy_error_coef": 0.21528083003511128, "lstm_learning_rate": -3.302390140358452, "value_error_coef": 0.2939972646612363}, "datetime": {"datetime": "2022-10-17 01:51:02", "elapsed": 6745.473414, "delta": 1321.83669}}
{"target": 0.5261093905568123, "params": {"dim_hidden_a2c": 8.683617187928963, "dim_hidden_lstm": 6.735316204199525, "embedding_learning_rate": -3.435936594011028, "embedding_size": 7.237225860955334, "entropy_error_coef": 0.4028418283101833, "lstm_learning_rate": -2.6862497827504885, "value_error_coef": 0.5159147813000636}, "datetime": {"datetime": "2022-10-17 02:12:09", "elapsed": 8012.358702, "delta": 1266.885288}}
{"target": 0.5786406564712524, "params": {"dim_hidden_a2c": 8.409365721394067, "dim_hidden_lstm": 7.688566456910301, "embedding_learning_rate": -3.352818726492715, "embedding_size": 7.221531036078899, "entropy_error_coef": 0.37395723084206034, "lstm_learning_rate": -3.1786301095026017, "value_error_coef": 0.16521378401765566}, "datetime": {"datetime": "2022-10-17 02:34:43", "elapsed": 9366.58802, "delta": 1354.229318}}
{"target": 0.5428750136494637, "params": {"dim_hidden_a2c": 8.630111399450797, "dim_hidden_lstm": 7.6211449302654675, "embedding_learning_rate": -2.7496919933662034, "embedding_size": 7.112217202508093, "entropy_error_coef": 0.4236627989708159, "lstm_learning_rate": -3.32330694729737, "value_error_coef": 0.3115876616536666}, "datetime": {"datetime": "2022-10-17 02:56:57", "elapsed": 10700.18595, "delta": 1333.59793}}
{"target": 0.6382812565565109, "params": {"dim_hidden_a2c": 8.496794821167368, "dim_hidden_lstm": 7.124979673147828, "embedding_learning_rate": -3.202207115591438, "embedding_size": 6.962257713555513, "entropy_error_coef": 0.3013316590057769, "lstm_learning_rate": -3.2151114063472783, "value_error_coef": 0.28653886197251044}, "datetime": {"datetime": "2022-10-17 03:18:11", "elapsed": 11974.642807, "delta": 1274.456857}}
{"target": 0.4737656319141388, "params": {"dim_hidden_a2c": 6.861578769587488, "dim_hidden_lstm": 5.94297476873296, "embedding_learning_rate": -4.423612872242345, "embedding_size": 5.387712826679993, "entropy_error_coef": 0.4638585005265272, "lstm_learning_rate": -3.712569885591288, "value_error_coef": 0.4473283467428157}, "datetime": {"datetime": "2022-10-17 03:36:55", "elapsed": 13097.997061, "delta": 1123.354254}}
{"target": 0.6451250070333481, "params": {"dim_hidden_a2c": 8.375275729631714, "dim_hidden_lstm": 6.798409890992605, "embedding_learning_rate": -3.723250409649386, "embedding_size": 7.1605680914989005, "entropy_error_coef": 0.27982011859650024, "lstm_learning_rate": -3.116922164648025, "value_error_coef": 0.26105662931339535}, "datetime": {"datetime": "2022-10-17 03:57:50", "elapsed": 14352.858201, "delta": 1254.86114}}
{"target": 0.7737656712532044, "params": {"dim_hidden_a2c": 8.545815498432573, "dim_hidden_lstm": 7.252104471853995, "embedding_learning_rate": -3.797527157896094, "embedding_size": 7.194217623267838, "entropy_error_coef": 0.13940411522975954, "lstm_learning_rate": -2.9943690748009892, "value_error_coef": 0.2512616025488892}, "datetime": {"datetime": "2022-10-17 04:19:24", "elapsed": 15647.150712, "delta": 1294.292511}}
{"target": 0.3012499985098839, "params": {"dim_hidden_a2c": 5.55508681611284, "dim_hidden_lstm": 8.972448001948717, "embedding_learning_rate": -4.0935720828582935, "embedding_size": 7.709997993399277, "entropy_error_coef": 0.064226480026882, "lstm_learning_rate": -2.833600052864611, "value_error_coef": 0.06043616529133114}, "datetime": {"datetime": "2022-10-17 05:13:29", "elapsed": 18892.037558, "delta": 3244.886846}}
{"target": 0.6780468744039535, "params": {"dim_hidden_a2c": 8.689070013129227, "dim_hidden_lstm": 7.082173848187393, "embedding_learning_rate": -3.3243869114307385, "embedding_size": 6.893228573879336, "entropy_error_coef": 0.2510111260797328, "lstm_learning_rate": -2.845457586343688, "value_error_coef": 0.30429231862331363}, "datetime": {"datetime": "2022-10-17 05:34:47", "elapsed": 20170.811039, "delta": 1278.773481}}
{"target": 0.6454374998807907, "params": {"dim_hidden_a2c": 8.016775158885881, "dim_hidden_lstm": 7.212467171341837, "embedding_learning_rate": -3.2150602950109763, "embedding_size": 7.107277533646225, "entropy_error_coef": 0.2698956900770558, "lstm_learning_rate": -2.684987888980362, "value_error_coef": 0.223694762063776}, "datetime": {"datetime": "2022-10-17 05:55:59", "elapsed": 21442.689728, "delta": 1271.878689}}
{"target": 0.7474531543254852, "params": {"dim_hidden_a2c": 8.211911658744343, "dim_hidden_lstm": 7.351275884777213, "embedding_learning_rate": -3.2213411934074, "embedding_size": 7.072713314381446, "entropy_error_coef": 0.03936711096568496, "lstm_learning_rate": -2.7073694212104504, "value_error_coef": 0.3561082593869995}, "datetime": {"datetime": "2022-10-17 06:17:32", "elapsed": 22735.003873, "delta": 1292.314145}}
{"target": 0.7474531543254852, "params": {"dim_hidden_a2c": 8.211911658744343, "dim_hidden_lstm": 7.351275884777213, "embedding_learning_rate": -3.2213411934074, "embedding_size": 7.072713314381446, "entropy_error_coef": 0.03936711096568496, "lstm_learning_rate": -2.7073694212104504, "value_error_coef": 0.3561082593869995}, "datetime": {"datetime": "2022-10-18 09:48:58", "elapsed": 0.0, "delta": 0.0}}
{"target": 0.7247812604904175, "params": {"dim_hidden_a2c": 8.496738344672336, "dim_hidden_lstm": 7.629908368130898, "embedding_learning_rate": -3.2412950380954397, "embedding_size": 7.674795525293415, "entropy_error_coef": 0.23216514083356038, "lstm_learning_rate": -3.0932780920320053, "value_error_coef": 0.5837902357659412}, "datetime": {"datetime": "2022-10-18 10:14:54", "elapsed": 1555.466571, "delta": 1555.466571}}
{"target": 0.2970937392115593, "params": {"dim_hidden_a2c": 8.112893498303503, "dim_hidden_lstm": 5.635832281469291, "embedding_learning_rate": -3.354438288833242, "embedding_size": 8.124431119270179, "entropy_error_coef": 0.35225477158322716, "lstm_learning_rate": -4.456641983066492, "value_error_coef": 0.18467596891090507}, "datetime": {"datetime": "2022-10-18 10:37:26", "elapsed": 2907.741335, "delta": 1352.274764}}
{"target": 0.49151563733816145, "params": {"dim_hidden_a2c": 8.70523523299868, "dim_hidden_lstm": 7.952436068806129, "embedding_learning_rate": -2.618650594366752, "embedding_size": 8.10553433223447, "entropy_error_coef": 0.41399496513970796, "lstm_learning_rate": -2.4002798400928524, "value_error_coef": 0.6111956739466525}, "datetime": {"datetime": "2022-10-18 11:06:33", "elapsed": 4655.191017, "delta": 1747.449682}}
{"target": 0.5578281474113465, "params": {"dim_hidden_a2c": 8.124856093223578, "dim_hidden_lstm": 7.795456010231187, "embedding_learning_rate": -2.950161865939345, "embedding_size": 7.412525223037111, "entropy_error_coef": 0.39738447643396013, "lstm_learning_rate": -3.287236623123369, "value_error_coef": 0.30087168249091906}, "datetime": {"datetime": "2022-10-18 11:34:44", "elapsed": 6346.069229, "delta": 1690.878212}}
{"target": 0.7585625326633454, "params": {"dim_hidden_a2c": 8.928693811659565, "dim_hidden_lstm": 5.515378188418774, "embedding_learning_rate": -4.86574765219906, "embedding_size": 8.13975023464882, "entropy_error_coef": 0.10003693561898974, "lstm_learning_rate": -2.8202587361609885, "value_error_coef": 0.33565320806216814}, "datetime": {"datetime": "2022-10-18 11:58:54", "elapsed": 7796.263757, "delta": 1450.194528}}
{"target": 0.5484375244379044, "params": {"dim_hidden_a2c": 8.423878758771453, "dim_hidden_lstm": 7.491471595190317, "embedding_learning_rate": -3.409421603478324, "embedding_size": 7.121819470288458, "entropy_error_coef": 0.41695641130536804, "lstm_learning_rate": -3.110284077141585, "value_error_coef": 0.32363230923707775}, "datetime": {"datetime": "2022-10-18 12:26:53", "elapsed": 9474.882065, "delta": 1678.618308}}
{"target": 0.7591406601667404, "params": {"dim_hidden_a2c": 8.077955054389266, "dim_hidden_lstm": 7.410823607201127, "embedding_learning_rate": -3.2507287816681822, "embedding_size": 6.917624778902198, "entropy_error_coef": 0.05757927202442659, "lstm_learning_rate": -2.658041002845674, "value_error_coef": 0.23870115039514933}, "datetime": {"datetime": "2022-10-18 12:52:58", "elapsed": 11039.402614, "delta": 1564.520549}}
{"target": 0.7547500306367874, "params": {"dim_hidden_a2c": 7.876778824882354, "dim_hidden_lstm": 7.522408371746128, "embedding_learning_rate": -3.224621950967852, "embedding_size": 7.008359064478604, "entropy_error_coef": 0.13566822678458462, "lstm_learning_rate": -2.624662333214416, "value_error_coef": 0.10996591845534126}, "datetime": {"datetime": "2022-10-18 13:25:15", "elapsed": 12976.640968, "delta": 1937.238354}}
{"target": 0.7683281630277634, "params": {"dim_hidden_a2c": 8.726715639480833, "dim_hidden_lstm": 5.36250610315291, "embedding_learning_rate": -4.787585136467091, "embedding_size": 8.208837439850765, "entropy_error_coef": 0.052773977434449004, "lstm_learning_rate": -2.786913745568077, "value_error_coef": 0.36475134968338635}, "datetime": {"datetime": "2022-10-18 13:48:39", "elapsed": 14381.209248, "delta": 1404.56828}}
{"target": 0.502796887755394, "params": {"dim_hidden_a2c": 6.900800428626664, "dim_hidden_lstm": 5.99904491973487, "embedding_learning_rate": -4.379160396571912, "embedding_size": 5.453967264228867, "entropy_error_coef": 0.4645213865610246, "lstm_learning_rate": -3.68115894036771, "value_error_coef": 0.45287977141819985}, "datetime": {"datetime": "2022-10-18 14:05:34", "elapsed": 15395.422145, "delta": 1014.212897}}
{"target": 0.628812518119812, "params": {"dim_hidden_a2c": 8.603217064310753, "dim_hidden_lstm": 6.8986840690020035, "embedding_learning_rate": -3.1872187204892586, "embedding_size": 6.932536665933521, "entropy_error_coef": 0.31971017475118274, "lstm_learning_rate": -2.8858532009586604, "value_error_coef": 0.17525739630126605}, "datetime": {"datetime": "2022-10-18 14:33:34", "elapsed": 17075.968899, "delta": 1680.546754}}
{"target": 0.7715469205379486, "params": {"dim_hidden_a2c": 8.854658562549812, "dim_hidden_lstm": 6.766439307852023, "embedding_learning_rate": -3.686673788689307, "embedding_size": 7.396176549998106, "entropy_error_coef": 0.07184141045589465, "lstm_learning_rate": -2.823517731422446, "value_error_coef": 0.3746504098789625}, "datetime": {"datetime": "2022-10-18 14:59:52", "elapsed": 18653.979519, "delta": 1578.01062}}
{"target": 0.29929688408970834, "params": {"dim_hidden_a2c": 5.549484584926011, "dim_hidden_lstm": 8.972403195982789, "embedding_learning_rate": -4.096976718675916, "embedding_size": 7.707900149684013, "entropy_error_coef": 0.06351781078801523, "lstm_learning_rate": -2.8349556807031715, "value_error_coef": 0.05931477389076329}, "datetime": {"datetime": "2022-10-18 15:35:50", "elapsed": 20811.435222, "delta": 2157.455703}}
{"target": 0.7017031329870224, "params": {"dim_hidden_a2c": 8.872131110486077, "dim_hidden_lstm": 6.54510567853151, "embedding_learning_rate": -3.773852176739934, "embedding_size": 7.5602078957440515, "entropy_error_coef": 0.23743384381483323, "lstm_learning_rate": -2.690878176312547, "value_error_coef": 0.3963201532188596}, "datetime": {"datetime": "2022-10-18 16:01:33", "elapsed": 22355.191757, "delta": 1543.756535}}
{"target": 0.6249062472581863, "params": {"dim_hidden_a2c": 8.611010654726021, "dim_hidden_lstm": 7.506120486401658, "embedding_learning_rate": -3.2279313163655288, "embedding_size": 7.863205263461172, "entropy_error_coef": 0.2888437258503265, "lstm_learning_rate": -3.0610646913411195, "value_error_coef": 0.49573808114351814}, "datetime": {"datetime": "2022-10-18 16:30:13", "elapsed": 24074.99299, "delta": 1719.801233}}
{"target": 0.5451406419277192, "params": {"dim_hidden_a2c": 8.57409969323237, "dim_hidden_lstm": 6.948145667102137, "embedding_learning_rate": -3.2996368519364876, "embedding_size": 6.711712895062158, "entropy_error_coef": 0.4127402035721635, "lstm_learning_rate": -2.920229437883759, "value_error_coef": 0.5497103530471784}, "datetime": {"datetime": "2022-10-18 16:57:10", "elapsed": 25691.592821, "delta": 1616.599831}}
{"target": 0.5451406419277192, "params": {"dim_hidden_a2c": 8.57409969323237, "dim_hidden_lstm": 6.948145667102137, "embedding_learning_rate": -3.2996368519364876, "embedding_size": 6.711712895062158, "entropy_error_coef": 0.4127402035721635, "lstm_learning_rate": -2.920229437883759, "value_error_coef": 0.5497103530471784}, "datetime": {"datetime": "2022-10-18 17:13:00", "elapsed": 0.0, "delta": 0.0}}
{"target": 0.5377031397819519, "params": {"dim_hidden_a2c": 8.654786145992226, "dim_hidden_lstm": 7.4151782470877965, "embedding_learning_rate": -3.2649581066398925, "embedding_size": 7.743906740348078, "entropy_error_coef": 0.39248783955421923, "lstm_learning_rate": -3.0387412293118095, "value_error_coef": 0.37021903228064423}, "datetime": {"datetime": "2022-10-18 17:52:37", "elapsed": 2376.571007, "delta": 2376.571007}}
{"target": 0.2990937465429306, "params": {"dim_hidden_a2c": 8.063842151397138, "dim_hidden_lstm": 5.449815205168678, "embedding_learning_rate": -3.4293301110008962, "embedding_size": 8.076017729415675, "entropy_error_coef": 0.3440854002180392, "lstm_learning_rate": -4.5924786587144455, "value_error_coef": 0.15341714586043034}, "datetime": {"datetime": "2022-10-18 18:15:56", "elapsed": 3775.739973, "delta": 1399.168966}}
{"target": 0.586031249165535, "params": {"dim_hidden_a2c": 8.570209673457217, "dim_hidden_lstm": 5.30029924914609, "embedding_learning_rate": -4.6861805309791045, "embedding_size": 8.289864902307087, "entropy_error_coef": 0.32791065772532724, "lstm_learning_rate": -2.806922544824038, "value_error_coef": 0.49646314305257766}, "datetime": {"datetime": "2022-10-18 18:55:08", "elapsed": 6127.613685, "delta": 2351.873712}}
{"target": 0.6612499988079071, "params": {"dim_hidden_a2c": 8.802870534279416, "dim_hidden_lstm": 6.889692765842275, "embedding_learning_rate": -3.2874869606977084, "embedding_size": 7.017841135051643, "entropy_error_coef": 0.27900148085806087, "lstm_learning_rate": -2.937956740450721, "value_error_coef": 0.07182657947342097}, "datetime": {"datetime": "2022-10-18 19:39:56", "elapsed": 8815.971271, "delta": 2688.357586}}
{"target": 0.7656875276565551, "params": {"dim_hidden_a2c": 8.816987203732072, "dim_hidden_lstm": 5.413281467434526, "embedding_learning_rate": -4.68437836495213, "embedding_size": 7.993284748504697, "entropy_error_coef": 0.008831599214425334, "lstm_learning_rate": -2.7568181788755117, "value_error_coef": 0.2964832159178853}, "datetime": {"datetime": "2022-10-18 20:20:43", "elapsed": 11263.070087, "delta": 2447.098816}}
{"target": 0.6555156224966049, "params": {"dim_hidden_a2c": 8.334985608934623, "dim_hidden_lstm": 6.7446180305515835, "embedding_learning_rate": -3.6098244752839657, "embedding_size": 7.436517049259216, "entropy_error_coef": 0.2713078792727202, "lstm_learning_rate": -3.0873907330245904, "value_error_coef": 0.4448604099383603}, "datetime": {"datetime": "2022-10-18 20:56:31", "elapsed": 13411.247885, "delta": 2148.177798}}
{"target": 0.7374531424045563, "params": {"dim_hidden_a2c": 8.662791543565058, "dim_hidden_lstm": 7.361917484915498, "embedding_learning_rate": -3.319527383744123, "embedding_size": 6.829021366261573, "entropy_error_coef": 0.21539081017591638, "lstm_learning_rate": -2.794337814871906, "value_error_coef": 0.2538428587864556}, "datetime": {"datetime": "2022-10-18 21:25:07", "elapsed": 15126.647313, "delta": 1715.399428}}
{"target": 0.7692812895774841, "params": {"dim_hidden_a2c": 8.901273986248663, "dim_hidden_lstm": 6.609814227184604, "embedding_learning_rate": -3.8963352889259064, "embedding_size": 7.146815686531271, "entropy_error_coef": 0.10940610477327184, "lstm_learning_rate": -2.8575882660273777, "value_error_coef": 0.4073191931108473}, "datetime": {"datetime": "2022-10-18 21:51:13", "elapsed": 16693.01807, "delta": 1566.370757}}
{"target": 0.7786406630277634, "params": {"dim_hidden_a2c": 8.242444326106606, "dim_hidden_lstm": 7.755160778133158, "embedding_learning_rate": -2.8375199886936624, "embedding_size": 7.097968163581136, "entropy_error_coef": 0.07096139157839088, "lstm_learning_rate": -3.2886610869329216, "value_error_coef": 0.5799812082644689}, "datetime": {"datetime": "2022-10-18 22:18:19", "elapsed": 18319.473721, "delta": 1626.455651}}
{"target": 0.4809375068545341, "params": {"dim_hidden_a2c": 6.864473933307689, "dim_hidden_lstm": 5.947113611172155, "embedding_learning_rate": -4.4203315935308645, "embedding_size": 5.392603426634021, "entropy_error_coef": 0.463907431745775, "lstm_learning_rate": -3.710251273088494, "value_error_coef": 0.4477381275554925}, "datetime": {"datetime": "2022-10-18 22:35:05", "elapsed": 19325.24941, "delta": 1005.775689}}
{"target": 0.4809375068545341, "params": {"dim_hidden_a2c": 6.864473933307689, "dim_hidden_lstm": 5.947113611172155, "embedding_learning_rate": -4.4203315935308645, "embedding_size": 5.392603426634021, "entropy_error_coef": 0.463907431745775, "lstm_learning_rate": -3.710251273088494, "value_error_coef": 0.4477381275554925}, "datetime": {"datetime": "2022-10-19 14:50:44", "elapsed": 0.0, "delta": 0.0}}
{"target": 0.5458906510472298, "params": {"dim_hidden_a2c": 8.424792330006664, "dim_hidden_lstm": 6.466590952500471, "embedding_learning_rate": -3.721136955219523, "embedding_size": 7.498487457438244, "entropy_error_coef": 0.41997242008658503, "lstm_learning_rate": -3.141886931299863, "value_error_coef": 0.5844608188106015}, "datetime": {"datetime": "2022-10-19 15:50:21", "elapsed": 3576.253845, "delta": 3576.253845}}
{"target": 0.30107811987400057, "params": {"dim_hidden_a2c": 8.06741692315269, "dim_hidden_lstm": 5.463371786839702, "embedding_learning_rate": -3.423872133035116, "embedding_size": 8.079546008037113, "entropy_error_coef": 0.3446807689460915, "lstm_learning_rate": -4.5825791321550335, "value_error_coef": 0.1556952312709281}, "datetime": {"datetime": "2022-10-19 16:50:03", "elapsed": 7158.272251, "delta": 3582.018406}}
{"target": 0.7619844090938568, "params": {"dim_hidden_a2c": 8.183849864940639, "dim_hidden_lstm": 7.554704612602654, "embedding_learning_rate": -2.9226289028336496, "embedding_size": 6.970025453628645, "entropy_error_coef": 0.14925853918421866, "lstm_learning_rate": -3.216493907710434, "value_error_coef": 0.7313010072994547}, "datetime": {"datetime": "2022-10-19 17:48:17", "elapsed": 10652.118928, "delta": 3493.846677}}
