{"target": 0.37904, "params": {"dim_hidden_a2c": 8.904194131248001, "dim_hidden_lstm": 7.773046925017473, "embedding_learning_rate": -4.00304942397255, "embedding_size": 5.840516286576923, "entropy_error_coef": 0.42526872951689115, "lstm_learning_rate": -4.4330771349397295, "value_error_coef": 0.2113427779632629}, "datetime": {"datetime": "2022-10-21 04:26:11", "elapsed": 16904.491769, "delta": 232.642755}}
{"target": 0.5791, "params": {"dim_hidden_a2c": 6.711036898560737, "dim_hidden_lstm": 5.634260199670793, "embedding_learning_rate": -4.140966520445829, "embedding_size": 8.967840879275101, "entropy_error_coef": 0.44336221032360373, "lstm_learning_rate": -3.130905975065585, "value_error_coef": 0.5712916165040911}, "datetime": {"datetime": "2022-10-21 04:29:36", "elapsed": 17108.608733, "delta": 204.116964}}
{"target": 0.40381, "params": {"dim_hidden_a2c": 6.1956596385838765, "dim_hidden_lstm": 8.81902694072991, "embedding_learning_rate": -4.278820625553148, "embedding_size": 6.518694524101902, "entropy_error_coef": 0.23715362373517873, "lstm_learning_rate": -4.659784409523124, "value_error_coef": 0.02018285276338533}, "datetime": {"datetime": "2022-10-21 04:33:45", "elapsed": 17358.389618, "delta": 249.780885}}
{"target": 0.38377, "params": {"dim_hidden_a2c": 5.384535388930141, "dim_hidden_lstm": 6.992789394777628, "embedding_learning_rate": -3.961914138200349, "embedding_size": 5.534675033544743, "entropy_error_coef": 0.17067829647112157, "lstm_learning_rate": -4.151933922110686, "value_error_coef": 0.5224599603646416}, "datetime": {"datetime": "2022-10-21 04:36:58", "elapsed": 17550.852958, "delta": 192.46334}}
{"target": 0.69571, "params": {"dim_hidden_a2c": 8.66957633022159, "dim_hidden_lstm": 8.09526250229097, "embedding_learning_rate": -3.2935537036426235, "embedding_size": 6.628862154121702, "entropy_error_coef": 0.36983072569914516, "lstm_learning_rate": -3.5926724229246174, "value_error_coef": 0.20828469505556083}, "datetime": {"datetime": "2022-10-21 04:40:47", "elapsed": 17779.863934, "delta": 229.010976}}
{"target": 0.59112, "params": {"dim_hidden_a2c": 6.0945446388666635, "dim_hidden_lstm": 7.615936289588285, "embedding_learning_rate": -2.447057914246653, "embedding_size": 8.188147930935848, "entropy_error_coef": 0.12340900758041157, "lstm_learning_rate": -2.68758180451111, "value_error_coef": 0.29974827568021256}, "datetime": {"datetime": "2022-10-21 04:44:30", "elapsed": 18003.136379, "delta": 223.272445}}
{"target": 0.43947, "params": {"dim_hidden_a2c": 5.134459714949115, "dim_hidden_lstm": 5.448784813961712, "embedding_learning_rate": -3.1479623731678448, "embedding_size": 6.064148632911581, "entropy_error_coef": 0.2533991020331195, "lstm_learning_rate": -2.6022993133423844, "value_error_coef": 0.02201033776019934}, "datetime": {"datetime": "2022-10-21 04:46:45", "elapsed": 18138.055252, "delta": 134.918873}}
{"target": 0.61714, "params": {"dim_hidden_a2c": 8.52807859678692, "dim_hidden_lstm": 8.888202177126738, "embedding_learning_rate": -4.167924656156631, "embedding_size": 5.743549221360276, "entropy_error_coef": 0.29139445183269375, "lstm_learning_rate": -3.876535865666035, "value_error_coef": 0.4162891224819973}, "datetime": {"datetime": "2022-10-21 04:54:44", "elapsed": 18616.951833, "delta": 478.896581}}
{"target": 0.22022, "params": {"dim_hidden_a2c": 7.396819783798268, "dim_hidden_lstm": 5.00326801244773, "embedding_learning_rate": -4.199063395515739, "embedding_size": 6.780517144591849, "entropy_error_coef": 0.2722331557379518, "lstm_learning_rate": -2.509954672834202, "value_error_coef": 0.6705297666300141}, "datetime": {"datetime": "2022-10-21 04:57:11", "elapsed": 18764.327338, "delta": 147.375505}}
{"target": 0.39429, "params": {"dim_hidden_a2c": 7.0675412244438265, "dim_hidden_lstm": 6.713189584225231, "embedding_learning_rate": -3.79008163583923, "embedding_size": 6.122894227750264, "entropy_error_coef": 0.14794477037117154, "lstm_learning_rate": -4.793322859110794, "value_error_coef": 0.6763496938890163}, "datetime": {"datetime": "2022-10-21 05:00:15", "elapsed": 18947.54791, "delta": 183.220572}}
{"target": 0.74153, "params": {"dim_hidden_a2c": 6.414786485050916, "dim_hidden_lstm": 8.570469624174494, "embedding_learning_rate": -3.832507540706305, "embedding_size": 8.030964036777371, "entropy_error_coef": 0.09318453229368312, "lstm_learning_rate": -3.2706064173568934, "value_error_coef": 0.34388294769665784}, "datetime": {"datetime": "2022-10-21 05:04:16", "elapsed": 19189.173073, "delta": 241.625163}}
{"target": 0.41536, "params": {"dim_hidden_a2c": 5.383189480003346, "dim_hidden_lstm": 5.205126037238191, "embedding_learning_rate": -2.068154121279273, "embedding_size": 6.236449154764678, "entropy_error_coef": 0.46209332132249886, "lstm_learning_rate": -4.8176420133056315, "value_error_coef": 0.5678569404333096}, "datetime": {"datetime": "2022-10-21 05:06:30", "elapsed": 19323.095834, "delta": 133.922761}}
{"target": 0.39741, "params": {"dim_hidden_a2c": 5.3230334360855895, "dim_hidden_lstm": 5.120416661431923, "embedding_learning_rate": -3.3903603569430274, "embedding_size": 8.101379252195338, "entropy_error_coef": 0.17328352246969586, "lstm_learning_rate": -4.418422133959034, "value_error_coef": 0.7400596029285877}, "datetime": {"datetime": "2022-10-21 05:09:21", "elapsed": 19494.101922, "delta": 171.006088}}
{"target": 0.41323, "params": {"dim_hidden_a2c": 6.948951294424422, "dim_hidden_lstm": 5.184022503737214, "embedding_learning_rate": -2.382390553901402, "embedding_size": 5.569872620129884, "entropy_error_coef": 0.4348401007045449, "lstm_learning_rate": -4.98178954688613, "value_error_coef": 0.36485901052917347}, "datetime": {"datetime": "2022-10-21 05:11:39", "elapsed": 19632.371776, "delta": 138.269854}}
{"target": 0.39208, "params": {"dim_hidden_a2c": 6.560634218122244, "dim_hidden_lstm": 5.968594974917133, "embedding_learning_rate": -3.770452762798986, "embedding_size": 7.632720708957715, "entropy_error_coef": 0.03915563924758231, "lstm_learning_rate": -4.279856611036448, "value_error_coef": 0.6194714814673424}, "datetime": {"datetime": "2022-10-21 05:14:30", "elapsed": 19802.593172, "delta": 170.221396}}
{"target": 0.74362, "params": {"dim_hidden_a2c": 6.881400517037344, "dim_hidden_lstm": 8.487806639448104, "embedding_learning_rate": -2.9763528248303106, "embedding_size": 5.089562926833267, "entropy_error_coef": 0.1166405359682372, "lstm_learning_rate": -2.785150051014689, "value_error_coef": 0.09572794145401115}, "datetime": {"datetime": "2022-10-21 05:18:11", "elapsed": 20024.223114, "delta": 221.629942}}
{"target": 0.68582, "params": {"dim_hidden_a2c": 5.704350691062771, "dim_hidden_lstm": 7.14136784643399, "embedding_learning_rate": -4.104165181580863, "embedding_size": 6.587772949299091, "entropy_error_coef": 0.3896799093047744, "lstm_learning_rate": -3.2442028995673913, "value_error_coef": 0.7017156004099554}, "datetime": {"datetime": "2022-10-21 05:21:24", "elapsed": 20216.782547, "delta": 192.559433}}
{"target": 0.41014, "params": {"dim_hidden_a2c": 6.3985321424553305, "dim_hidden_lstm": 6.327770976945297, "embedding_learning_rate": -3.383585053594917, "embedding_size": 7.806162971884209, "entropy_error_coef": 0.23510703075912026, "lstm_learning_rate": -3.8139973931954008, "value_error_coef": 0.24803927037715462}, "datetime": {"datetime": "2022-10-21 05:24:37", "elapsed": 20410.447101, "delta": 193.664554}}
{"target": 0.22416, "params": {"dim_hidden_a2c": 8.311888548549815, "dim_hidden_lstm": 5.223688391314905, "embedding_learning_rate": -4.7234576490428015, "embedding_size": 6.300271810939627, "entropy_error_coef": 0.19897851251820603, "lstm_learning_rate": -2.3959632662848476, "value_error_coef": 0.20262744926059717}, "datetime": {"datetime": "2022-10-21 05:27:07", "elapsed": 20560.052359, "delta": 149.605258}}
{"target": 0.42766, "params": {"dim_hidden_a2c": 5.833907021555334, "dim_hidden_lstm": 5.3857690181179585, "embedding_learning_rate": -2.760054342820282, "embedding_size": 8.986353434846977, "entropy_error_coef": 0.3592047609023927, "lstm_learning_rate": -2.1190147664107886, "value_error_coef": 0.4464939394488399}, "datetime": {"datetime": "2022-10-21 05:30:54", "elapsed": 20786.760629, "delta": 226.70827}}
{"target": 0.6827, "params": {"dim_hidden_a2c": 8.956594840351572, "dim_hidden_lstm": 8.658393460993908, "embedding_learning_rate": -3.8893601320315034, "embedding_size": 8.48448270107427, "entropy_error_coef": 0.3975211761343002, "lstm_learning_rate": -3.198579573382602, "value_error_coef": 0.5923282745516085}, "datetime": {"datetime": "2022-10-21 05:37:01", "elapsed": 21153.876575, "delta": 367.115946}}
{"target": 0.40018, "params": {"dim_hidden_a2c": 6.816348486472832, "dim_hidden_lstm": 5.783950206774745, "embedding_learning_rate": -3.9672954864956527, "embedding_size": 8.61279886286852, "entropy_error_coef": 0.4284096959227161, "lstm_learning_rate": -3.8655479059566837, "value_error_coef": 0.33732533656866615}, "datetime": {"datetime": "2022-10-21 05:40:40", "elapsed": 21372.820632, "delta": 218.944057}}
{"target": 0.4278, "params": {"dim_hidden_a2c": 8.126426251987965, "dim_hidden_lstm": 7.605210541784592, "embedding_learning_rate": -2.65538115062333, "embedding_size": 5.995630348777853, "entropy_error_coef": 0.17949336015632822, "lstm_learning_rate": -4.467032504215296, "value_error_coef": 0.6488538264878094}, "datetime": {"datetime": "2022-10-21 05:44:13", "elapsed": 21585.893073, "delta": 213.072441}}
{"target": 0.39962, "params": {"dim_hidden_a2c": 5.132340564086336, "dim_hidden_lstm": 8.80203678201592, "embedding_learning_rate": -2.5211704753415374, "embedding_size": 8.767676342397964, "entropy_error_coef": 0.13866652155238984, "lstm_learning_rate": -2.323203263701382, "value_error_coef": 0.7357407143235797}, "datetime": {"datetime": "2022-10-21 05:48:19", "elapsed": 21832.025768, "delta": 246.132695}}
{"target": 0.39556, "params": {"dim_hidden_a2c": 7.887371460622181, "dim_hidden_lstm": 7.713022631607678, "embedding_learning_rate": -3.9847291267252296, "embedding_size": 5.625522378901331, "entropy_error_coef": 0.020765970406918438, "lstm_learning_rate": -4.924101254901906, "value_error_coef": 0.37008985765792535}, "datetime": {"datetime": "2022-10-21 05:51:52", "elapsed": 22045.088654, "delta": 213.062886}}
{"target": 0.27802, "params": {"dim_hidden_a2c": 5.4794104994645405, "dim_hidden_lstm": 6.149683238479199, "embedding_learning_rate": -4.707062179573516, "embedding_size": 6.322049021880801, "entropy_error_coef": 0.016777179521745234, "lstm_learning_rate": -2.9177495475813653, "value_error_coef": 0.23814656428319603}, "datetime": {"datetime": "2022-10-21 05:54:20", "elapsed": 22193.086472, "delta": 147.997818}}
{"target": 0.41837, "params": {"dim_hidden_a2c": 5.523532452891972, "dim_hidden_lstm": 8.907571317770262, "embedding_learning_rate": -2.8813986041601023, "embedding_size": 8.020668410160685, "entropy_error_coef": 0.2763760530232395, "lstm_learning_rate": -4.793010370894276, "value_error_coef": 0.6197491838280655}, "datetime": {"datetime": "2022-10-21 05:58:40", "elapsed": 22453.233368, "delta": 260.146896}}
{"target": 0.54127, "params": {"dim_hidden_a2c": 5.938629385648314, "dim_hidden_lstm": 6.052888322403447, "embedding_learning_rate": -2.157008800949882, "embedding_size": 8.118076551424652, "entropy_error_coef": 0.1460190509510968, "lstm_learning_rate": -2.211654216199063, "value_error_coef": 0.5922893174197006}, "datetime": {"datetime": "2022-10-21 06:02:47", "elapsed": 22699.539976, "delta": 246.306608}}
{"target": 0.41981, "params": {"dim_hidden_a2c": 8.547471351537576, "dim_hidden_lstm": 5.366123246729641, "embedding_learning_rate": -2.3084899316592633, "embedding_size": 7.022011685343356, "entropy_error_coef": 0.4269929826743725, "lstm_learning_rate": -4.463146780430153, "value_error_coef": 0.5412816584167512}, "datetime": {"datetime": "2022-10-21 06:05:18", "elapsed": 22850.551908, "delta": 151.011932}}
{"target": 0.4987, "params": {"dim_hidden_a2c": 8.25176688793467, "dim_hidden_lstm": 6.710973132608217, "embedding_learning_rate": -3.2746574160807222, "embedding_size": 5.144239139451582, "entropy_error_coef": 0.07308678101925342, "lstm_learning_rate": -2.665354195748347, "value_error_coef": 0.45172824116724347}, "datetime": {"datetime": "2022-10-21 06:08:22", "elapsed": 23034.638542, "delta": 184.086634}}
{"target": 0.43927, "params": {"dim_hidden_a2c": 6.724248871672787, "dim_hidden_lstm": 7.99443019036976, "embedding_learning_rate": -2.2816760717662903, "embedding_size": 6.635920070771412, "entropy_error_coef": 0.04404282579158508, "lstm_learning_rate": -4.853593162735532, "value_error_coef": 0.09891602292668955}, "datetime": {"datetime": "2022-10-21 06:11:59", "elapsed": 23252.304307, "delta": 217.665765}}
{"target": 0.38246, "params": {"dim_hidden_a2c": 8.35127402632506, "dim_hidden_lstm": 5.5548549421462905, "embedding_learning_rate": -4.080469936516321, "embedding_size": 6.423485412513091, "entropy_error_coef": 0.47440491316829986, "lstm_learning_rate": -3.9071783191852933, "value_error_coef": 0.5042350343182425}, "datetime": {"datetime": "2022-10-21 06:14:29", "elapsed": 23402.382341, "delta": 150.078034}}
{"target": 0.26149, "params": {"dim_hidden_a2c": 6.584828918177708, "dim_hidden_lstm": 8.672923274043011, "embedding_learning_rate": -4.413462725336714, "embedding_size": 5.844825186803039, "entropy_error_coef": 0.4024769039085975, "lstm_learning_rate": -2.37806326235382, "value_error_coef": 0.1747324834152956}, "datetime": {"datetime": "2022-10-21 06:19:02", "elapsed": 23674.586704, "delta": 272.204363}}
{"target": 0.72769, "params": {"dim_hidden_a2c": 8.106139044304172, "dim_hidden_lstm": 8.52173587195124, "embedding_learning_rate": -3.756623544409299, "embedding_size": 7.987451010220813, "entropy_error_coef": 0.045456913200292215, "lstm_learning_rate": -3.57266618558401, "value_error_coef": 0.4338390271876773}, "datetime": {"datetime": "2022-10-21 06:22:52", "elapsed": 23905.164305, "delta": 230.577601}}
{"target": 0.51498, "params": {"dim_hidden_a2c": 8.214288371972598, "dim_hidden_lstm": 7.27803935696244, "embedding_learning_rate": -3.492922835909296, "embedding_size": 6.211837116959061, "entropy_error_coef": 0.02630714435815873, "lstm_learning_rate": -2.5267369327990044, "value_error_coef": 0.5006906560141652}, "datetime": {"datetime": "2022-10-21 06:26:16", "elapsed": 24108.903074, "delta": 203.738769}}
{"target": 0.40653, "params": {"dim_hidden_a2c": 8.025502428719614, "dim_hidden_lstm": 8.33871533986225, "embedding_learning_rate": -4.01876004374713, "embedding_size": 5.824151055800407, "entropy_error_coef": 0.3721276167179472, "lstm_learning_rate": -4.11079435132769, "value_error_coef": 0.7296980327864905}, "datetime": {"datetime": "2022-10-21 06:29:54", "elapsed": 24327.511603, "delta": 218.608529}}
{"target": 0.4252, "params": {"dim_hidden_a2c": 6.507164665253068, "dim_hidden_lstm": 8.626761460402866, "embedding_learning_rate": -3.8248999063272766, "embedding_size": 7.991450203851006, "entropy_error_coef": 0.29491386941758485, "lstm_learning_rate": -4.051938237536739, "value_error_coef": 0.002968886005859539}, "datetime": {"datetime": "2022-10-21 06:34:33", "elapsed": 24606.040879, "delta": 278.529276}}
{"target": 0.40218, "params": {"dim_hidden_a2c": 7.531831224003376, "dim_hidden_lstm": 7.979407355981353, "embedding_learning_rate": -4.096227862044178, "embedding_size": 5.9160611208140566, "entropy_error_coef": 0.4601062752329411, "lstm_learning_rate": -4.306919603308231, "value_error_coef": 0.500543018702107}, "datetime": {"datetime": "2022-10-21 06:39:05", "elapsed": 24878.196326, "delta": 272.155447}}
{"target": 0.755, "params": {"dim_hidden_a2c": 6.1618228090058444, "dim_hidden_lstm": 7.3504760018296444, "embedding_learning_rate": -2.9482100977952133, "embedding_size": 5.897792753770354, "entropy_error_coef": 0.057360990631806996, "lstm_learning_rate": -3.0766144080448754, "value_error_coef": 0.44936121656373684}, "datetime": {"datetime": "2022-10-21 06:43:18", "elapsed": 25130.785081, "delta": 252.588755}}
{"target": 0.2066, "params": {"dim_hidden_a2c": 7.4129614487023545, "dim_hidden_lstm": 8.9416784065074, "embedding_learning_rate": -2.962738783466045, "embedding_size": 5.034161011377481, "entropy_error_coef": 0.0964435493007979, "lstm_learning_rate": -2.0642917201112754, "value_error_coef": 0.029747498885609208}, "datetime": {"datetime": "2022-10-21 06:47:31", "elapsed": 25383.544294, "delta": 252.759213}}
{"target": 0.33089, "params": {"dim_hidden_a2c": 7.018180013674479, "dim_hidden_lstm": 5.437955482636628, "embedding_learning_rate": -4.251231575000137, "embedding_size": 5.316643092903306, "entropy_error_coef": 0.17978865100391367, "lstm_learning_rate": -3.8870525673579084, "value_error_coef": 0.29106754368484933}, "datetime": {"datetime": "2022-10-21 06:49:55", "elapsed": 25527.556659, "delta": 144.012365}}
{"target": 0.61604, "params": {"dim_hidden_a2c": 6.667487676761898, "dim_hidden_lstm": 5.858825733065648, "embedding_learning_rate": -2.5183637833932466, "embedding_size": 5.558337935110041, "entropy_error_coef": 0.45451703395005894, "lstm_learning_rate": -2.8197164413908693, "value_error_coef": 0.1752383111865362}, "datetime": {"datetime": "2022-10-21 06:52:19", "elapsed": 25672.202529, "delta": 144.64587}}
{"target": 0.60686, "params": {"dim_hidden_a2c": 5.112302013239673, "dim_hidden_lstm": 7.569196135368452, "embedding_learning_rate": -3.710563184731988, "embedding_size": 5.677203265559961, "entropy_error_coef": 0.3683355818532216, "lstm_learning_rate": -2.7437742822144378, "value_error_coef": 0.21614498978270838}, "datetime": {"datetime": "2022-10-21 06:57:13", "elapsed": 25966.038491, "delta": 293.835962}}
{"target": 0.44002, "params": {"dim_hidden_a2c": 5.919336907007959, "dim_hidden_lstm": 6.257219874277035, "embedding_learning_rate": -4.695797642657931, "embedding_size": 6.069324391067535, "entropy_error_coef": 0.3226015148895547, "lstm_learning_rate": -3.169584810042042, "value_error_coef": 0.2201044412970552}, "datetime": {"datetime": "2022-10-21 06:59:48", "elapsed": 26120.695556, "delta": 154.657065}}
{"target": 0.44254, "params": {"dim_hidden_a2c": 6.276631854782407, "dim_hidden_lstm": 6.555071581572548, "embedding_learning_rate": -2.2569698567970775, "embedding_size": 7.838037463888321, "entropy_error_coef": 0.09819297968781732, "lstm_learning_rate": -3.7850459910056107, "value_error_coef": 0.7106290522203875}, "datetime": {"datetime": "2022-10-21 07:03:11", "elapsed": 26324.059457, "delta": 203.363901}}
{"target": 0.54504, "params": {"dim_hidden_a2c": 8.75729040402881, "dim_hidden_lstm": 5.1682845037539895, "embedding_learning_rate": -2.2077928006288348, "embedding_size": 7.676334104736137, "entropy_error_coef": 0.03170128604279565, "lstm_learning_rate": -3.6146201580665402, "value_error_coef": 0.6927119561131213}, "datetime": {"datetime": "2022-10-21 07:06:04", "elapsed": 26497.453543, "delta": 173.394086}}
{"target": 0.7276, "params": {"dim_hidden_a2c": 5.764206174349719, "dim_hidden_lstm": 7.772348472096369, "embedding_learning_rate": -3.731269600843414, "embedding_size": 8.144627055411263, "entropy_error_coef": 0.18887756130052147, "lstm_learning_rate": -3.0060351314934355, "value_error_coef": 0.17561579125089447}, "datetime": {"datetime": "2022-10-21 07:09:50", "elapsed": 26723.399958, "delta": 225.946415}}
{"target": 0.5843, "params": {"dim_hidden_a2c": 5.888747328140582, "dim_hidden_lstm": 6.162253442679489, "embedding_learning_rate": -4.497020777196946, "embedding_size": 6.84424613652725, "entropy_error_coef": 0.09451656195216507, "lstm_learning_rate": -3.1317752732071127, "value_error_coef": 0.6007432567688802}, "datetime": {"datetime": "2022-10-21 07:12:27", "elapsed": 26880.402791, "delta": 157.002833}}
{"target": 0.4043, "params": {"dim_hidden_a2c": 5.219014766895027, "dim_hidden_lstm": 5.773841607743701, "embedding_learning_rate": -3.5415206735360667, "embedding_size": 5.018012975632622, "entropy_error_coef": 0.464035125481397, "lstm_learning_rate": -4.80456187630884, "value_error_coef": 0.18221933770555726}, "datetime": {"datetime": "2022-10-21 07:14:55", "elapsed": 27028.37715, "delta": 147.974359}}
{"target": 0.65308, "params": {"dim_hidden_a2c": 7.680408464167769, "dim_hidden_lstm": 7.384714610026301, "embedding_learning_rate": -3.048266020561413, "embedding_size": 6.375859152868799, "entropy_error_coef": 0.4672314721563028, "lstm_learning_rate": -3.2493868699830832, "value_error_coef": 0.40171990879182906}, "datetime": {"datetime": "2022-10-21 07:18:33", "elapsed": 27246.47185, "delta": 218.0947}}
{"target": 0.41446, "params": {"dim_hidden_a2c": 8.95151768854024, "dim_hidden_lstm": 8.758459080236824, "embedding_learning_rate": -3.9572418185853246, "embedding_size": 7.4874037835339, "entropy_error_coef": 0.11638400907377194, "lstm_learning_rate": -4.891664759253232, "value_error_coef": 0.3793464313939587}, "datetime": {"datetime": "2022-10-21 07:22:51", "elapsed": 27503.579515, "delta": 257.107665}}
{"target": 0.42911, "params": {"dim_hidden_a2c": 5.915840675451722, "dim_hidden_lstm": 5.987532254201133, "embedding_learning_rate": -3.9546119546184646, "embedding_size": 8.684037549874228, "entropy_error_coef": 0.22984691745524777, "lstm_learning_rate": -4.467980949910839, "value_error_coef": 0.7197560374566918}, "datetime": {"datetime": "2022-10-21 07:26:09", "elapsed": 27701.545529, "delta": 197.966014}}
{"target": 0.41563, "params": {"dim_hidden_a2c": 5.713105263380147, "dim_hidden_lstm": 5.0964020805869374, "embedding_learning_rate": -2.0153897327425048, "embedding_size": 6.1762908999492545, "entropy_error_coef": 0.2273225939956739, "lstm_learning_rate": -4.458085439863816, "value_error_coef": 0.4902988353338461}, "datetime": {"datetime": "2022-10-21 07:28:27", "elapsed": 27839.652968, "delta": 138.107439}}
