{"target": 0.29044, "params": {"dim_hidden_lstm": 6.08511002351287, "lstm_learning_rate": -3.559351013115684, "value_error_coef": 8.578111300866498e-05}, "datetime": {"datetime": "2022-11-07 14:57:30", "elapsed": 0.0, "delta": 0.0}}
{"target": 0.29684, "params": {"dim_hidden_lstm": 5.511662863159199, "lstm_learning_rate": -4.706488218365774, "value_error_coef": 0.06925394607659835}, "datetime": {"datetime": "2022-11-07 15:28:42", "elapsed": 1872.373327, "delta": 1872.373327}}
{"target": 0.29734, "params": {"dim_hidden_lstm": 4.931301056888355, "lstm_learning_rate": -4.308878545913904, "value_error_coef": 0.29757560567300245}, "datetime": {"datetime": "2022-11-07 15:55:08", "elapsed": 3458.931498, "delta": 1586.558171}}
{"target": 0.28731, "params": {"dim_hidden_lstm": 6.694083670016784, "lstm_learning_rate": -4.161610971193411, "value_error_coef": 0.5139146252975696}, "datetime": {"datetime": "2022-11-07 16:21:00", "elapsed": 5010.443605, "delta": 1551.512107}}
{"target": 0.32763, "params": {"dim_hidden_lstm": 5.022261248657587, "lstm_learning_rate": -3.243765127218109, "value_error_coef": 0.020540694898444622}, "datetime": {"datetime": "2022-11-07 16:46:59", "elapsed": 6569.722714, "delta": 1559.279109}}
{"target": 0.32763, "params": {"dim_hidden_lstm": 5.022261248657587, "lstm_learning_rate": -3.243765127218109, "value_error_coef": 0.020540694898444622}, "datetime": {"datetime": "2022-11-08 00:52:16", "elapsed": 0.0, "delta": 0.0}}
{"target": 0.32763, "params": {"dim_hidden_lstm": 5.022261248657587, "lstm_learning_rate": -3.243765127218109, "value_error_coef": 0.020540694898444622}, "datetime": {"datetime": "2022-11-08 00:52:16", "elapsed": 0.002013, "delta": 0.002013}}
{"target": 0.32763, "params": {"dim_hidden_lstm": 5.022261248657587, "lstm_learning_rate": -3.243765127218109, "value_error_coef": 0.020540694898444622}, "datetime": {"datetime": "2022-11-08 00:52:16", "elapsed": 0.002997, "delta": 0.000984}}
{"target": 0.32763, "params": {"dim_hidden_lstm": 5.022261248657587, "lstm_learning_rate": -3.243765127218109, "value_error_coef": 0.020540694898444622}, "datetime": {"datetime": "2022-11-08 00:52:16", "elapsed": 0.003996, "delta": 0.000999}}
{"target": 0.32763, "params": {"dim_hidden_lstm": 5.022261248657587, "lstm_learning_rate": -3.243765127218109, "value_error_coef": 0.020540694898444622}, "datetime": {"datetime": "2022-11-08 00:52:16", "elapsed": 0.004996, "delta": 0.001}}
{"target": 0.31413, "params": {"dim_hidden_lstm": 4.8293165148228905, "lstm_learning_rate": -3.089972435511635, "value_error_coef": 0.0}, "datetime": {"datetime": "2022-11-08 01:43:09", "elapsed": 3052.75285, "delta": 3052.747854}}
{"target": 0.68644, "params": {"dim_hidden_lstm": 5.119354941372717, "lstm_learning_rate": -3.295363705959635, "value_error_coef": 0.27729322838991505}, "datetime": {"datetime": "2022-11-08 02:33:52", "elapsed": 6095.626137, "delta": 3042.873287}}
{"target": 0.30091, "params": {"dim_hidden_lstm": 6.9792222253132605, "lstm_learning_rate": -4.477950183398663, "value_error_coef": 0.5600467170128155}, "datetime": {"datetime": "2022-11-08 03:24:48", "elapsed": 9152.207441, "delta": 3056.581304}}
{"target": 0.30025, "params": {"dim_hidden_lstm": 5.137574340023347, "lstm_learning_rate": -4.688820005223565, "value_error_coef": 0.7104775883078754}, "datetime": {"datetime": "2022-11-08 04:15:35", "elapsed": 12199.03845, "delta": 3046.831009}}
{"target": 0.76003, "params": {"dim_hidden_lstm": 7.631280259406101, "lstm_learning_rate": -3.542775972298616, "value_error_coef": 0.1460160236867064}, "datetime": {"datetime": "2022-11-08 05:06:51", "elapsed": 15274.906148, "delta": 3075.867698}}
{"target": 0.74959, "params": {"dim_hidden_lstm": 7.596052062866836, "lstm_learning_rate": -3.529108222538321, "value_error_coef": 0.14484697214229506}, "datetime": {"datetime": "2022-11-08 05:58:08", "elapsed": 18352.118996, "delta": 3077.212848}}
{"target": 0.748, "params": {"dim_hidden_lstm": 8.777227877705977, "lstm_learning_rate": -3.6718571683159045, "value_error_coef": 0.35304047994688675}, "datetime": {"datetime": "2022-11-08 06:49:56", "elapsed": 21460.350722, "delta": 3108.231726}}
{"target": 0.65862, "params": {"dim_hidden_lstm": 6.443663614374266, "lstm_learning_rate": -3.317642652535452, "value_error_coef": 0.7343013287734328}, "datetime": {"datetime": "2022-11-08 07:40:52", "elapsed": 24516.397541, "delta": 3056.046819}}
{"target": 0.7585, "params": {"dim_hidden_lstm": 8.29565050705146, "lstm_learning_rate": -3.610778233257061, "value_error_coef": 0.26742061944824}, "datetime": {"datetime": "2022-11-08 08:32:35", "elapsed": 27618.492492, "delta": 3102.094951}}
{"target": 0.30631, "params": {"dim_hidden_lstm": 5.280274782440638, "lstm_learning_rate": -3.2297438301287054, "value_error_coef": 0.75}, "datetime": {"datetime": "2022-11-08 09:25:22", "elapsed": 30785.719573, "delta": 3167.227081}}
{"target": 0.76094, "params": {"dim_hidden_lstm": 7.385557631338293, "lstm_learning_rate": -3.9041779145925215, "value_error_coef": 0.2874068753540286}, "datetime": {"datetime": "2022-11-08 10:21:32", "elapsed": 34155.642565, "delta": 3369.922992}}
{"target": 0.75984, "params": {"dim_hidden_lstm": 8.781795712339695, "lstm_learning_rate": -3.646965173207788, "value_error_coef": 0.3619747198701936}, "datetime": {"datetime": "2022-11-08 11:18:52", "elapsed": 37595.571617, "delta": 3439.929052}}
{"target": 0.70053, "params": {"dim_hidden_lstm": 5.370002338420689, "lstm_learning_rate": -3.471303192348591, "value_error_coef": 0.05015290924523627}, "datetime": {"datetime": "2022-11-08 12:14:38", "elapsed": 40941.64912, "delta": 3346.077503}}
